<?xml version="1.0" encoding="UTF-8"?>
<coverage generated="1509213479379" clover="3.2.0">
  <project timestamp="1509213479379" name="All files">
    <metrics statements="769" coveredstatements="100" conditionals="490" coveredconditionals="44" methods="185" coveredmethods="18" elements="1444" coveredelements="162" complexity="0" loc="769" ncloc="769" packages="6" files="20" classes="20">
      <package name="src">
        <metrics statements="175" coveredstatements="29" conditionals="118" coveredconditionals="16" methods="39" coveredmethods="6"/>
        <file name="FieldsGroup.jsx" path="/Users/dmp/Code/react-panneau/src/FieldsGroup.jsx">
          <metrics statements="88" coveredstatements="0" conditionals="68" coveredconditionals="0" methods="21" coveredmethods="0"/>
          <line num="1" count="0" type="stmt"/>
          <line num="2" count="0" type="stmt"/>
          <line num="3" count="0" type="stmt"/>
          <line num="4" count="0" type="stmt"/>
          <line num="6" count="0" type="stmt"/>
          <line num="7" count="0" type="cond" truecount="0" falsecount="4"/>
          <line num="9" count="0" type="stmt"/>
          <line num="33" count="0" type="stmt"/>
          <line num="50" count="0" type="stmt"/>
          <line num="54" count="0" type="stmt"/>
          <line num="55" count="0" type="cond" truecount="0" falsecount="2"/>
          <line num="58" count="0" type="stmt"/>
          <line num="59" count="0" type="stmt"/>
          <line num="62" count="0" type="cond" truecount="0" falsecount="2"/>
          <line num="63" count="0" type="cond" truecount="0" falsecount="2"/>
          <line num="64" count="0" type="stmt"/>
          <line num="68" count="0" type="cond" truecount="0" falsecount="2"/>
          <line num="69" count="0" type="stmt"/>
          <line num="71" count="0" type="cond" truecount="0" falsecount="2"/>
          <line num="72" count="0" type="stmt"/>
          <line num="77" count="0" type="stmt"/>
          <line num="79" count="0" type="cond" truecount="0" falsecount="3"/>
          <line num="83" count="0" type="stmt"/>
          <line num="85" count="0" type="cond" truecount="0" falsecount="2"/>
          <line num="86" count="0" type="stmt"/>
          <line num="87" count="0" type="cond" truecount="0" falsecount="2"/>
          <line num="88" count="0" type="stmt"/>
          <line num="91" count="0" type="cond" truecount="0" falsecount="4"/>
          <line num="92" count="0" type="cond" truecount="0" falsecount="2"/>
          <line num="93" count="0" type="stmt"/>
          <line num="96" count="0" type="cond" truecount="0" falsecount="2"/>
          <line num="100" count="0" type="stmt"/>
          <line num="101" count="0" type="stmt"/>
          <line num="103" count="0" type="cond" truecount="0" falsecount="2"/>
          <line num="104" count="0" type="stmt"/>
          <line num="107" count="0" type="stmt"/>
          <line num="112" count="0" type="stmt"/>
          <line num="113" count="0" type="stmt"/>
          <line num="114" count="0" type="stmt"/>
          <line num="115" count="0" type="cond" truecount="0" falsecount="2"/>
          <line num="117" count="0" type="cond" truecount="0" falsecount="2"/>
          <line num="118" count="0" type="stmt"/>
          <line num="121" count="0" type="stmt"/>
          <line num="122" count="0" type="cond" truecount="0" falsecount="2"/>
          <line num="123" count="0" type="stmt"/>
          <line num="126" count="0" type="cond" truecount="0" falsecount="2"/>
          <line num="127" count="0" type="cond" truecount="0" falsecount="4"/>
          <line num="128" count="0" type="cond" truecount="0" falsecount="4"/>
          <line num="129" count="0" type="cond" truecount="0" falsecount="2"/>
          <line num="130" count="0" type="cond" truecount="0" falsecount="3"/>
          <line num="131" count="0" type="stmt"/>
          <line num="133" count="0" type="stmt"/>
          <line num="144" count="0" type="stmt"/>
          <line num="150" count="0" type="stmt"/>
          <line num="151" count="0" type="stmt"/>
          <line num="152" count="0" type="stmt"/>
          <line num="155" count="0" type="stmt"/>
          <line num="156" count="0" type="stmt"/>
          <line num="158" count="0" type="stmt"/>
          <line num="159" count="0" type="stmt"/>
          <line num="162" count="0" type="cond" truecount="0" falsecount="2"/>
          <line num="163" count="0" type="stmt"/>
          <line num="164" count="0" type="stmt"/>
          <line num="165" count="0" type="stmt"/>
          <line num="166" count="0" type="stmt"/>
          <line num="167" count="0" type="cond" truecount="0" falsecount="2"/>
          <line num="168" count="0" type="stmt"/>
          <line num="172" count="0" type="stmt"/>
          <line num="173" count="0" type="stmt"/>
          <line num="176" count="0" type="cond" truecount="0" falsecount="2"/>
          <line num="177" count="0" type="stmt"/>
          <line num="178" count="0" type="stmt"/>
          <line num="179" count="0" type="stmt"/>
          <line num="180" count="0" type="stmt"/>
          <line num="184" count="0" type="stmt"/>
          <line num="186" count="0" type="stmt"/>
          <line num="191" count="0" type="stmt"/>
          <line num="201" count="0" type="stmt"/>
          <line num="202" count="0" type="cond" truecount="0" falsecount="2"/>
          <line num="203" count="0" type="stmt"/>
          <line num="205" count="0" type="stmt"/>
          <line num="218" count="0" type="stmt"/>
          <line num="220" count="0" type="stmt"/>
          <line num="222" count="0" type="cond" truecount="0" falsecount="2"/>
          <line num="227" count="0" type="stmt"/>
          <line num="230" count="0" type="stmt"/>
          <line num="231" count="0" type="stmt"/>
          <line num="232" count="0" type="stmt"/>
        </file>
        <file name="FormGroup.jsx" path="/Users/dmp/Code/react-panneau/src/FormGroup.jsx">
          <metrics statements="40" coveredstatements="29" conditionals="32" coveredconditionals="16" methods="8" coveredmethods="6"/>
          <line num="7" count="2" type="stmt"/>
          <line num="30" count="2" type="stmt"/>
          <line num="52" count="3" type="stmt"/>
          <line num="53" count="3" type="stmt"/>
          <line num="54" count="3" type="stmt"/>
          <line num="56" count="3" type="stmt"/>
          <line num="62" count="0" type="stmt"/>
          <line num="63" count="0" type="stmt"/>
          <line num="69" count="3" type="stmt"/>
          <line num="70" count="3" type="cond" truecount="3" falsecount="1"/>
          <line num="71" count="3" type="stmt"/>
          <line num="73" count="0" type="cond" truecount="0" falsecount="2"/>
          <line num="74" count="0" type="stmt"/>
          <line num="79" count="0" type="cond" truecount="0" falsecount="4"/>
          <line num="80" count="0" type="stmt"/>
          <line num="82" count="0" type="stmt"/>
          <line num="83" count="0" type="stmt"/>
          <line num="89" count="3" type="stmt"/>
          <line num="90" count="3" type="cond" truecount="1" falsecount="1"/>
          <line num="91" count="3" type="stmt"/>
          <line num="93" count="0" type="stmt"/>
          <line num="112" count="3" type="stmt"/>
          <line num="115" count="3" type="cond" truecount="1" falsecount="1"/>
          <line num="120" count="3" type="cond" truecount="1" falsecount="1"/>
          <line num="124" count="3" type="cond" truecount="2" falsecount="0"/>
          <line num="125" count="1" type="stmt"/>
          <line num="128" count="2" type="stmt"/>
          <line num="133" count="2" type="stmt"/>
          <line num="154" count="3" type="stmt"/>
          <line num="156" count="3" type="cond" truecount="1" falsecount="1"/>
          <line num="157" count="0" type="stmt"/>
          <line num="160" count="3" type="cond" truecount="1" falsecount="1"/>
          <line num="164" count="3" type="stmt"/>
          <line num="172" count="3" type="stmt"/>
          <line num="177" count="3" type="stmt"/>
          <line num="181" count="3" type="cond" truecount="1" falsecount="1"/>
          <line num="182" count="0" type="stmt"/>
          <line num="201" count="3" type="stmt"/>
          <line num="216" count="2" type="stmt"/>
          <line num="217" count="2" type="stmt"/>
        </file>
        <file name="index.js" path="/Users/dmp/Code/react-panneau/src/index.js">
          <metrics statements="23" coveredstatements="0" conditionals="4" coveredconditionals="0" methods="1" coveredmethods="0"/>
          <line num="1" count="0" type="stmt"/>
          <line num="2" count="0" type="stmt"/>
          <line num="3" count="0" type="stmt"/>
          <line num="4" count="0" type="stmt"/>
          <line num="6" count="0" type="stmt"/>
          <line num="7" count="0" type="stmt"/>
          <line num="8" count="0" type="stmt"/>
          <line num="9" count="0" type="stmt"/>
          <line num="10" count="0" type="stmt"/>
          <line num="11" count="0" type="stmt"/>
          <line num="12" count="0" type="stmt"/>
          <line num="13" count="0" type="cond" truecount="0" falsecount="4"/>
          <line num="16" count="0" type="stmt"/>
          <line num="17" count="0" type="stmt"/>
          <line num="18" count="0" type="stmt"/>
          <line num="19" count="0" type="stmt"/>
          <line num="21" count="0" type="stmt"/>
          <line num="22" count="0" type="stmt"/>
          <line num="23" count="0" type="stmt"/>
          <line num="24" count="0" type="stmt"/>
          <line num="25" count="0" type="stmt"/>
          <line num="26" count="0" type="stmt"/>
          <line num="27" count="0" type="stmt"/>
        </file>
        <file name="withFieldsCollection.jsx" path="/Users/dmp/Code/react-panneau/src/withFieldsCollection.jsx">
          <metrics statements="24" coveredstatements="0" conditionals="14" coveredconditionals="0" methods="9" coveredmethods="0"/>
          <line num="1" count="0" type="stmt"/>
          <line num="25" count="0" type="cond" truecount="0" falsecount="7"/>
          <line num="26" count="0" type="stmt"/>
          <line num="31" count="0" type="stmt"/>
          <line num="33" count="0" type="stmt"/>
          <line num="38" count="0" type="stmt"/>
          <line num="41" count="0" type="cond" truecount="0" falsecount="2"/>
          <line num="43" count="0" type="stmt"/>
          <line num="44" count="0" type="stmt"/>
          <line num="47" count="0" type="stmt"/>
          <line num="56" count="0" type="stmt"/>
          <line num="57" count="0" type="stmt"/>
          <line num="60" count="0" type="cond" truecount="0" falsecount="2"/>
          <line num="61" count="0" type="stmt"/>
          <line num="62" count="0" type="stmt"/>
          <line num="66" count="0" type="stmt"/>
          <line num="72" count="0" type="stmt"/>
          <line num="75" count="0" type="stmt"/>
          <line num="76" count="0" type="stmt"/>
          <line num="77" count="0" type="stmt"/>
          <line num="78" count="0" type="stmt"/>
          <line num="79" count="0" type="stmt"/>
          <line num="81" count="0" type="stmt"/>
          <line num="83" count="0" type="stmt"/>
        </file>
      </package>
      <package name="src.fields">
        <metrics statements="543" coveredstatements="71" conditionals="344" coveredconditionals="28" methods="125" coveredmethods="12"/>
        <file name="CodeField.jsx" path="/Users/dmp/Code/react-panneau/src/fields/CodeField.jsx">
          <metrics statements="52" coveredstatements="0" conditionals="38" coveredconditionals="0" methods="20" coveredmethods="0"/>
          <line num="1" count="0" type="stmt"/>
          <line num="2" count="0" type="stmt"/>
          <line num="3" count="0" type="stmt"/>
          <line num="4" count="0" type="stmt"/>
          <line num="5" count="0" type="stmt"/>
          <line num="7" count="0" type="cond" truecount="0" falsecount="4"/>
          <line num="16" count="0" type="stmt"/>
          <line num="38" count="0" type="stmt"/>
          <line num="51" count="0" type="stmt"/>
          <line num="53" count="0" type="cond" truecount="0" falsecount="4"/>
          <line num="54" count="0" type="stmt"/>
          <line num="56" count="0" type="cond" truecount="0" falsecount="4"/>
          <line num="59" count="0" type="cond" truecount="0" falsecount="2"/>
          <line num="62" count="0" type="stmt"/>
          <line num="63" count="0" type="stmt"/>
          <line num="65" count="0" type="stmt"/>
          <line num="67" count="0" type="stmt"/>
          <line num="69" count="0" type="cond" truecount="0" falsecount="4"/>
          <line num="71" count="0" type="stmt"/>
          <line num="73" count="0" type="stmt"/>
          <line num="74" count="0" type="stmt"/>
          <line num="75" count="0" type="stmt"/>
          <line num="77" count="0" type="stmt"/>
          <line num="79" count="0" type="stmt"/>
          <line num="81" count="0" type="stmt"/>
          <line num="83" count="0" type="stmt"/>
          <line num="84" count="0" type="stmt"/>
          <line num="86" count="0" type="stmt"/>
          <line num="102" count="0" type="stmt"/>
          <line num="104" count="0" type="cond" truecount="0" falsecount="4"/>
          <line num="105" count="0" type="stmt"/>
          <line num="108" count="0" type="stmt"/>
          <line num="109" count="0" type="stmt"/>
          <line num="110" count="0" type="stmt"/>
          <line num="112" count="0" type="stmt"/>
          <line num="114" count="0" type="cond" truecount="0" falsecount="2"/>
          <line num="115" count="0" type="stmt"/>
          <line num="118" count="0" type="cond" truecount="0" falsecount="2"/>
          <line num="119" count="0" type="stmt"/>
          <line num="133" count="0" type="stmt"/>
          <line num="135" count="0" type="stmt"/>
          <line num="137" count="0" type="cond" truecount="0" falsecount="4"/>
          <line num="139" count="0" type="cond" truecount="0" falsecount="2"/>
          <line num="140" count="0" type="cond" truecount="0" falsecount="2"/>
          <line num="142" count="0" type="stmt"/>
          <line num="144" count="0" type="stmt"/>
          <line num="163" count="0" type="stmt"/>
          <line num="165" count="0" type="stmt"/>
          <line num="167" count="0" type="stmt"/>
          <line num="172" count="0" type="stmt"/>
          <line num="175" count="0" type="stmt"/>
          <line num="176" count="0" type="stmt"/>
        </file>
        <file name="ColorField.jsx" path="/Users/dmp/Code/react-panneau/src/fields/ColorField.jsx">
          <metrics statements="75" coveredstatements="0" conditionals="33" coveredconditionals="0" methods="12" coveredmethods="0"/>
          <line num="1" count="0" type="stmt"/>
          <line num="2" count="0" type="stmt"/>
          <line num="3" count="0" type="stmt"/>
          <line num="14" count="0" type="stmt"/>
          <line num="15" count="0" type="stmt"/>
          <line num="16" count="0" type="stmt"/>
          <line num="17" count="0" type="stmt"/>
          <line num="19" count="0" type="stmt"/>
          <line num="21" count="0" type="stmt"/>
          <line num="22" count="0" type="cond" truecount="0" falsecount="4"/>
          <line num="31" count="0" type="stmt"/>
          <line num="43" count="0" type="stmt"/>
          <line num="67" count="0" type="stmt"/>
          <line num="85" count="0" type="stmt"/>
          <line num="87" count="0" type="stmt"/>
          <line num="93" count="0" type="cond" truecount="0" falsecount="2"/>
          <line num="94" count="0" type="stmt"/>
          <line num="95" count="0" type="stmt"/>
          <line num="96" count="0" type="stmt"/>
          <line num="97" count="0" type="stmt"/>
          <line num="98" count="0" type="stmt"/>
          <line num="99" count="0" type="stmt"/>
          <line num="102" count="0" type="stmt"/>
          <line num="106" count="0" type="stmt"/>
          <line num="109" count="0" type="cond" truecount="0" falsecount="2"/>
          <line num="112" count="0" type="stmt"/>
          <line num="113" count="0" type="stmt"/>
          <line num="114" count="0" type="stmt"/>
          <line num="115" count="0" type="stmt"/>
          <line num="116" count="0" type="stmt"/>
          <line num="117" count="0" type="stmt"/>
          <line num="119" count="0" type="stmt"/>
          <line num="120" count="0" type="stmt"/>
          <line num="122" count="0" type="stmt"/>
          <line num="125" count="0" type="stmt"/>
          <line num="126" count="0" type="cond" truecount="0" falsecount="5"/>
          <line num="127" count="0" type="stmt"/>
          <line num="132" count="0" type="cond" truecount="0" falsecount="2"/>
          <line num="133" count="0" type="stmt"/>
          <line num="138" count="0" type="stmt"/>
          <line num="142" count="0" type="stmt"/>
          <line num="148" count="0" type="stmt"/>
          <line num="154" count="0" type="stmt"/>
          <line num="156" count="0" type="stmt"/>
          <line num="157" count="0" type="cond" truecount="0" falsecount="4"/>
          <line num="159" count="0" type="stmt"/>
          <line num="160" count="0" type="stmt"/>
          <line num="162" count="0" type="stmt"/>
          <line num="163" count="0" type="stmt"/>
          <line num="165" count="0" type="stmt"/>
          <line num="166" count="0" type="stmt"/>
          <line num="168" count="0" type="cond" truecount="0" falsecount="2"/>
          <line num="169" count="0" type="stmt"/>
          <line num="171" count="0" type="stmt"/>
          <line num="174" count="0" type="stmt"/>
          <line num="184" count="0" type="stmt"/>
          <line num="185" count="0" type="stmt"/>
          <line num="186" count="0" type="stmt"/>
          <line num="188" count="0" type="stmt"/>
          <line num="189" count="0" type="cond" truecount="0" falsecount="2"/>
          <line num="190" count="0" type="stmt"/>
          <line num="191" count="0" type="cond" truecount="0" falsecount="2"/>
          <line num="192" count="0" type="stmt"/>
          <line num="195" count="0" type="stmt"/>
          <line num="223" count="0" type="stmt"/>
          <line num="225" count="0" type="stmt"/>
          <line num="227" count="0" type="stmt"/>
          <line num="229" count="0" type="stmt"/>
          <line num="233" count="0" type="stmt"/>
          <line num="238" count="0" type="stmt"/>
          <line num="244" count="0" type="stmt"/>
          <line num="273" count="0" type="stmt"/>
          <line num="296" count="0" type="stmt"/>
          <line num="299" count="0" type="stmt"/>
          <line num="300" count="0" type="stmt"/>
        </file>
        <file name="DateField.jsx" path="/Users/dmp/Code/react-panneau/src/fields/DateField.jsx">
          <metrics statements="117" coveredstatements="0" conditionals="82" coveredconditionals="0" methods="34" coveredmethods="0"/>
          <line num="1" count="0" type="stmt"/>
          <line num="2" count="0" type="stmt"/>
          <line num="3" count="0" type="stmt"/>
          <line num="5" count="0" type="stmt"/>
          <line num="6" count="0" type="stmt"/>
          <line num="7" count="0" type="stmt"/>
          <line num="9" count="0" type="cond" truecount="0" falsecount="4"/>
          <line num="11" count="0" type="stmt"/>
          <line num="34" count="0" type="stmt"/>
          <line num="48" count="0" type="stmt"/>
          <line num="49" count="0" type="cond" truecount="0" falsecount="4"/>
          <line num="50" count="0" type="stmt"/>
          <line num="52" count="0" type="stmt"/>
          <line num="53" count="0" type="cond" truecount="0" falsecount="2"/>
          <line num="54" count="0" type="stmt"/>
          <line num="56" count="0" type="stmt"/>
          <line num="59" count="0" type="stmt"/>
          <line num="60" count="0" type="stmt"/>
          <line num="61" count="0" type="cond" truecount="0" falsecount="2"/>
          <line num="64" count="0" type="stmt"/>
          <line num="65" count="0" type="cond" truecount="0" falsecount="2"/>
          <line num="68" count="0" type="stmt"/>
          <line num="69" count="0" type="stmt"/>
          <line num="70" count="0" type="stmt"/>
          <line num="71" count="0" type="stmt"/>
          <line num="72" count="0" type="stmt"/>
          <line num="73" count="0" type="stmt"/>
          <line num="74" count="0" type="stmt"/>
          <line num="75" count="0" type="stmt"/>
          <line num="76" count="0" type="stmt"/>
          <line num="77" count="0" type="stmt"/>
          <line num="78" count="0" type="stmt"/>
          <line num="79" count="0" type="stmt"/>
          <line num="80" count="0" type="stmt"/>
          <line num="82" count="0" type="stmt"/>
          <line num="88" count="0" type="stmt"/>
          <line num="90" count="0" type="stmt"/>
          <line num="92" count="0" type="stmt"/>
          <line num="93" count="0" type="stmt"/>
          <line num="94" count="0" type="stmt"/>
          <line num="95" count="0" type="cond" truecount="0" falsecount="2"/>
          <line num="96" count="0" type="stmt"/>
          <line num="98" count="0" type="stmt"/>
          <line num="100" count="0" type="stmt"/>
          <line num="102" count="0" type="stmt"/>
          <line num="103" count="0" type="stmt"/>
          <line num="106" count="0" type="stmt"/>
          <line num="107" count="0" type="stmt"/>
          <line num="119" count="0" type="stmt"/>
          <line num="120" count="0" type="stmt"/>
          <line num="121" count="0" type="cond" truecount="0" falsecount="2"/>
          <line num="122" count="0" type="stmt"/>
          <line num="126" count="0" type="cond" truecount="0" falsecount="2"/>
          <line num="127" count="0" type="stmt"/>
          <line num="132" count="0" type="stmt"/>
          <line num="133" count="0" type="stmt"/>
          <line num="134" count="0" type="stmt"/>
          <line num="135" count="0" type="stmt"/>
          <line num="139" count="0" type="stmt"/>
          <line num="145" count="0" type="stmt"/>
          <line num="149" count="0" type="cond" truecount="0" falsecount="2"/>
          <line num="150" count="0" type="stmt"/>
          <line num="155" count="0" type="stmt"/>
          <line num="156" count="0" type="stmt"/>
          <line num="157" count="0" type="stmt"/>
          <line num="158" count="0" type="stmt"/>
          <line num="162" count="0" type="cond" truecount="0" falsecount="2"/>
          <line num="163" count="0" type="stmt"/>
          <line num="168" count="0" type="stmt"/>
          <line num="169" count="0" type="stmt"/>
          <line num="170" count="0" type="stmt"/>
          <line num="171" count="0" type="cond" truecount="0" falsecount="4"/>
          <line num="172" count="0" type="stmt"/>
          <line num="176" count="0" type="stmt"/>
          <line num="180" count="0" type="stmt"/>
          <line num="184" count="0" type="stmt"/>
          <line num="189" count="0" type="cond" truecount="0" falsecount="2"/>
          <line num="190" count="0" type="stmt"/>
          <line num="196" count="0" type="stmt"/>
          <line num="202" count="0" type="stmt"/>
          <line num="208" count="0" type="stmt"/>
          <line num="215" count="0" type="cond" truecount="0" falsecount="2"/>
          <line num="220" count="0" type="stmt"/>
          <line num="222" count="0" type="stmt"/>
          <line num="228" count="0" type="stmt"/>
          <line num="236" count="0" type="stmt"/>
          <line num="240" count="0" type="stmt"/>
          <line num="242" count="0" type="cond" truecount="0" falsecount="2"/>
          <line num="243" count="0" type="cond" truecount="0" falsecount="4"/>
          <line num="244" count="0" type="cond" truecount="0" falsecount="4"/>
          <line num="245" count="0" type="stmt"/>
          <line num="246" count="0" type="stmt"/>
          <line num="247" count="0" type="stmt"/>
          <line num="248" count="0" type="stmt"/>
          <line num="249" count="0" type="stmt"/>
          <line num="250" count="0" type="stmt"/>
          <line num="253" count="0" type="stmt"/>
          <line num="263" count="0" type="stmt"/>
          <line num="272" count="0" type="stmt"/>
          <line num="277" count="0" type="stmt"/>
          <line num="289" count="0" type="stmt"/>
          <line num="305" count="0" type="stmt"/>
          <line num="314" count="0" type="stmt"/>
          <line num="316" count="0" type="stmt"/>
          <line num="341" count="0" type="stmt"/>
          <line num="342" count="0" type="stmt"/>
          <line num="344" count="0" type="stmt"/>
          <line num="346" count="0" type="cond" truecount="0" falsecount="2"/>
          <line num="359" count="0" type="stmt"/>
          <line num="381" count="0" type="stmt"/>
          <line num="382" count="0" type="stmt"/>
          <line num="384" count="0" type="cond" truecount="0" falsecount="2"/>
          <line num="385" count="0" type="stmt"/>
          <line num="388" count="0" type="stmt"/>
          <line num="399" count="0" type="stmt"/>
          <line num="402" count="0" type="stmt"/>
          <line num="403" count="0" type="stmt"/>
        </file>
        <file name="LocaleField.jsx" path="/Users/dmp/Code/react-panneau/src/fields/LocaleField.jsx">
          <metrics statements="54" coveredstatements="0" conditionals="25" coveredconditionals="0" methods="10" coveredmethods="0"/>
          <line num="1" count="0" type="stmt"/>
          <line num="2" count="0" type="stmt"/>
          <line num="3" count="0" type="stmt"/>
          <line num="4" count="0" type="stmt"/>
          <line num="5" count="0" type="stmt"/>
          <line num="7" count="0" type="stmt"/>
          <line num="9" count="0" type="cond" truecount="0" falsecount="4"/>
          <line num="11" count="0" type="stmt"/>
          <line num="28" count="0" type="stmt"/>
          <line num="42" count="0" type="stmt"/>
          <line num="43" count="0" type="cond" truecount="0" falsecount="2"/>
          <line num="46" count="0" type="stmt"/>
          <line num="47" count="0" type="stmt"/>
          <line num="48" count="0" type="stmt"/>
          <line num="49" count="0" type="stmt"/>
          <line num="51" count="0" type="cond" truecount="0" falsecount="4"/>
          <line num="53" count="0" type="stmt"/>
          <line num="54" count="0" type="cond" truecount="0" falsecount="2"/>
          <line num="56" count="0" type="stmt"/>
          <line num="59" count="0" type="stmt"/>
          <line num="60" count="0" type="stmt"/>
          <line num="66" count="0" type="cond" truecount="0" falsecount="2"/>
          <line num="67" count="0" type="stmt"/>
          <line num="72" count="0" type="cond" truecount="0" falsecount="2"/>
          <line num="73" count="0" type="stmt"/>
          <line num="77" count="0" type="stmt"/>
          <line num="78" count="0" type="stmt"/>
          <line num="79" count="0" type="stmt"/>
          <line num="94" count="0" type="stmt"/>
          <line num="96" count="0" type="stmt"/>
          <line num="97" count="0" type="stmt"/>
          <line num="98" count="0" type="stmt"/>
          <line num="99" count="0" type="stmt"/>
          <line num="105" count="0" type="cond" truecount="0" falsecount="3"/>
          <line num="107" count="0" type="stmt"/>
          <line num="121" count="0" type="stmt"/>
          <line num="122" count="0" type="stmt"/>
          <line num="123" count="0" type="stmt"/>
          <line num="124" count="0" type="stmt"/>
          <line num="125" count="0" type="stmt"/>
          <line num="132" count="0" type="stmt"/>
          <line num="133" count="0" type="stmt"/>
          <line num="134" count="0" type="stmt"/>
          <line num="137" count="0" type="stmt"/>
          <line num="150" count="0" type="stmt"/>
          <line num="152" count="0" type="stmt"/>
          <line num="153" count="0" type="stmt"/>
          <line num="154" count="0" type="stmt"/>
          <line num="158" count="0" type="cond" truecount="0" falsecount="2"/>
          <line num="167" count="0" type="stmt"/>
          <line num="171" count="0" type="stmt"/>
          <line num="181" count="0" type="stmt"/>
          <line num="184" count="0" type="stmt"/>
          <line num="185" count="0" type="stmt"/>
        </file>
        <file name="SelectField.jsx" path="/Users/dmp/Code/react-panneau/src/fields/SelectField.jsx">
          <metrics statements="71" coveredstatements="37" conditionals="61" coveredconditionals="15" methods="12" coveredmethods="5"/>
          <line num="7" count="1" type="stmt"/>
          <line num="14" count="1" type="stmt"/>
          <line num="48" count="1" type="stmt"/>
          <line num="86" count="1" type="stmt"/>
          <line num="87" count="1" type="stmt"/>
          <line num="88" count="1" type="stmt"/>
          <line num="89" count="1" type="stmt"/>
          <line num="91" count="1" type="stmt"/>
          <line num="93" count="1" type="stmt"/>
          <line num="103" count="1" type="stmt"/>
          <line num="105" count="1" type="cond" truecount="2" falsecount="2"/>
          <line num="106" count="0" type="stmt"/>
          <line num="107" count="1" type="cond" truecount="1" falsecount="1"/>
          <line num="108" count="0" type="stmt"/>
          <line num="109" count="1" type="cond" truecount="1" falsecount="1"/>
          <line num="110" count="0" type="stmt"/>
          <line num="112" count="1" type="stmt"/>
          <line num="114" count="1" type="stmt"/>
          <line num="116" count="1" type="stmt"/>
          <line num="117" count="1" type="stmt"/>
          <line num="124" count="0" type="stmt"/>
          <line num="125" count="0" type="cond" truecount="0" falsecount="2"/>
          <line num="126" count="0" type="stmt"/>
          <line num="133" count="0" type="stmt"/>
          <line num="134" count="0" type="stmt"/>
          <line num="140" count="0" type="cond" truecount="0" falsecount="2"/>
          <line num="141" count="0" type="stmt"/>
          <line num="147" count="0" type="stmt"/>
          <line num="149" count="0" type="cond" truecount="0" falsecount="4"/>
          <line num="150" count="0" type="stmt"/>
          <line num="151" count="0" type="cond" truecount="0" falsecount="5"/>
          <line num="152" count="0" type="stmt"/>
          <line num="153" count="0" type="cond" truecount="0" falsecount="2"/>
          <line num="154" count="0" type="stmt"/>
          <line num="156" count="0" type="stmt"/>
          <line num="159" count="0" type="cond" truecount="0" falsecount="4"/>
          <line num="160" count="0" type="stmt"/>
          <line num="161" count="0" type="cond" truecount="0" falsecount="2"/>
          <line num="164" count="0" type="cond" truecount="0" falsecount="2"/>
          <line num="165" count="0" type="stmt"/>
          <line num="170" count="0" type="stmt"/>
          <line num="171" count="0" type="cond" truecount="0" falsecount="2"/>
          <line num="172" count="0" type="stmt"/>
          <line num="174" count="0" type="cond" truecount="0" falsecount="4"/>
          <line num="182" count="1" type="stmt"/>
          <line num="185" count="1" type="stmt"/>
          <line num="186" count="1" type="stmt"/>
          <line num="187" count="1" type="cond" truecount="3" falsecount="1"/>
          <line num="188" count="0" type="stmt"/>
          <line num="190" count="1" type="stmt"/>
          <line num="194" count="0" type="stmt"/>
          <line num="195" count="0" type="cond" truecount="0" falsecount="2"/>
          <line num="196" count="0" type="stmt"/>
          <line num="197" count="0" type="cond" truecount="0" falsecount="2"/>
          <line num="198" count="0" type="stmt"/>
          <line num="202" count="0" type="stmt"/>
          <line num="206" count="2" type="stmt"/>
          <line num="207" count="2" type="cond" truecount="2" falsecount="0"/>
          <line num="208" count="1" type="stmt"/>
          <line num="224" count="1" type="stmt"/>
          <line num="226" count="1" type="stmt"/>
          <line num="227" count="1" type="cond" truecount="1" falsecount="1"/>
          <line num="229" count="1" type="cond" truecount="1" falsecount="2"/>
          <line num="230" count="1" type="cond" truecount="1" falsecount="1"/>
          <line num="231" count="1" type="cond" truecount="2" falsecount="3"/>
          <line num="235" count="1" type="stmt"/>
          <line num="237" count="1" type="cond" truecount="1" falsecount="1"/>
          <line num="243" count="1" type="stmt"/>
          <line num="245" count="1" type="stmt"/>
          <line num="270" count="1" type="stmt"/>
          <line num="271" count="1" type="stmt"/>
        </file>
        <file name="SliderField.jsx" path="/Users/dmp/Code/react-panneau/src/fields/SliderField.jsx">
          <metrics statements="34" coveredstatements="0" conditionals="21" coveredconditionals="0" methods="8" coveredmethods="0"/>
          <line num="1" count="0" type="stmt"/>
          <line num="2" count="0" type="stmt"/>
          <line num="3" count="0" type="stmt"/>
          <line num="5" count="0" type="cond" truecount="0" falsecount="4"/>
          <line num="7" count="0" type="stmt"/>
          <line num="27" count="0" type="stmt"/>
          <line num="39" count="0" type="stmt"/>
          <line num="40" count="0" type="cond" truecount="0" falsecount="2"/>
          <line num="43" count="0" type="stmt"/>
          <line num="44" count="0" type="stmt"/>
          <line num="45" count="0" type="stmt"/>
          <line num="47" count="0" type="stmt"/>
          <line num="48" count="0" type="stmt"/>
          <line num="50" count="0" type="stmt"/>
          <line num="52" count="0" type="stmt"/>
          <line num="53" count="0" type="stmt"/>
          <line num="54" count="0" type="cond" truecount="0" falsecount="2"/>
          <line num="55" count="0" type="stmt"/>
          <line num="57" count="0" type="stmt"/>
          <line num="58" count="0" type="stmt"/>
          <line num="65" count="0" type="stmt"/>
          <line num="66" count="0" type="cond" truecount="0" falsecount="5"/>
          <line num="67" count="0" type="cond" truecount="0" falsecount="2"/>
          <line num="68" count="0" type="stmt"/>
          <line num="79" count="0" type="stmt"/>
          <line num="80" count="0" type="stmt"/>
          <line num="82" count="0" type="cond" truecount="0" falsecount="2"/>
          <line num="83" count="0" type="stmt"/>
          <line num="86" count="0" type="stmt"/>
          <line num="87" count="0" type="cond" truecount="0" falsecount="4"/>
          <line num="89" count="0" type="stmt"/>
          <line num="103" count="0" type="stmt"/>
          <line num="106" count="0" type="stmt"/>
          <line num="107" count="0" type="stmt"/>
        </file>
        <file name="TextField.jsx" path="/Users/dmp/Code/react-panneau/src/fields/TextField.jsx">
          <metrics statements="60" coveredstatements="34" conditionals="38" coveredconditionals="13" methods="14" coveredmethods="7"/>
          <line num="15" count="1" type="stmt"/>
          <line num="44" count="1" type="stmt"/>
          <line num="68" count="5" type="cond" truecount="4" falsecount="0"/>
          <line num="69" count="3" type="stmt"/>
          <line num="70" count="2" type="cond" truecount="1" falsecount="1"/>
          <line num="71" count="0" type="stmt"/>
          <line num="73" count="2" type="stmt"/>
          <line num="77" count="5" type="stmt"/>
          <line num="79" count="5" type="stmt"/>
          <line num="80" count="5" type="stmt"/>
          <line num="81" count="5" type="stmt"/>
          <line num="83" count="5" type="stmt"/>
          <line num="84" count="5" type="stmt"/>
          <line num="85" count="5" type="stmt"/>
          <line num="89" count="5" type="stmt"/>
          <line num="90" count="5" type="cond" truecount="1" falsecount="1"/>
          <line num="91" count="0" type="stmt"/>
          <line num="92" count="0" type="stmt"/>
          <line num="94" count="0" type="stmt"/>
          <line num="95" count="0" type="stmt"/>
          <line num="96" count="0" type="stmt"/>
          <line num="100" count="0" type="stmt"/>
          <line num="101" count="0" type="stmt"/>
          <line num="107" count="0" type="stmt"/>
          <line num="108" count="0" type="cond" truecount="0" falsecount="2"/>
          <line num="109" count="0" type="stmt"/>
          <line num="114" count="0" type="stmt"/>
          <line num="118" count="1" type="cond" truecount="1" falsecount="1"/>
          <line num="119" count="1" type="cond" truecount="1" falsecount="1"/>
          <line num="120" count="1" type="stmt"/>
          <line num="125" count="0" type="stmt"/>
          <line num="126" count="0" type="cond" truecount="0" falsecount="2"/>
          <line num="127" count="0" type="stmt"/>
          <line num="132" count="0" type="stmt"/>
          <line num="145" count="5" type="stmt"/>
          <line num="146" count="5" type="stmt"/>
          <line num="148" count="5" type="stmt"/>
          <line num="154" count="5" type="stmt"/>
          <line num="155" count="2" type="stmt"/>
          <line num="167" count="5" type="stmt"/>
          <line num="168" count="5" type="cond" truecount="1" falsecount="1"/>
          <line num="169" count="0" type="stmt"/>
          <line num="174" count="5" type="cond" truecount="1" falsecount="1"/>
          <line num="175" count="0" type="stmt"/>
          <line num="180" count="0" type="stmt"/>
          <line num="190" count="5" type="stmt"/>
          <line num="197" count="5" type="stmt"/>
          <line num="207" count="0" type="stmt"/>
          <line num="209" count="0" type="stmt"/>
          <line num="215" count="0" type="stmt"/>
          <line num="221" count="0" type="cond" truecount="0" falsecount="2"/>
          <line num="224" count="0" type="cond" truecount="0" falsecount="2"/>
          <line num="227" count="0" type="stmt"/>
          <line num="233" count="0" type="stmt"/>
          <line num="249" count="5" type="stmt"/>
          <line num="250" count="5" type="stmt"/>
          <line num="251" count="5" type="cond" truecount="3" falsecount="1"/>
          <line num="252" count="5" type="stmt"/>
          <line num="265" count="1" type="stmt"/>
          <line num="266" count="1" type="stmt"/>
        </file>
        <file name="TextLocaleField.jsx" path="/Users/dmp/Code/react-panneau/src/fields/TextLocaleField.jsx">
          <metrics statements="5" coveredstatements="0" conditionals="4" coveredconditionals="0" methods="2" coveredmethods="0"/>
          <line num="1" count="0" type="stmt"/>
          <line num="3" count="0" type="stmt"/>
          <line num="4" count="0" type="cond" truecount="0" falsecount="4"/>
          <line num="6" count="0" type="stmt"/>
          <line num="9" count="0" type="stmt"/>
        </file>
        <file name="ToggleField.jsx" path="/Users/dmp/Code/react-panneau/src/fields/ToggleField.jsx">
          <metrics statements="47" coveredstatements="0" conditionals="34" coveredconditionals="0" methods="11" coveredmethods="0"/>
          <line num="1" count="0" type="stmt"/>
          <line num="2" count="0" type="stmt"/>
          <line num="3" count="0" type="stmt"/>
          <line num="4" count="0" type="stmt"/>
          <line num="5" count="0" type="cond" truecount="0" falsecount="4"/>
          <line num="14" count="0" type="stmt"/>
          <line num="37" count="0" type="stmt"/>
          <line num="53" count="0" type="stmt"/>
          <line num="55" count="0" type="cond" truecount="0" falsecount="2"/>
          <line num="61" count="0" type="stmt"/>
          <line num="63" count="0" type="stmt"/>
          <line num="66" count="0" type="cond" truecount="0" falsecount="2"/>
          <line num="68" count="0" type="stmt"/>
          <line num="69" count="0" type="stmt"/>
          <line num="71" count="0" type="stmt"/>
          <line num="72" count="0" type="stmt"/>
          <line num="74" count="0" type="stmt"/>
          <line num="76" count="0" type="stmt"/>
          <line num="77" count="0" type="stmt"/>
          <line num="78" count="0" type="cond" truecount="0" falsecount="2"/>
          <line num="79" count="0" type="stmt"/>
          <line num="81" count="0" type="stmt"/>
          <line num="82" count="0" type="stmt"/>
          <line num="90" count="0" type="cond" truecount="0" falsecount="4"/>
          <line num="91" count="0" type="cond" truecount="0" falsecount="4"/>
          <line num="92" count="0" type="cond" truecount="0" falsecount="2"/>
          <line num="93" count="0" type="stmt"/>
          <line num="108" count="0" type="stmt"/>
          <line num="109" count="0" type="cond" truecount="0" falsecount="2"/>
          <line num="110" count="0" type="stmt"/>
          <line num="135" count="0" type="stmt"/>
          <line num="136" count="0" type="stmt"/>
          <line num="137" count="0" type="cond" truecount="0" falsecount="2"/>
          <line num="138" count="0" type="stmt"/>
          <line num="148" count="0" type="stmt"/>
          <line num="149" count="0" type="cond" truecount="0" falsecount="2"/>
          <line num="150" count="0" type="stmt"/>
          <line num="162" count="0" type="stmt"/>
          <line num="164" count="0" type="stmt"/>
          <line num="165" count="0" type="cond" truecount="0" falsecount="2"/>
          <line num="166" count="0" type="stmt"/>
          <line num="167" count="0" type="cond" truecount="0" falsecount="2"/>
          <line num="168" count="0" type="stmt"/>
          <line num="171" count="0" type="stmt"/>
          <line num="183" count="0" type="stmt"/>
          <line num="186" count="0" type="stmt"/>
          <line num="187" count="0" type="stmt"/>
        </file>
        <file name="collection.js" path="/Users/dmp/Code/react-panneau/src/fields/collection.js">
          <metrics statements="11" coveredstatements="0" conditionals="4" coveredconditionals="0" methods="1" coveredmethods="0"/>
          <line num="1" count="0" type="stmt"/>
          <line num="3" count="0" type="stmt"/>
          <line num="4" count="0" type="stmt"/>
          <line num="5" count="0" type="stmt"/>
          <line num="6" count="0" type="stmt"/>
          <line num="7" count="0" type="stmt"/>
          <line num="8" count="0" type="stmt"/>
          <line num="9" count="0" type="stmt"/>
          <line num="10" count="0" type="cond" truecount="0" falsecount="4"/>
          <line num="12" count="0" type="stmt"/>
          <line num="23" count="0" type="stmt"/>
        </file>
        <file name="index.js" path="/Users/dmp/Code/react-panneau/src/fields/index.js">
          <metrics statements="17" coveredstatements="0" conditionals="4" coveredconditionals="0" methods="1" coveredmethods="0"/>
          <line num="1" count="0" type="stmt"/>
          <line num="2" count="0" type="stmt"/>
          <line num="3" count="0" type="stmt"/>
          <line num="4" count="0" type="stmt"/>
          <line num="5" count="0" type="stmt"/>
          <line num="6" count="0" type="stmt"/>
          <line num="7" count="0" type="stmt"/>
          <line num="8" count="0" type="stmt"/>
          <line num="9" count="0" type="cond" truecount="0" falsecount="4"/>
          <line num="12" count="0" type="stmt"/>
          <line num="13" count="0" type="stmt"/>
          <line num="14" count="0" type="stmt"/>
          <line num="15" count="0" type="stmt"/>
          <line num="16" count="0" type="stmt"/>
          <line num="17" count="0" type="stmt"/>
          <line num="18" count="0" type="stmt"/>
          <line num="19" count="0" type="stmt"/>
        </file>
      </package>
      <package name="src.lib">
        <metrics statements="15" coveredstatements="0" conditionals="10" coveredconditionals="0" methods="10" coveredmethods="0"/>
        <file name="FieldsCollection.js" path="/Users/dmp/Code/react-panneau/src/lib/FieldsCollection.js">
          <metrics statements="15" coveredstatements="0" conditionals="10" coveredconditionals="0" methods="10" coveredmethods="0"/>
          <line num="1" count="0" type="cond" truecount="0" falsecount="4"/>
          <line num="3" count="0" type="stmt"/>
          <line num="6" count="0" type="stmt"/>
          <line num="7" count="0" type="stmt"/>
          <line num="8" count="0" type="stmt"/>
          <line num="9" count="0" type="stmt"/>
          <line num="12" count="0" type="stmt"/>
          <line num="15" count="0" type="stmt"/>
          <line num="16" count="0" type="cond" truecount="0" falsecount="2"/>
          <line num="17" count="0" type="stmt"/>
          <line num="22" count="0" type="stmt"/>
          <line num="26" count="0" type="stmt"/>
          <line num="27" count="0" type="stmt"/>
          <line num="28" count="0" type="cond" truecount="0" falsecount="4"/>
          <line num="29" count="0" type="stmt"/>
        </file>
      </package>
      <package name="src.modals">
        <metrics statements="14" coveredstatements="0" conditionals="6" coveredconditionals="0" methods="2" coveredmethods="0"/>
        <file name="Popover.jsx" path="/Users/dmp/Code/react-panneau/src/modals/Popover.jsx">
          <metrics statements="14" coveredstatements="0" conditionals="6" coveredconditionals="0" methods="2" coveredmethods="0"/>
          <line num="1" count="0" type="stmt"/>
          <line num="2" count="0" type="stmt"/>
          <line num="3" count="0" type="stmt"/>
          <line num="5" count="0" type="stmt"/>
          <line num="7" count="0" type="cond" truecount="0" falsecount="4"/>
          <line num="9" count="0" type="stmt"/>
          <line num="16" count="0" type="stmt"/>
          <line num="22" count="0" type="stmt"/>
          <line num="23" count="0" type="stmt"/>
          <line num="27" count="0" type="cond" truecount="0" falsecount="2"/>
          <line num="28" count="0" type="stmt"/>
          <line num="37" count="0" type="stmt"/>
          <line num="44" count="0" type="stmt"/>
          <line num="45" count="0" type="stmt"/>
        </file>
        <file name="index.js" path="/Users/dmp/Code/react-panneau/src/modals/index.js">
          <metrics statements="0" coveredstatements="0" conditionals="0" coveredconditionals="0" methods="0" coveredmethods="0"/>
        </file>
      </package>
      <package name="src.partials">
        <metrics statements="22" coveredstatements="0" conditionals="12" coveredconditionals="0" methods="9" coveredmethods="0"/>
        <file name="OutsideClickHandler.jsx" path="/Users/dmp/Code/react-panneau/src/partials/OutsideClickHandler.jsx">
          <metrics statements="22" coveredstatements="0" conditionals="12" coveredconditionals="0" methods="9" coveredmethods="0"/>
          <line num="1" count="0" type="stmt"/>
          <line num="2" count="0" type="stmt"/>
          <line num="5" count="0" type="cond" truecount="0" falsecount="4"/>
          <line num="7" count="0" type="stmt"/>
          <line num="12" count="0" type="stmt"/>
          <line num="17" count="0" type="stmt"/>
          <line num="18" count="0" type="cond" truecount="0" falsecount="2"/>
          <line num="21" count="0" type="stmt"/>
          <line num="22" count="0" type="stmt"/>
          <line num="23" count="0" type="stmt"/>
          <line num="28" count="0" type="stmt"/>
          <line num="37" count="0" type="cond" truecount="0" falsecount="2"/>
          <line num="41" count="0" type="stmt"/>
          <line num="42" count="0" type="stmt"/>
          <line num="43" count="0" type="cond" truecount="0" falsecount="2"/>
          <line num="44" count="0" type="cond" truecount="0" falsecount="2"/>
          <line num="45" count="0" type="stmt"/>
          <line num="50" count="0" type="stmt"/>
          <line num="54" count="0" type="stmt"/>
          <line num="59" count="0" type="stmt"/>
          <line num="62" count="0" type="stmt"/>
          <line num="63" count="0" type="stmt"/>
        </file>
      </package>
      <package name="src.utils">
        <metrics statements="0" coveredstatements="0" conditionals="0" coveredconditionals="0" methods="0" coveredmethods="0"/>
        <file name="index.js" path="/Users/dmp/Code/react-panneau/src/utils/index.js">
          <metrics statements="0" coveredstatements="0" conditionals="0" coveredconditionals="0" methods="0" coveredmethods="0"/>
        </file>
      </package>
    </metrics>
  </project>
</coverage>
