{"/Users/dmp/Code/react-panneau/src/FieldsGroup.jsx": {"path":"/Users/dmp/Code/react-panneau/src/FieldsGroup.jsx","statementMap":{"0":{"start":{"line":1,"column":13},"end":{"line":1,"column":75}},"1":{"start":{"line":1,"column":91},"end":{"line":1,"column":131}},"2":{"start":{"line":1,"column":148},"end":{"line":1,"column":181}},"3":{"start":{"line":1,"column":214},"end":{"line":1,"column":270}},"4":{"start":{"line":1,"column":303},"end":{"line":1,"column":352}},"5":{"start":{"line":1,"column":376},"end":{"line":1,"column":423}},"6":{"start":{"line":1,"column":447},"end":{"line":1,"column":487}},"7":{"start":{"line":1,"column":508},"end":{"line":1,"column":552}},"8":{"start":{"line":1,"column":573},"end":{"line":1,"column":610}},"9":{"start":{"line":1,"column":645},"end":{"line":1,"column":703}},"10":{"start":{"line":1,"column":738},"end":{"line":1,"column":789}},"11":{"start":{"line":1,"column":807},"end":{"line":1,"column":848}},"12":{"start":{"line":1,"column":866},"end":{"line":1,"column":900}},"13":{"start":{"line":1,"column":914},"end":{"line":1,"column":930}},"14":{"start":{"line":1,"column":945},"end":{"line":1,"column":975}},"15":{"start":{"line":2,"column":17},"end":{"line":2,"column":38}},"16":{"start":{"line":2,"column":57},"end":{"line":2,"column":91}},"17":{"start":{"line":3,"column":11},"end":{"line":3,"column":32}},"18":{"start":{"line":3,"column":45},"end":{"line":3,"column":73}},"19":{"start":{"line":4,"column":11},"end":{"line":4,"column":32}},"20":{"start":{"line":4,"column":45},"end":{"line":4,"column":73}},"21":{"start":{"line":6,"column":17},"end":{"line":6,"column":39}},"22":{"start":{"line":6,"column":58},"end":{"line":6,"column":92}},"23":{"start":{"line":7,"column":24},"end":{"line":7,"column":57}},"24":{"start":{"line":7,"column":83},"end":{"line":7,"column":124}},"25":{"start":{"line":7,"column":163},"end":{"line":7,"column":217}},"26":{"start":{"line":9,"column":16},"end":{"line":30,"column":40}},"27":{"start":{"line":33,"column":19},"end":{"line":47,"column":20}},"28":{"start":{"line":50,"column":19},"end":{"line":51,"column":82}},"29":{"start":{"line":54,"column":14},"end":{"line":227,"column":52}},"30":{"start":{"line":54,"column":37},"end":{"line":54,"column":86}},"31":{"start":{"line":55,"column":33},"end":{"line":55,"column":82}},"32":{"start":{"line":55,"column":94},"end":{"line":56,"column":15}},"33":{"start":{"line":58,"column":8},"end":{"line":58,"column":58}},"34":{"start":{"line":58,"column":58},"end":{"line":58,"column":71}},"35":{"start":{"line":59,"column":5},"end":{"line":227,"column":14}},"36":{"start":{"line":62,"column":25},"end":{"line":62,"column":67}},"37":{"start":{"line":63,"column":31},"end":{"line":63,"column":53}},"38":{"start":{"line":64,"column":27},"end":{"line":66,"column":35}},"39":{"start":{"line":68,"column":12},"end":{"line":70,"column":13}},"40":{"start":{"line":69,"column":16},"end":{"line":69,"column":57}},"41":{"start":{"line":71,"column":12},"end":{"line":73,"column":13}},"42":{"start":{"line":72,"column":16},"end":{"line":72,"column":46}},"43":{"start":{"line":77,"column":12},"end":{"line":77,"column":22}},"44":{"start":{"line":77,"column":42},"end":{"line":77,"column":65}},"45":{"start":{"line":77,"column":86},"end":{"line":77,"column":110}},"46":{"start":{"line":79,"column":12},"end":{"line":81,"column":16}},"47":{"start":{"line":83,"column":32},"end":{"line":83,"column":76}},"48":{"start":{"line":85,"column":12},"end":{"line":94,"column":13}},"49":{"start":{"line":86,"column":16},"end":{"line":86,"column":46}},"50":{"start":{"line":87,"column":19},"end":{"line":94,"column":13}},"51":{"start":{"line":88,"column":31},"end":{"line":89,"column":88}},"52":{"start":{"line":88,"column":80},"end":{"line":89,"column":86}},"53":{"start":{"line":91,"column":16},"end":{"line":91,"column":112}},"54":{"start":{"line":92,"column":19},"end":{"line":94,"column":13}},"55":{"start":{"line":93,"column":16},"end":{"line":93,"column":58}},"56":{"start":{"line":96,"column":12},"end":{"line":96,"column":81}},"57":{"start":{"line":100,"column":29},"end":{"line":100,"column":54}},"58":{"start":{"line":101,"column":19},"end":{"line":101,"column":26}},"59":{"start":{"line":101,"column":34},"end":{"line":101,"column":41}},"60":{"start":{"line":103,"column":12},"end":{"line":105,"column":13}},"61":{"start":{"line":104,"column":16},"end":{"line":104,"column":54}},"62":{"start":{"line":107,"column":12},"end":{"line":108,"column":106}},"63":{"start":{"line":112,"column":33},"end":{"line":112,"column":37}},"64":{"start":{"line":113,"column":12},"end":{"line":113,"column":22}},"65":{"start":{"line":113,"column":31},"end":{"line":113,"column":44}},"66":{"start":{"line":113,"column":54},"end":{"line":113,"column":68}},"67":{"start":{"line":113,"column":88},"end":{"line":113,"column":112}},"68":{"start":{"line":114,"column":19},"end":{"line":114,"column":26}},"69":{"start":{"line":114,"column":34},"end":{"line":114,"column":41}},"70":{"start":{"line":114,"column":51},"end":{"line":114,"column":60}},"71":{"start":{"line":114,"column":76},"end":{"line":114,"column":91}},"72":{"start":{"line":114,"column":100},"end":{"line":114,"column":186}},"73":{"start":{"line":115,"column":29},"end":{"line":115,"column":43}},"74":{"start":{"line":117,"column":12},"end":{"line":119,"column":13}},"75":{"start":{"line":118,"column":16},"end":{"line":118,"column":28}},"76":{"start":{"line":121,"column":33},"end":{"line":121,"column":61}},"77":{"start":{"line":122,"column":12},"end":{"line":124,"column":13}},"78":{"start":{"line":123,"column":16},"end":{"line":123,"column":54}},"79":{"start":{"line":126,"column":36},"end":{"line":126,"column":98}},"80":{"start":{"line":127,"column":29},"end":{"line":127,"column":103}},"81":{"start":{"line":128,"column":30},"end":{"line":128,"column":99}},"82":{"start":{"line":129,"column":35},"end":{"line":129,"column":90}},"83":{"start":{"line":130,"column":33},"end":{"line":130,"column":102}},"84":{"start":{"line":131,"column":22},"end":{"line":131,"column":64}},"85":{"start":{"line":133,"column":12},"end":{"line":145,"column":27}},"86":{"start":{"line":144,"column":24},"end":{"line":144,"column":51}},"87":{"start":{"line":150,"column":39},"end":{"line":150,"column":43}},"88":{"start":{"line":151,"column":34},"end":{"line":151,"column":51}},"89":{"start":{"line":152,"column":39},"end":{"line":154,"column":14}},"90":{"start":{"line":152,"column":78},"end":{"line":153,"column":77}},"91":{"start":{"line":155,"column":33},"end":{"line":155,"column":74}},"92":{"start":{"line":156,"column":23},"end":{"line":156,"column":25}},"93":{"start":{"line":156,"column":38},"end":{"line":186,"column":27}},"94":{"start":{"line":158,"column":26},"end":{"line":158,"column":28}},"95":{"start":{"line":159,"column":32},"end":{"line":160,"column":92}},"96":{"start":{"line":159,"column":73},"end":{"line":160,"column":90}},"97":{"start":{"line":162,"column":16},"end":{"line":183,"column":17}},"98":{"start":{"line":163,"column":20},"end":{"line":170,"column":23}},"99":{"start":{"line":164,"column":36},"end":{"line":164,"column":99}},"100":{"start":{"line":164,"column":71},"end":{"line":164,"column":97}},"101":{"start":{"line":165,"column":24},"end":{"line":165,"column":70}},"102":{"start":{"line":166,"column":45},"end":{"line":166,"column":117}},"103":{"start":{"line":166,"column":89},"end":{"line":166,"column":115}},"104":{"start":{"line":167,"column":24},"end":{"line":169,"column":25}},"105":{"start":{"line":168,"column":28},"end":{"line":168,"column":70}},"106":{"start":{"line":172,"column":20},"end":{"line":182,"column":21}},"107":{"start":{"line":173,"column":45},"end":{"line":174,"column":71}},"108":{"start":{"line":173,"column":89},"end":{"line":174,"column":69}},"109":{"start":{"line":176,"column":24},"end":{"line":181,"column":25}},"110":{"start":{"line":176,"column":52},"end":{"line":180,"column":79}},"111":{"start":{"line":177,"column":47},"end":{"line":177,"column":78}},"112":{"start":{"line":178,"column":44},"end":{"line":178,"column":107}},"113":{"start":{"line":178,"column":79},"end":{"line":178,"column":105}},"114":{"start":{"line":179,"column":32},"end":{"line":179,"column":78}},"115":{"start":{"line":180,"column":32},"end":{"line":180,"column":74}},"116":{"start":{"line":184,"column":16},"end":{"line":186,"column":26}},"117":{"start":{"line":186,"column":28},"end":{"line":189,"column":13}},"118":{"start":{"line":186,"column":87},"end":{"line":186,"column":103}},"119":{"start":{"line":191,"column":12},"end":{"line":194,"column":32}},"120":{"start":{"line":201,"column":22},"end":{"line":201,"column":40}},"121":{"start":{"line":202,"column":12},"end":{"line":204,"column":13}},"122":{"start":{"line":203,"column":16},"end":{"line":203,"column":59}},"123":{"start":{"line":205,"column":12},"end":{"line":207,"column":51}},"124":{"start":{"line":218,"column":12},"end":{"line":218,"column":22}},"125":{"start":{"line":218,"column":31},"end":{"line":218,"column":44}},"126":{"start":{"line":218,"column":54},"end":{"line":218,"column":68}},"127":{"start":{"line":218,"column":83},"end":{"line":218,"column":102}},"128":{"start":{"line":218,"column":115},"end":{"line":218,"column":132}},"129":{"start":{"line":220,"column":30},"end":{"line":220,"column":55}},"130":{"start":{"line":222,"column":12},"end":{"line":226,"column":24}},"131":{"start":{"line":227,"column":14},"end":{"line":227,"column":33}},"132":{"start":{"line":230,"column":0},"end":{"line":230,"column":34}},"133":{"start":{"line":231,"column":0},"end":{"line":231,"column":40}},"134":{"start":{"line":232,"column":0},"end":{"line":232,"column":40}},"135":{"start":{"line":232,"column":40},"end":{"line":234,"column":12}}},"fnMap":{"0":{"name":"_interopRequireDefault","decl":{"start":{"line":7,"column":134},"end":{"line":7,"column":156}},"loc":{"start":{"line":7,"column":162},"end":{"line":7,"column":218}},"line":7},"1":{"name":"(anonymous_1)","decl":{"start":{"line":54,"column":14},"end":{"line":54,"column":15}},"loc":{"start":{"line":54,"column":36},"end":{"line":227,"column":34}},"line":54},"2":{"name":"FieldsGroup","decl":{"start":{"line":55,"column":13},"end":{"line":55,"column":24}},"loc":{"start":{"line":55,"column":32},"end":{"line":59,"column":5}},"line":55},"3":{"name":"onChange","decl":{"start":{"line":59,"column":81},"end":{"line":59,"column":89}},"loc":{"start":{"line":61,"column":20},"end":{"line":74,"column":9}},"line":61},"4":{"name":"getFieldComponent","decl":{"start":{"line":74,"column":57},"end":{"line":74,"column":74}},"loc":{"start":{"line":76,"column":13},"end":{"line":97,"column":9}},"line":76},"5":{"name":"(anonymous_5)","decl":{"start":{"line":88,"column":66},"end":{"line":88,"column":67}},"loc":{"start":{"line":88,"column":79},"end":{"line":89,"column":87}},"line":88},"6":{"name":"renderNotFound","decl":{"start":{"line":97,"column":54},"end":{"line":97,"column":68}},"loc":{"start":{"line":99,"column":19},"end":{"line":110,"column":9}},"line":99},"7":{"name":"renderField","decl":{"start":{"line":110,"column":51},"end":{"line":110,"column":62}},"loc":{"start":{"line":112,"column":19},"end":{"line":148,"column":9}},"line":112},"8":{"name":"onChange","decl":{"start":{"line":143,"column":39},"end":{"line":143,"column":47}},"loc":{"start":{"line":143,"column":53},"end":{"line":145,"column":21}},"line":143},"9":{"name":"renderColumns","decl":{"start":{"line":148,"column":53},"end":{"line":148,"column":66}},"loc":{"start":{"line":150,"column":25},"end":{"line":198,"column":9}},"line":150},"10":{"name":"(anonymous_10)","decl":{"start":{"line":152,"column":53},"end":{"line":152,"column":54}},"loc":{"start":{"line":152,"column":77},"end":{"line":153,"column":78}},"line":152},"11":{"name":"_loop","decl":{"start":{"line":156,"column":47},"end":{"line":156,"column":52}},"loc":{"start":{"line":157,"column":22},"end":{"line":186,"column":27}},"line":157},"12":{"name":"(anonymous_12)","decl":{"start":{"line":159,"column":55},"end":{"line":159,"column":56}},"loc":{"start":{"line":159,"column":72},"end":{"line":160,"column":91}},"line":159},"13":{"name":"(anonymous_13)","decl":{"start":{"line":163,"column":38},"end":{"line":163,"column":39}},"loc":{"start":{"line":163,"column":58},"end":{"line":170,"column":21}},"line":163},"14":{"name":"(anonymous_14)","decl":{"start":{"line":164,"column":53},"end":{"line":164,"column":54}},"loc":{"start":{"line":164,"column":70},"end":{"line":164,"column":98}},"line":164},"15":{"name":"(anonymous_15)","decl":{"start":{"line":166,"column":71},"end":{"line":166,"column":72}},"loc":{"start":{"line":166,"column":88},"end":{"line":166,"column":116}},"line":166},"16":{"name":"(anonymous_16)","decl":{"start":{"line":173,"column":71},"end":{"line":173,"column":72}},"loc":{"start":{"line":173,"column":88},"end":{"line":174,"column":70}},"line":173},"17":{"name":"(anonymous_17)","decl":{"start":{"line":176,"column":53},"end":{"line":176,"column":54}},"loc":{"start":{"line":176,"column":65},"end":{"line":180,"column":75}},"line":176},"18":{"name":"(anonymous_18)","decl":{"start":{"line":178,"column":61},"end":{"line":178,"column":62}},"loc":{"start":{"line":178,"column":78},"end":{"line":178,"column":106}},"line":178},"19":{"name":"renderFields","decl":{"start":{"line":198,"column":52},"end":{"line":198,"column":64}},"loc":{"start":{"line":200,"column":16},"end":{"line":210,"column":9}},"line":200},"20":{"name":"render","decl":{"start":{"line":210,"column":46},"end":{"line":210,"column":52}},"loc":{"start":{"line":212,"column":8},"end":{"line":227,"column":9}},"line":212}},"branchMap":{"0":{"loc":{"start":{"line":7,"column":170},"end":{"line":7,"column":216}},"type":"cond-expr","locations":[{"start":{"line":7,"column":194},"end":{"line":7,"column":197}},{"start":{"line":7,"column":200},"end":{"line":7,"column":216}}],"line":7},"1":{"loc":{"start":{"line":7,"column":170},"end":{"line":7,"column":191}},"type":"binary-expr","locations":[{"start":{"line":7,"column":170},"end":{"line":7,"column":173}},{"start":{"line":7,"column":177},"end":{"line":7,"column":191}}],"line":7},"2":{"loc":{"start":{"line":55,"column":142},"end":{"line":55,"column":201}},"type":"binary-expr","locations":[{"start":{"line":55,"column":142},"end":{"line":55,"column":163}},{"start":{"line":55,"column":167},"end":{"line":55,"column":201}}],"line":55},"3":{"loc":{"start":{"line":62,"column":25},"end":{"line":62,"column":67}},"type":"binary-expr","locations":[{"start":{"line":62,"column":25},"end":{"line":62,"column":51}},{"start":{"line":62,"column":55},"end":{"line":62,"column":67}}],"line":62},"4":{"loc":{"start":{"line":63,"column":31},"end":{"line":63,"column":53}},"type":"binary-expr","locations":[{"start":{"line":63,"column":31},"end":{"line":63,"column":47}},{"start":{"line":63,"column":51},"end":{"line":63,"column":53}}],"line":63},"5":{"loc":{"start":{"line":66,"column":12},"end":{"line":66,"column":34}},"type":"cond-expr","locations":[{"start":{"line":66,"column":22},"end":{"line":66,"column":27}},{"start":{"line":66,"column":30},"end":{"line":66,"column":34}}],"line":66},"6":{"loc":{"start":{"line":68,"column":12},"end":{"line":70,"column":13}},"type":"if","locations":[{"start":{"line":68,"column":12},"end":{"line":70,"column":13}},{"start":{"line":68,"column":12},"end":{"line":70,"column":13}}],"line":68},"7":{"loc":{"start":{"line":71,"column":12},"end":{"line":73,"column":13}},"type":"if","locations":[{"start":{"line":71,"column":12},"end":{"line":73,"column":13}},{"start":{"line":71,"column":12},"end":{"line":73,"column":13}}],"line":71},"8":{"loc":{"start":{"line":79,"column":12},"end":{"line":81,"column":16}},"type":"binary-expr","locations":[{"start":{"line":79,"column":12},"end":{"line":79,"column":39}},{"start":{"line":80,"column":12},"end":{"line":80,"column":41}},{"start":{"line":81,"column":12},"end":{"line":81,"column":16}}],"line":79},"9":{"loc":{"start":{"line":85,"column":12},"end":{"line":94,"column":13}},"type":"if","locations":[{"start":{"line":85,"column":12},"end":{"line":94,"column":13}},{"start":{"line":85,"column":12},"end":{"line":94,"column":13}}],"line":85},"10":{"loc":{"start":{"line":87,"column":19},"end":{"line":94,"column":13}},"type":"if","locations":[{"start":{"line":87,"column":19},"end":{"line":94,"column":13}},{"start":{"line":87,"column":19},"end":{"line":94,"column":13}}],"line":87},"11":{"loc":{"start":{"line":91,"column":23},"end":{"line":91,"column":111}},"type":"cond-expr","locations":[{"start":{"line":91,"column":78},"end":{"line":91,"column":104}},{"start":{"line":91,"column":107},"end":{"line":91,"column":111}}],"line":91},"12":{"loc":{"start":{"line":91,"column":23},"end":{"line":91,"column":75}},"type":"binary-expr","locations":[{"start":{"line":91,"column":23},"end":{"line":91,"column":54}},{"start":{"line":91,"column":58},"end":{"line":91,"column":75}}],"line":91},"13":{"loc":{"start":{"line":92,"column":19},"end":{"line":94,"column":13}},"type":"if","locations":[{"start":{"line":92,"column":19},"end":{"line":94,"column":13}},{"start":{"line":92,"column":19},"end":{"line":94,"column":13}}],"line":92},"14":{"loc":{"start":{"line":96,"column":19},"end":{"line":96,"column":80}},"type":"cond-expr","locations":[{"start":{"line":96,"column":62},"end":{"line":96,"column":73}},{"start":{"line":96,"column":76},"end":{"line":96,"column":80}}],"line":96},"15":{"loc":{"start":{"line":103,"column":12},"end":{"line":105,"column":13}},"type":"if","locations":[{"start":{"line":103,"column":12},"end":{"line":105,"column":13}},{"start":{"line":103,"column":12},"end":{"line":105,"column":13}}],"line":103},"16":{"loc":{"start":{"line":115,"column":29},"end":{"line":115,"column":43}},"type":"binary-expr","locations":[{"start":{"line":115,"column":29},"end":{"line":115,"column":37}},{"start":{"line":115,"column":41},"end":{"line":115,"column":43}}],"line":115},"17":{"loc":{"start":{"line":117,"column":12},"end":{"line":119,"column":13}},"type":"if","locations":[{"start":{"line":117,"column":12},"end":{"line":119,"column":13}},{"start":{"line":117,"column":12},"end":{"line":119,"column":13}}],"line":117},"18":{"loc":{"start":{"line":122,"column":12},"end":{"line":124,"column":13}},"type":"if","locations":[{"start":{"line":122,"column":12},"end":{"line":124,"column":13}},{"start":{"line":122,"column":12},"end":{"line":124,"column":13}}],"line":122},"19":{"loc":{"start":{"line":126,"column":36},"end":{"line":126,"column":98}},"type":"cond-expr","locations":[{"start":{"line":126,"column":74},"end":{"line":126,"column":86}},{"start":{"line":126,"column":89},"end":{"line":126,"column":98}}],"line":126},"20":{"loc":{"start":{"line":127,"column":29},"end":{"line":127,"column":103}},"type":"cond-expr","locations":[{"start":{"line":127,"column":45},"end":{"line":127,"column":95}},{"start":{"line":127,"column":98},"end":{"line":127,"column":103}}],"line":127},"21":{"loc":{"start":{"line":127,"column":29},"end":{"line":127,"column":42}},"type":"binary-expr","locations":[{"start":{"line":127,"column":29},"end":{"line":127,"column":34}},{"start":{"line":127,"column":38},"end":{"line":127,"column":42}}],"line":127},"22":{"loc":{"start":{"line":128,"column":30},"end":{"line":128,"column":99}},"type":"cond-expr","locations":[{"start":{"line":128,"column":47},"end":{"line":128,"column":90}},{"start":{"line":128,"column":93},"end":{"line":128,"column":99}}],"line":128},"23":{"loc":{"start":{"line":128,"column":30},"end":{"line":128,"column":44}},"type":"binary-expr","locations":[{"start":{"line":128,"column":30},"end":{"line":128,"column":36}},{"start":{"line":128,"column":40},"end":{"line":128,"column":44}}],"line":128},"24":{"loc":{"start":{"line":129,"column":35},"end":{"line":129,"column":90}},"type":"binary-expr","locations":[{"start":{"line":129,"column":35},"end":{"line":129,"column":72}},{"start":{"line":129,"column":76},"end":{"line":129,"column":90}}],"line":129},"25":{"loc":{"start":{"line":130,"column":33},"end":{"line":130,"column":102}},"type":"binary-expr","locations":[{"start":{"line":130,"column":33},"end":{"line":130,"column":45}},{"start":{"line":130,"column":49},"end":{"line":130,"column":65}},{"start":{"line":130,"column":69},"end":{"line":130,"column":102}}],"line":130},"26":{"loc":{"start":{"line":153,"column":20},"end":{"line":153,"column":75}},"type":"cond-expr","locations":[{"start":{"line":153,"column":58},"end":{"line":153,"column":67}},{"start":{"line":153,"column":70},"end":{"line":153,"column":75}}],"line":153},"27":{"loc":{"start":{"line":160,"column":24},"end":{"line":160,"column":88}},"type":"binary-expr","locations":[{"start":{"line":160,"column":24},"end":{"line":160,"column":59}},{"start":{"line":160,"column":63},"end":{"line":160,"column":88}}],"line":160},"28":{"loc":{"start":{"line":162,"column":16},"end":{"line":183,"column":17}},"type":"if","locations":[{"start":{"line":162,"column":16},"end":{"line":183,"column":17}},{"start":{"line":162,"column":16},"end":{"line":183,"column":17}}],"line":162},"29":{"loc":{"start":{"line":167,"column":24},"end":{"line":169,"column":25}},"type":"if","locations":[{"start":{"line":167,"column":24},"end":{"line":169,"column":25}},{"start":{"line":167,"column":24},"end":{"line":169,"column":25}}],"line":167},"30":{"loc":{"start":{"line":176,"column":24},"end":{"line":181,"column":25}},"type":"if","locations":[{"start":{"line":176,"column":24},"end":{"line":181,"column":25}},{"start":{"line":176,"column":24},"end":{"line":181,"column":25}}],"line":176},"31":{"loc":{"start":{"line":202,"column":12},"end":{"line":204,"column":13}},"type":"if","locations":[{"start":{"line":202,"column":12},"end":{"line":204,"column":13}},{"start":{"line":202,"column":12},"end":{"line":204,"column":13}}],"line":202},"32":{"loc":{"start":{"line":222,"column":19},"end":{"line":226,"column":23}},"type":"cond-expr","locations":[{"start":{"line":223,"column":12},"end":{"line":224,"column":28}},{"start":{"line":226,"column":12},"end":{"line":226,"column":23}}],"line":222}},"s":{"0":0,"1":0,"2":0,"3":0,"4":0,"5":0,"6":0,"7":0,"8":0,"9":0,"10":0,"11":0,"12":0,"13":0,"14":0,"15":0,"16":0,"17":0,"18":0,"19":0,"20":0,"21":0,"22":0,"23":0,"24":0,"25":0,"26":0,"27":0,"28":0,"29":0,"30":0,"31":0,"32":0,"33":0,"34":0,"35":0,"36":0,"37":0,"38":0,"39":0,"40":0,"41":0,"42":0,"43":0,"44":0,"45":0,"46":0,"47":0,"48":0,"49":0,"50":0,"51":0,"52":0,"53":0,"54":0,"55":0,"56":0,"57":0,"58":0,"59":0,"60":0,"61":0,"62":0,"63":0,"64":0,"65":0,"66":0,"67":0,"68":0,"69":0,"70":0,"71":0,"72":0,"73":0,"74":0,"75":0,"76":0,"77":0,"78":0,"79":0,"80":0,"81":0,"82":0,"83":0,"84":0,"85":0,"86":0,"87":0,"88":0,"89":0,"90":0,"91":0,"92":0,"93":0,"94":0,"95":0,"96":0,"97":0,"98":0,"99":0,"100":0,"101":0,"102":0,"103":0,"104":0,"105":0,"106":0,"107":0,"108":0,"109":0,"110":0,"111":0,"112":0,"113":0,"114":0,"115":0,"116":0,"117":0,"118":0,"119":0,"120":0,"121":0,"122":0,"123":0,"124":0,"125":0,"126":0,"127":0,"128":0,"129":0,"130":0,"131":0,"132":0,"133":0,"134":0,"135":0},"f":{"0":0,"1":0,"2":0,"3":0,"4":0,"5":0,"6":0,"7":0,"8":0,"9":0,"10":0,"11":0,"12":0,"13":0,"14":0,"15":0,"16":0,"17":0,"18":0,"19":0,"20":0},"b":{"0":[0,0],"1":[0,0],"2":[0,0],"3":[0,0],"4":[0,0],"5":[0,0],"6":[0,0],"7":[0,0],"8":[0,0,0],"9":[0,0],"10":[0,0],"11":[0,0],"12":[0,0],"13":[0,0],"14":[0,0],"15":[0,0],"16":[0,0],"17":[0,0],"18":[0,0],"19":[0,0],"20":[0,0],"21":[0,0],"22":[0,0],"23":[0,0],"24":[0,0],"25":[0,0,0],"26":[0,0],"27":[0,0],"28":[0,0],"29":[0,0],"30":[0,0],"31":[0,0],"32":[0,0]}}
,"/Users/dmp/Code/react-panneau/src/FormGroup.jsx": {"path":"/Users/dmp/Code/react-panneau/src/FormGroup.jsx","statementMap":{"0":{"start":{"line":7,"column":18},"end":{"line":28,"column":1}},"1":{"start":{"line":30,"column":21},"end":{"line":48,"column":1}},"2":{"start":{"line":52,"column":8},"end":{"line":52,"column":21}},"3":{"start":{"line":53,"column":8},"end":{"line":53,"column":65}},"4":{"start":{"line":54,"column":8},"end":{"line":54,"column":55}},"5":{"start":{"line":56,"column":8},"end":{"line":58,"column":10}},"6":{"start":{"line":62,"column":8},"end":{"line":62,"column":27}},"7":{"start":{"line":63,"column":8},"end":{"line":65,"column":11}},"8":{"start":{"line":69,"column":27},"end":{"line":69,"column":37}},"9":{"start":{"line":70,"column":8},"end":{"line":72,"column":9}},"10":{"start":{"line":71,"column":12},"end":{"line":71,"column":24}},"11":{"start":{"line":73,"column":22},"end":{"line":73,"column":58}},"12":{"start":{"line":74,"column":8},"end":{"line":74,"column":43}},"13":{"start":{"line":79,"column":8},"end":{"line":81,"column":9}},"14":{"start":{"line":80,"column":12},"end":{"line":80,"column":24}},"15":{"start":{"line":82,"column":25},"end":{"line":82,"column":39}},"16":{"start":{"line":83,"column":8},"end":{"line":85,"column":10}},"17":{"start":{"line":89,"column":29},"end":{"line":89,"column":39}},"18":{"start":{"line":90,"column":8},"end":{"line":92,"column":9}},"19":{"start":{"line":91,"column":12},"end":{"line":91,"column":24}},"20":{"start":{"line":93,"column":8},"end":{"line":100,"column":10}},"21":{"start":{"line":112,"column":12},"end":{"line":112,"column":22}},"22":{"start":{"line":115,"column":12},"end":{"line":117,"column":19}},"23":{"start":{"line":120,"column":21},"end":{"line":122,"column":17}},"24":{"start":{"line":124,"column":8},"end":{"line":126,"column":9}},"25":{"start":{"line":125,"column":12},"end":{"line":125,"column":24}},"26":{"start":{"line":128,"column":29},"end":{"line":131,"column":10}},"27":{"start":{"line":133,"column":8},"end":{"line":143,"column":10}},"28":{"start":{"line":154,"column":12},"end":{"line":154,"column":22}},"29":{"start":{"line":156,"column":8},"end":{"line":158,"column":9}},"30":{"start":{"line":157,"column":12},"end":{"line":157,"column":28}},"31":{"start":{"line":160,"column":33},"end":{"line":163,"column":22}},"32":{"start":{"line":160,"column":88},"end":{"line":163,"column":9}},"33":{"start":{"line":164,"column":36},"end":{"line":170,"column":10}},"34":{"start":{"line":172,"column":41},"end":{"line":175,"column":10}},"35":{"start":{"line":177,"column":27},"end":{"line":179,"column":9}},"36":{"start":{"line":181,"column":8},"end":{"line":200,"column":9}},"37":{"start":{"line":182,"column":12},"end":{"line":199,"column":14}},"38":{"start":{"line":201,"column":8},"end":{"line":212,"column":10}},"39":{"start":{"line":216,"column":0},"end":{"line":216,"column":32}},"40":{"start":{"line":217,"column":0},"end":{"line":217,"column":38}}},"fnMap":{"0":{"name":"(anonymous_0)","decl":{"start":{"line":51,"column":4},"end":{"line":51,"column":5}},"loc":{"start":{"line":51,"column":23},"end":{"line":59,"column":5}},"line":51},"1":{"name":"(anonymous_1)","decl":{"start":{"line":61,"column":4},"end":{"line":61,"column":5}},"loc":{"start":{"line":61,"column":24},"end":{"line":66,"column":5}},"line":61},"2":{"name":"(anonymous_2)","decl":{"start":{"line":68,"column":4},"end":{"line":68,"column":5}},"loc":{"start":{"line":68,"column":19},"end":{"line":75,"column":5}},"line":68},"3":{"name":"(anonymous_3)","decl":{"start":{"line":78,"column":4},"end":{"line":78,"column":5}},"loc":{"start":{"line":78,"column":28},"end":{"line":86,"column":5}},"line":78},"4":{"name":"(anonymous_4)","decl":{"start":{"line":88,"column":4},"end":{"line":88,"column":5}},"loc":{"start":{"line":88,"column":17},"end":{"line":101,"column":5}},"line":88},"5":{"name":"(anonymous_5)","decl":{"start":{"line":103,"column":4},"end":{"line":103,"column":5}},"loc":{"start":{"line":103,"column":18},"end":{"line":144,"column":5}},"line":103},"6":{"name":"(anonymous_6)","decl":{"start":{"line":146,"column":4},"end":{"line":146,"column":5}},"loc":{"start":{"line":146,"column":13},"end":{"line":213,"column":5}},"line":146},"7":{"name":"(anonymous_7)","decl":{"start":{"line":160,"column":73},"end":{"line":160,"column":74}},"loc":{"start":{"line":160,"column":88},"end":{"line":163,"column":9}},"line":160}},"branchMap":{"0":{"loc":{"start":{"line":70,"column":8},"end":{"line":72,"column":9}},"type":"if","locations":[{"start":{"line":70,"column":8},"end":{"line":72,"column":9}},{"start":{"line":70,"column":8},"end":{"line":72,"column":9}}],"line":70},"1":{"loc":{"start":{"line":70,"column":12},"end":{"line":70,"column":40}},"type":"binary-expr","locations":[{"start":{"line":70,"column":12},"end":{"line":70,"column":19}},{"start":{"line":70,"column":23},"end":{"line":70,"column":40}}],"line":70},"2":{"loc":{"start":{"line":73,"column":22},"end":{"line":73,"column":58}},"type":"cond-expr","locations":[{"start":{"line":73,"column":41},"end":{"line":73,"column":49}},{"start":{"line":73,"column":52},"end":{"line":73,"column":58}}],"line":73},"3":{"loc":{"start":{"line":79,"column":8},"end":{"line":81,"column":9}},"type":"if","locations":[{"start":{"line":79,"column":8},"end":{"line":81,"column":9}},{"start":{"line":79,"column":8},"end":{"line":81,"column":9}}],"line":79},"4":{"loc":{"start":{"line":79,"column":12},"end":{"line":79,"column":35}},"type":"binary-expr","locations":[{"start":{"line":79,"column":12},"end":{"line":79,"column":18}},{"start":{"line":79,"column":22},"end":{"line":79,"column":35}}],"line":79},"5":{"loc":{"start":{"line":90,"column":8},"end":{"line":92,"column":9}},"type":"if","locations":[{"start":{"line":90,"column":8},"end":{"line":92,"column":9}},{"start":{"line":90,"column":8},"end":{"line":92,"column":9}}],"line":90},"6":{"loc":{"start":{"line":115,"column":29},"end":{"line":115,"column":76}},"type":"cond-expr","locations":[{"start":{"line":115,"column":52},"end":{"line":115,"column":63}},{"start":{"line":115,"column":66},"end":{"line":115,"column":76}}],"line":115},"7":{"loc":{"start":{"line":120,"column":21},"end":{"line":122,"column":17}},"type":"cond-expr","locations":[{"start":{"line":121,"column":12},"end":{"line":121,"column":123}},{"start":{"line":122,"column":12},"end":{"line":122,"column":17}}],"line":120},"8":{"loc":{"start":{"line":124,"column":8},"end":{"line":126,"column":9}},"type":"if","locations":[{"start":{"line":124,"column":8},"end":{"line":126,"column":9}},{"start":{"line":124,"column":8},"end":{"line":126,"column":9}}],"line":124},"9":{"loc":{"start":{"line":136,"column":18},"end":{"line":140,"column":17}},"type":"cond-expr","locations":[{"start":{"line":137,"column":20},"end":{"line":137,"column":61}},{"start":{"line":139,"column":20},"end":{"line":139,"column":81}}],"line":136},"10":{"loc":{"start":{"line":156,"column":8},"end":{"line":158,"column":9}},"type":"if","locations":[{"start":{"line":156,"column":8},"end":{"line":158,"column":9}},{"start":{"line":156,"column":8},"end":{"line":158,"column":9}}],"line":156},"11":{"loc":{"start":{"line":160,"column":33},"end":{"line":163,"column":22}},"type":"cond-expr","locations":[{"start":{"line":160,"column":45},"end":{"line":163,"column":15}},{"start":{"line":163,"column":18},"end":{"line":163,"column":22}}],"line":160},"12":{"loc":{"start":{"line":167,"column":25},"end":{"line":167,"column":48}},"type":"binary-expr","locations":[{"start":{"line":167,"column":25},"end":{"line":167,"column":31}},{"start":{"line":167,"column":35},"end":{"line":167,"column":48}}],"line":167},"13":{"loc":{"start":{"line":178,"column":21},"end":{"line":178,"column":60}},"type":"cond-expr","locations":[{"start":{"line":178,"column":44},"end":{"line":178,"column":50}},{"start":{"line":178,"column":53},"end":{"line":178,"column":60}}],"line":178},"14":{"loc":{"start":{"line":181,"column":8},"end":{"line":200,"column":9}},"type":"if","locations":[{"start":{"line":181,"column":8},"end":{"line":200,"column":9}},{"start":{"line":181,"column":8},"end":{"line":200,"column":9}}],"line":181},"15":{"loc":{"start":{"line":204,"column":18},"end":{"line":210,"column":24}},"type":"cond-expr","locations":[{"start":{"line":205,"column":20},"end":{"line":209,"column":26}},{"start":{"line":210,"column":20},"end":{"line":210,"column":24}}],"line":204}},"s":{"0":2,"1":2,"2":3,"3":3,"4":3,"5":3,"6":0,"7":0,"8":3,"9":3,"10":3,"11":0,"12":0,"13":0,"14":0,"15":0,"16":0,"17":3,"18":3,"19":3,"20":0,"21":3,"22":3,"23":3,"24":3,"25":1,"26":2,"27":2,"28":3,"29":3,"30":0,"31":3,"32":3,"33":3,"34":3,"35":3,"36":3,"37":0,"38":3,"39":2,"40":2},"f":{"0":3,"1":0,"2":3,"3":0,"4":3,"5":3,"6":3,"7":3},"b":{"0":[3,0],"1":[3,3],"2":[0,0],"3":[0,0],"4":[0,0],"5":[3,0],"6":[0,3],"7":[0,3],"8":[1,2],"9":[0,2],"10":[0,3],"11":[3,0],"12":[3,3],"13":[0,3],"14":[0,3],"15":[3,0]},"_coverageSchema":"332fd63041d2c1bcb487cc26dd0d5f7d97098a6c","hash":"160f28786732dbe1223f2408f8b1a830f11d6a4f"}
,"/Users/dmp/Code/react-panneau/src/index.js": {"path":"/Users/dmp/Code/react-panneau/src/index.js","statementMap":{"0":{"start":{"line":1,"column":13},"end":{"line":1,"column":75}},"1":{"start":{"line":1,"column":75},"end":{"line":1,"column":354}},"2":{"start":{"line":1,"column":378},"end":{"line":1,"column":411}},"3":{"start":{"line":1,"column":437},"end":{"line":1,"column":478}},"4":{"start":{"line":2,"column":17},"end":{"line":2,"column":39}},"5":{"start":{"line":2,"column":58},"end":{"line":2,"column":92}},"6":{"start":{"line":3,"column":19},"end":{"line":3,"column":43}},"7":{"start":{"line":3,"column":64},"end":{"line":3,"column":100}},"8":{"start":{"line":4,"column":28},"end":{"line":4,"column":61}},"9":{"start":{"line":4,"column":91},"end":{"line":4,"column":136}},"10":{"start":{"line":6,"column":19},"end":{"line":6,"column":50}},"11":{"start":{"line":6,"column":71},"end":{"line":6,"column":107}},"12":{"start":{"line":7,"column":17},"end":{"line":7,"column":46}},"13":{"start":{"line":7,"column":65},"end":{"line":7,"column":99}},"14":{"start":{"line":8,"column":18},"end":{"line":8,"column":48}},"15":{"start":{"line":8,"column":68},"end":{"line":8,"column":103}},"16":{"start":{"line":9,"column":17},"end":{"line":9,"column":46}},"17":{"start":{"line":9,"column":65},"end":{"line":9,"column":99}},"18":{"start":{"line":10,"column":19},"end":{"line":10,"column":50}},"19":{"start":{"line":10,"column":71},"end":{"line":10,"column":107}},"20":{"start":{"line":11,"column":17},"end":{"line":11,"column":46}},"21":{"start":{"line":11,"column":65},"end":{"line":11,"column":99}},"22":{"start":{"line":12,"column":19},"end":{"line":12,"column":50}},"23":{"start":{"line":12,"column":71},"end":{"line":12,"column":107}},"24":{"start":{"line":13,"column":19},"end":{"line":13,"column":50}},"25":{"start":{"line":13,"column":71},"end":{"line":13,"column":107}},"26":{"start":{"line":13,"column":146},"end":{"line":13,"column":200}},"27":{"start":{"line":13,"column":201},"end":{"line":16,"column":46}},"28":{"start":{"line":16,"column":46},"end":{"line":17,"column":32}},"29":{"start":{"line":17,"column":32},"end":{"line":18,"column":36}},"30":{"start":{"line":18,"column":36},"end":{"line":19,"column":54}},"31":{"start":{"line":19,"column":54},"end":{"line":21,"column":36}},"32":{"start":{"line":21,"column":36},"end":{"line":22,"column":32}},"33":{"start":{"line":22,"column":32},"end":{"line":23,"column":34}},"34":{"start":{"line":23,"column":34},"end":{"line":24,"column":32}},"35":{"start":{"line":24,"column":32},"end":{"line":25,"column":36}},"36":{"start":{"line":25,"column":36},"end":{"line":26,"column":32}},"37":{"start":{"line":26,"column":32},"end":{"line":27,"column":36}},"38":{"start":{"line":27,"column":36},"end":{"line":28,"column":36}}},"fnMap":{"0":{"name":"_interopRequireDefault","decl":{"start":{"line":13,"column":117},"end":{"line":13,"column":139}},"loc":{"start":{"line":13,"column":145},"end":{"line":13,"column":201}},"line":13}},"branchMap":{"0":{"loc":{"start":{"line":13,"column":153},"end":{"line":13,"column":199}},"type":"cond-expr","locations":[{"start":{"line":13,"column":177},"end":{"line":13,"column":180}},{"start":{"line":13,"column":183},"end":{"line":13,"column":199}}],"line":13},"1":{"loc":{"start":{"line":13,"column":153},"end":{"line":13,"column":174}},"type":"binary-expr","locations":[{"start":{"line":13,"column":153},"end":{"line":13,"column":156}},{"start":{"line":13,"column":160},"end":{"line":13,"column":174}}],"line":13}},"s":{"0":0,"1":0,"2":0,"3":0,"4":0,"5":0,"6":0,"7":0,"8":0,"9":0,"10":0,"11":0,"12":0,"13":0,"14":0,"15":0,"16":0,"17":0,"18":0,"19":0,"20":0,"21":0,"22":0,"23":0,"24":0,"25":0,"26":0,"27":0,"28":0,"29":0,"30":0,"31":0,"32":0,"33":0,"34":0,"35":0,"36":0,"37":0,"38":0},"f":{"0":0},"b":{"0":[0,0],"1":[0,0]}}
,"/Users/dmp/Code/react-panneau/src/withFieldsCollection.jsx": {"path":"/Users/dmp/Code/react-panneau/src/withFieldsCollection.jsx","statementMap":{"0":{"start":{"line":1,"column":13},"end":{"line":1,"column":75}},"1":{"start":{"line":1,"column":91},"end":{"line":1,"column":131}},"2":{"start":{"line":1,"column":148},"end":{"line":1,"column":181}},"3":{"start":{"line":1,"column":205},"end":{"line":1,"column":252}},"4":{"start":{"line":1,"column":276},"end":{"line":1,"column":316}},"5":{"start":{"line":1,"column":351},"end":{"line":1,"column":409}},"6":{"start":{"line":1,"column":444},"end":{"line":1,"column":495}},"7":{"start":{"line":1,"column":516},"end":{"line":1,"column":560}},"8":{"start":{"line":1,"column":581},"end":{"line":1,"column":618}},"9":{"start":{"line":1,"column":636},"end":{"line":1,"column":677}},"10":{"start":{"line":1,"column":695},"end":{"line":1,"column":729}},"11":{"start":{"line":1,"column":730},"end":{"line":25,"column":21}},"12":{"start":{"line":25,"column":34},"end":{"line":25,"column":50}},"13":{"start":{"line":25,"column":65},"end":{"line":25,"column":95}},"14":{"start":{"line":25,"column":113},"end":{"line":25,"column":134}},"15":{"start":{"line":25,"column":153},"end":{"line":25,"column":187}},"16":{"start":{"line":25,"column":205},"end":{"line":25,"column":225}},"17":{"start":{"line":25,"column":244},"end":{"line":25,"column":278}},"18":{"start":{"line":25,"column":307},"end":{"line":25,"column":341}},"19":{"start":{"line":25,"column":371},"end":{"line":25,"column":416}},"20":{"start":{"line":25,"column":435},"end":{"line":25,"column":465}},"21":{"start":{"line":25,"column":485},"end":{"line":25,"column":520}},"22":{"start":{"line":25,"column":545},"end":{"line":25,"column":578}},"23":{"start":{"line":25,"column":604},"end":{"line":25,"column":645}},"24":{"start":{"line":25,"column":684},"end":{"line":25,"column":738}},"25":{"start":{"line":25,"column":782},"end":{"line":25,"column":858}},"26":{"start":{"line":25,"column":875},"end":{"line":25,"column":955}},"27":{"start":{"line":25,"column":975},"end":{"line":25,"column":1001}},"28":{"start":{"line":25,"column":1026},"end":{"line":25,"column":1106}},"29":{"start":{"line":26,"column":18},"end":{"line":29,"column":9}},"30":{"start":{"line":31,"column":27},"end":{"line":72,"column":65}},"31":{"start":{"line":31,"column":50},"end":{"line":31,"column":108}},"32":{"start":{"line":31,"column":108},"end":{"line":39,"column":18}},"33":{"start":{"line":33,"column":16},"end":{"line":35,"column":149}},"34":{"start":{"line":38,"column":16},"end":{"line":38,"column":44}},"35":{"start":{"line":41,"column":46},"end":{"line":41,"column":104}},"36":{"start":{"line":41,"column":116},"end":{"line":42,"column":19}},"37":{"start":{"line":43,"column":12},"end":{"line":43,"column":41}},"38":{"start":{"line":43,"column":41},"end":{"line":43,"column":54}},"39":{"start":{"line":44,"column":9},"end":{"line":72,"column":18}},"40":{"start":{"line":47,"column":16},"end":{"line":51,"column":54}},"41":{"start":{"line":56,"column":26},"end":{"line":56,"column":30}},"42":{"start":{"line":57,"column":28},"end":{"line":58,"column":27}},"43":{"start":{"line":60,"column":16},"end":{"line":64,"column":17}},"44":{"start":{"line":61,"column":20},"end":{"line":63,"column":22}},"45":{"start":{"line":62,"column":24},"end":{"line":62,"column":51}},"46":{"start":{"line":66,"column":16},"end":{"line":69,"column":64}},"47":{"start":{"line":72,"column":18},"end":{"line":72,"column":46}},"48":{"start":{"line":75,"column":4},"end":{"line":75,"column":47}},"49":{"start":{"line":76,"column":4},"end":{"line":76,"column":53}},"50":{"start":{"line":77,"column":4},"end":{"line":77,"column":63}},"51":{"start":{"line":78,"column":4},"end":{"line":78,"column":104}},"52":{"start":{"line":79,"column":4},"end":{"line":79,"column":61}},"53":{"start":{"line":81,"column":40},"end":{"line":81,"column":115}},"54":{"start":{"line":83,"column":4},"end":{"line":83,"column":41}}},"fnMap":{"0":{"name":"_interopRequireDefault","decl":{"start":{"line":25,"column":655},"end":{"line":25,"column":677}},"loc":{"start":{"line":25,"column":683},"end":{"line":25,"column":739}},"line":25},"1":{"name":"getDisplayName","decl":{"start":{"line":25,"column":748},"end":{"line":25,"column":762}},"loc":{"start":{"line":25,"column":781},"end":{"line":25,"column":859}},"line":25},"2":{"name":"withFieldsCollection","decl":{"start":{"line":25,"column":1116},"end":{"line":25,"column":1136}},"loc":{"start":{"line":25,"column":1179},"end":{"line":84,"column":1}},"line":25},"3":{"name":"(anonymous_3)","decl":{"start":{"line":31,"column":27},"end":{"line":31,"column":28}},"loc":{"start":{"line":31,"column":49},"end":{"line":72,"column":47}},"line":31},"4":{"name":"getWrappedInstance","decl":{"start":{"line":31,"column":209},"end":{"line":31,"column":227}},"loc":{"start":{"line":32,"column":12},"end":{"line":39,"column":13}},"line":32},"5":{"name":"WithFieldsCollection","decl":{"start":{"line":41,"column":17},"end":{"line":41,"column":37}},"loc":{"start":{"line":41,"column":45},"end":{"line":44,"column":9}},"line":41},"6":{"name":"getChildContext","decl":{"start":{"line":44,"column":101},"end":{"line":44,"column":116}},"loc":{"start":{"line":46,"column":12},"end":{"line":54,"column":13}},"line":46},"7":{"name":"render","decl":{"start":{"line":54,"column":50},"end":{"line":54,"column":56}},"loc":{"start":{"line":56,"column":12},"end":{"line":72,"column":13}},"line":56},"8":{"name":"(anonymous_8)","decl":{"start":{"line":61,"column":32},"end":{"line":61,"column":33}},"loc":{"start":{"line":61,"column":45},"end":{"line":63,"column":21}},"line":61}},"branchMap":{"0":{"loc":{"start":{"line":25,"column":691},"end":{"line":25,"column":737}},"type":"cond-expr","locations":[{"start":{"line":25,"column":715},"end":{"line":25,"column":718}},{"start":{"line":25,"column":721},"end":{"line":25,"column":737}}],"line":25},"1":{"loc":{"start":{"line":25,"column":691},"end":{"line":25,"column":712}},"type":"binary-expr","locations":[{"start":{"line":25,"column":691},"end":{"line":25,"column":694}},{"start":{"line":25,"column":698},"end":{"line":25,"column":712}}],"line":25},"2":{"loc":{"start":{"line":25,"column":789},"end":{"line":25,"column":857}},"type":"binary-expr","locations":[{"start":{"line":25,"column":789},"end":{"line":25,"column":817}},{"start":{"line":25,"column":821},"end":{"line":25,"column":842}},{"start":{"line":25,"column":846},"end":{"line":25,"column":857}}],"line":25},"3":{"loc":{"start":{"line":41,"column":164},"end":{"line":41,"column":241}},"type":"binary-expr","locations":[{"start":{"line":41,"column":164},"end":{"line":41,"column":194}},{"start":{"line":41,"column":198},"end":{"line":41,"column":241}}],"line":41},"4":{"loc":{"start":{"line":49,"column":20},"end":{"line":51,"column":51}},"type":"binary-expr","locations":[{"start":{"line":49,"column":20},"end":{"line":49,"column":47}},{"start":{"line":50,"column":20},"end":{"line":50,"column":36}},{"start":{"line":51,"column":20},"end":{"line":51,"column":51}}],"line":49},"5":{"loc":{"start":{"line":60,"column":16},"end":{"line":64,"column":17}},"type":"if","locations":[{"start":{"line":60,"column":16},"end":{"line":64,"column":17}},{"start":{"line":60,"column":16},"end":{"line":64,"column":17}}],"line":60}},"s":{"0":0,"1":0,"2":0,"3":0,"4":0,"5":0,"6":0,"7":0,"8":0,"9":0,"10":0,"11":0,"12":0,"13":0,"14":0,"15":0,"16":0,"17":0,"18":0,"19":0,"20":0,"21":0,"22":0,"23":0,"24":0,"25":0,"26":0,"27":0,"28":0,"29":0,"30":0,"31":0,"32":0,"33":0,"34":0,"35":0,"36":0,"37":0,"38":0,"39":0,"40":0,"41":0,"42":0,"43":0,"44":0,"45":0,"46":0,"47":0,"48":0,"49":0,"50":0,"51":0,"52":0,"53":0,"54":0},"f":{"0":0,"1":0,"2":0,"3":0,"4":0,"5":0,"6":0,"7":0,"8":0},"b":{"0":[0,0],"1":[0,0],"2":[0,0,0],"3":[0,0],"4":[0,0,0],"5":[0,0]}}
,"/Users/dmp/Code/react-panneau/src/fields/CodeField.jsx": {"path":"/Users/dmp/Code/react-panneau/src/fields/CodeField.jsx","statementMap":{"0":{"start":{"line":1,"column":13},"end":{"line":1,"column":75}},"1":{"start":{"line":1,"column":91},"end":{"line":1,"column":131}},"2":{"start":{"line":1,"column":148},"end":{"line":1,"column":181}},"3":{"start":{"line":1,"column":214},"end":{"line":1,"column":270}},"4":{"start":{"line":1,"column":303},"end":{"line":1,"column":352}},"5":{"start":{"line":1,"column":376},"end":{"line":1,"column":423}},"6":{"start":{"line":1,"column":447},"end":{"line":1,"column":487}},"7":{"start":{"line":1,"column":522},"end":{"line":1,"column":580}},"8":{"start":{"line":1,"column":615},"end":{"line":1,"column":666}},"9":{"start":{"line":1,"column":687},"end":{"line":1,"column":731}},"10":{"start":{"line":1,"column":752},"end":{"line":1,"column":789}},"11":{"start":{"line":1,"column":807},"end":{"line":1,"column":848}},"12":{"start":{"line":1,"column":866},"end":{"line":1,"column":900}},"13":{"start":{"line":1,"column":914},"end":{"line":1,"column":930}},"14":{"start":{"line":1,"column":945},"end":{"line":1,"column":975}},"15":{"start":{"line":2,"column":17},"end":{"line":2,"column":38}},"16":{"start":{"line":2,"column":57},"end":{"line":2,"column":91}},"17":{"start":{"line":3,"column":16},"end":{"line":3,"column":42}},"18":{"start":{"line":3,"column":60},"end":{"line":3,"column":93}},"19":{"start":{"line":4,"column":16},"end":{"line":4,"column":42}},"20":{"start":{"line":4,"column":60},"end":{"line":4,"column":93}},"21":{"start":{"line":5,"column":17},"end":{"line":5,"column":40}},"22":{"start":{"line":5,"column":59},"end":{"line":5,"column":93}},"23":{"start":{"line":7,"column":12},"end":{"line":7,"column":49}},"24":{"start":{"line":7,"column":63},"end":{"line":7,"column":92}},"25":{"start":{"line":7,"column":131},"end":{"line":7,"column":185}},"26":{"start":{"line":16,"column":16},"end":{"line":35,"column":40}},"27":{"start":{"line":38,"column":19},"end":{"line":48,"column":20}},"28":{"start":{"line":51,"column":12},"end":{"line":172,"column":50}},"29":{"start":{"line":51,"column":35},"end":{"line":51,"column":82}},"30":{"start":{"line":51,"column":82},"end":{"line":57,"column":14}},"31":{"start":{"line":53,"column":12},"end":{"line":55,"column":13}},"32":{"start":{"line":54,"column":16},"end":{"line":54,"column":29}},"33":{"start":{"line":56,"column":12},"end":{"line":56,"column":125}},"34":{"start":{"line":59,"column":31},"end":{"line":59,"column":78}},"35":{"start":{"line":59,"column":90},"end":{"line":60,"column":15}},"36":{"start":{"line":62,"column":8},"end":{"line":62,"column":31}},"37":{"start":{"line":63,"column":8},"end":{"line":63,"column":27}},"38":{"start":{"line":65,"column":8},"end":{"line":65,"column":52}},"39":{"start":{"line":67,"column":8},"end":{"line":69,"column":105}},"40":{"start":{"line":69,"column":105},"end":{"line":69,"column":118}},"41":{"start":{"line":71,"column":5},"end":{"line":172,"column":14}},"42":{"start":{"line":73,"column":22},"end":{"line":73,"column":26}},"43":{"start":{"line":74,"column":12},"end":{"line":74,"column":22}},"44":{"start":{"line":74,"column":34},"end":{"line":74,"column":49}},"45":{"start":{"line":74,"column":58},"end":{"line":74,"column":70}},"46":{"start":{"line":75,"column":12},"end":{"line":89,"column":15}},"47":{"start":{"line":75,"column":48},"end":{"line":75,"column":119}},"48":{"start":{"line":77,"column":16},"end":{"line":77,"column":53}},"49":{"start":{"line":79,"column":30},"end":{"line":79,"column":139}},"50":{"start":{"line":79,"column":73},"end":{"line":79,"column":136}},"51":{"start":{"line":81,"column":16},"end":{"line":81,"column":37}},"52":{"start":{"line":83,"column":30},"end":{"line":83,"column":171}},"53":{"start":{"line":83,"column":73},"end":{"line":83,"column":168}},"54":{"start":{"line":84,"column":30},"end":{"line":84,"column":170}},"55":{"start":{"line":84,"column":73},"end":{"line":84,"column":167}},"56":{"start":{"line":86,"column":16},"end":{"line":87,"column":35}},"57":{"start":{"line":102,"column":12},"end":{"line":102,"column":22}},"58":{"start":{"line":102,"column":34},"end":{"line":102,"column":50}},"59":{"start":{"line":102,"column":62},"end":{"line":102,"column":78}},"60":{"start":{"line":102,"column":88},"end":{"line":102,"column":102}},"61":{"start":{"line":102,"column":111},"end":{"line":102,"column":124}},"62":{"start":{"line":104,"column":12},"end":{"line":120,"column":13}},"63":{"start":{"line":105,"column":16},"end":{"line":117,"column":19}},"64":{"start":{"line":108,"column":30},"end":{"line":108,"column":36}},"65":{"start":{"line":109,"column":20},"end":{"line":113,"column":21}},"66":{"start":{"line":110,"column":24},"end":{"line":110,"column":51}},"67":{"start":{"line":112,"column":24},"end":{"line":112,"column":36}},"68":{"start":{"line":114,"column":20},"end":{"line":116,"column":21}},"69":{"start":{"line":115,"column":24},"end":{"line":115,"column":38}},"70":{"start":{"line":118,"column":19},"end":{"line":120,"column":13}},"71":{"start":{"line":119,"column":16},"end":{"line":119,"column":35}},"72":{"start":{"line":133,"column":12},"end":{"line":133,"column":22}},"73":{"start":{"line":133,"column":34},"end":{"line":133,"column":50}},"74":{"start":{"line":133,"column":59},"end":{"line":133,"column":72}},"75":{"start":{"line":133,"column":81},"end":{"line":133,"column":94}},"76":{"start":{"line":133,"column":104},"end":{"line":133,"column":118}},"77":{"start":{"line":133,"column":127},"end":{"line":133,"column":140}},"78":{"start":{"line":133,"column":150},"end":{"line":133,"column":164}},"79":{"start":{"line":133,"column":179},"end":{"line":133,"column":198}},"80":{"start":{"line":133,"column":207},"end":{"line":133,"column":330}},"81":{"start":{"line":135,"column":24},"end":{"line":135,"column":44}},"82":{"start":{"line":137,"column":22},"end":{"line":137,"column":88}},"83":{"start":{"line":139,"column":30},"end":{"line":139,"column":83}},"84":{"start":{"line":140,"column":31},"end":{"line":140,"column":87}},"85":{"start":{"line":142,"column":28},"end":{"line":142,"column":42}},"86":{"start":{"line":144,"column":12},"end":{"line":153,"column":49}},"87":{"start":{"line":163,"column":12},"end":{"line":163,"column":22}},"88":{"start":{"line":163,"column":30},"end":{"line":163,"column":42}},"89":{"start":{"line":163,"column":51},"end":{"line":163,"column":64}},"90":{"start":{"line":163,"column":73},"end":{"line":163,"column":139}},"91":{"start":{"line":165,"column":20},"end":{"line":165,"column":36}},"92":{"start":{"line":167,"column":12},"end":{"line":169,"column":56}},"93":{"start":{"line":172,"column":14},"end":{"line":172,"column":31}},"94":{"start":{"line":175,"column":0},"end":{"line":175,"column":32}},"95":{"start":{"line":176,"column":0},"end":{"line":176,"column":38}},"96":{"start":{"line":176,"column":38},"end":{"line":178,"column":10}}},"fnMap":{"0":{"name":"_interopRequireDefault","decl":{"start":{"line":7,"column":102},"end":{"line":7,"column":124}},"loc":{"start":{"line":7,"column":130},"end":{"line":7,"column":186}},"line":7},"1":{"name":"(anonymous_1)","decl":{"start":{"line":51,"column":12},"end":{"line":51,"column":13}},"loc":{"start":{"line":51,"column":34},"end":{"line":172,"column":32}},"line":51},"2":{"name":"parse","decl":{"start":{"line":51,"column":159},"end":{"line":51,"column":164}},"loc":{"start":{"line":52,"column":15},"end":{"line":57,"column":9}},"line":52},"3":{"name":"CodeField","decl":{"start":{"line":59,"column":13},"end":{"line":59,"column":22}},"loc":{"start":{"line":59,"column":30},"end":{"line":71,"column":5}},"line":59},"4":{"name":"componentDidMount","decl":{"start":{"line":71,"column":88},"end":{"line":71,"column":105}},"loc":{"start":{"line":73,"column":8},"end":{"line":90,"column":9}},"line":73},"5":{"name":"(anonymous_5)","decl":{"start":{"line":75,"column":35},"end":{"line":75,"column":36}},"loc":{"start":{"line":75,"column":47},"end":{"line":75,"column":120}},"line":75},"6":{"name":"(anonymous_6)","decl":{"start":{"line":76,"column":17},"end":{"line":76,"column":18}},"loc":{"start":{"line":76,"column":38},"end":{"line":78,"column":13}},"line":76},"7":{"name":"(anonymous_7)","decl":{"start":{"line":79,"column":17},"end":{"line":79,"column":18}},"loc":{"start":{"line":79,"column":29},"end":{"line":79,"column":140}},"line":79},"8":{"name":"(anonymous_8)","decl":{"start":{"line":79,"column":60},"end":{"line":79,"column":61}},"loc":{"start":{"line":79,"column":72},"end":{"line":79,"column":137}},"line":79},"9":{"name":"(anonymous_9)","decl":{"start":{"line":80,"column":17},"end":{"line":80,"column":18}},"loc":{"start":{"line":80,"column":34},"end":{"line":82,"column":13}},"line":80},"10":{"name":"(anonymous_10)","decl":{"start":{"line":83,"column":17},"end":{"line":83,"column":18}},"loc":{"start":{"line":83,"column":29},"end":{"line":83,"column":172}},"line":83},"11":{"name":"(anonymous_11)","decl":{"start":{"line":83,"column":60},"end":{"line":83,"column":61}},"loc":{"start":{"line":83,"column":72},"end":{"line":83,"column":169}},"line":83},"12":{"name":"(anonymous_12)","decl":{"start":{"line":84,"column":17},"end":{"line":84,"column":18}},"loc":{"start":{"line":84,"column":29},"end":{"line":84,"column":171}},"line":84},"13":{"name":"(anonymous_13)","decl":{"start":{"line":84,"column":60},"end":{"line":84,"column":61}},"loc":{"start":{"line":84,"column":72},"end":{"line":84,"column":168}},"line":84},"14":{"name":"(anonymous_14)","decl":{"start":{"line":85,"column":17},"end":{"line":85,"column":18}},"loc":{"start":{"line":85,"column":29},"end":{"line":89,"column":13}},"line":85},"15":{"name":"componentWillUnmount","decl":{"start":{"line":90,"column":60},"end":{"line":90,"column":80}},"loc":{"start":{"line":92,"column":8},"end":{"line":94,"column":9}},"line":92},"16":{"name":"onChange","decl":{"start":{"line":94,"column":48},"end":{"line":94,"column":56}},"loc":{"start":{"line":96,"column":18},"end":{"line":121,"column":9}},"line":96},"17":{"name":"(anonymous_17)","decl":{"start":{"line":107,"column":16},"end":{"line":107,"column":17}},"loc":{"start":{"line":107,"column":28},"end":{"line":117,"column":17}},"line":107},"18":{"name":"renderField","decl":{"start":{"line":121,"column":51},"end":{"line":121,"column":62}},"loc":{"start":{"line":123,"column":8},"end":{"line":156,"column":9}},"line":123},"19":{"name":"render","decl":{"start":{"line":156,"column":46},"end":{"line":156,"column":52}},"loc":{"start":{"line":158,"column":8},"end":{"line":172,"column":9}},"line":158}},"branchMap":{"0":{"loc":{"start":{"line":7,"column":138},"end":{"line":7,"column":184}},"type":"cond-expr","locations":[{"start":{"line":7,"column":162},"end":{"line":7,"column":165}},{"start":{"line":7,"column":168},"end":{"line":7,"column":184}}],"line":7},"1":{"loc":{"start":{"line":7,"column":138},"end":{"line":7,"column":159}},"type":"binary-expr","locations":[{"start":{"line":7,"column":138},"end":{"line":7,"column":141}},{"start":{"line":7,"column":145},"end":{"line":7,"column":159}}],"line":7},"2":{"loc":{"start":{"line":53,"column":12},"end":{"line":55,"column":13}},"type":"if","locations":[{"start":{"line":53,"column":12},"end":{"line":55,"column":13}},{"start":{"line":53,"column":12},"end":{"line":55,"column":13}}],"line":53},"3":{"loc":{"start":{"line":53,"column":16},"end":{"line":53,"column":62}},"type":"binary-expr","locations":[{"start":{"line":53,"column":16},"end":{"line":53,"column":44}},{"start":{"line":53,"column":48},"end":{"line":53,"column":62}}],"line":53},"4":{"loc":{"start":{"line":56,"column":19},"end":{"line":56,"column":124}},"type":"cond-expr","locations":[{"start":{"line":56,"column":86},"end":{"line":56,"column":91}},{"start":{"line":56,"column":94},"end":{"line":56,"column":124}}],"line":56},"5":{"loc":{"start":{"line":56,"column":19},"end":{"line":56,"column":83}},"type":"binary-expr","locations":[{"start":{"line":56,"column":19},"end":{"line":56,"column":49}},{"start":{"line":56,"column":53},"end":{"line":56,"column":83}}],"line":56},"6":{"loc":{"start":{"line":59,"column":138},"end":{"line":59,"column":193}},"type":"binary-expr","locations":[{"start":{"line":59,"column":138},"end":{"line":59,"column":157}},{"start":{"line":59,"column":161},"end":{"line":59,"column":193}}],"line":59},"7":{"loc":{"start":{"line":69,"column":23},"end":{"line":69,"column":102}},"type":"cond-expr","locations":[{"start":{"line":69,"column":67},"end":{"line":69,"column":95}},{"start":{"line":69,"column":98},"end":{"line":69,"column":102}}],"line":69},"8":{"loc":{"start":{"line":69,"column":23},"end":{"line":69,"column":64}},"type":"binary-expr","locations":[{"start":{"line":69,"column":23},"end":{"line":69,"column":48}},{"start":{"line":69,"column":52},"end":{"line":69,"column":64}}],"line":69},"9":{"loc":{"start":{"line":104,"column":12},"end":{"line":120,"column":13}},"type":"if","locations":[{"start":{"line":104,"column":12},"end":{"line":120,"column":13}},{"start":{"line":104,"column":12},"end":{"line":120,"column":13}}],"line":104},"10":{"loc":{"start":{"line":104,"column":16},"end":{"line":104,"column":45}},"type":"binary-expr","locations":[{"start":{"line":104,"column":16},"end":{"line":104,"column":35}},{"start":{"line":104,"column":39},"end":{"line":104,"column":45}}],"line":104},"11":{"loc":{"start":{"line":114,"column":20},"end":{"line":116,"column":21}},"type":"if","locations":[{"start":{"line":114,"column":20},"end":{"line":116,"column":21}},{"start":{"line":114,"column":20},"end":{"line":116,"column":21}}],"line":114},"12":{"loc":{"start":{"line":118,"column":19},"end":{"line":120,"column":13}},"type":"if","locations":[{"start":{"line":118,"column":19},"end":{"line":120,"column":13}},{"start":{"line":118,"column":19},"end":{"line":120,"column":13}}],"line":118},"13":{"loc":{"start":{"line":137,"column":22},"end":{"line":137,"column":88}},"type":"cond-expr","locations":[{"start":{"line":137,"column":54},"end":{"line":137,"column":63}},{"start":{"line":137,"column":66},"end":{"line":137,"column":88}}],"line":137},"14":{"loc":{"start":{"line":137,"column":22},"end":{"line":137,"column":51}},"type":"binary-expr","locations":[{"start":{"line":137,"column":22},"end":{"line":137,"column":41}},{"start":{"line":137,"column":45},"end":{"line":137,"column":51}}],"line":137},"15":{"loc":{"start":{"line":139,"column":30},"end":{"line":139,"column":83}},"type":"cond-expr","locations":[{"start":{"line":139,"column":63},"end":{"line":139,"column":75}},{"start":{"line":139,"column":78},"end":{"line":139,"column":83}}],"line":139},"16":{"loc":{"start":{"line":140,"column":31},"end":{"line":140,"column":87}},"type":"cond-expr","locations":[{"start":{"line":140,"column":65},"end":{"line":140,"column":78}},{"start":{"line":140,"column":81},"end":{"line":140,"column":87}}],"line":140},"17":{"loc":{"start":{"line":149,"column":27},"end":{"line":149,"column":36}},"type":"binary-expr","locations":[{"start":{"line":149,"column":27},"end":{"line":149,"column":30}},{"start":{"line":149,"column":34},"end":{"line":149,"column":36}}],"line":149},"18":{"loc":{"start":{"line":169,"column":20},"end":{"line":169,"column":53}},"type":"cond-expr","locations":[{"start":{"line":169,"column":28},"end":{"line":169,"column":46}},{"start":{"line":169,"column":49},"end":{"line":169,"column":53}}],"line":169}},"s":{"0":0,"1":0,"2":0,"3":0,"4":0,"5":0,"6":0,"7":0,"8":0,"9":0,"10":0,"11":0,"12":0,"13":0,"14":0,"15":0,"16":0,"17":0,"18":0,"19":0,"20":0,"21":0,"22":0,"23":0,"24":0,"25":0,"26":0,"27":0,"28":0,"29":0,"30":0,"31":0,"32":0,"33":0,"34":0,"35":0,"36":0,"37":0,"38":0,"39":0,"40":0,"41":0,"42":0,"43":0,"44":0,"45":0,"46":0,"47":0,"48":0,"49":0,"50":0,"51":0,"52":0,"53":0,"54":0,"55":0,"56":0,"57":0,"58":0,"59":0,"60":0,"61":0,"62":0,"63":0,"64":0,"65":0,"66":0,"67":0,"68":0,"69":0,"70":0,"71":0,"72":0,"73":0,"74":0,"75":0,"76":0,"77":0,"78":0,"79":0,"80":0,"81":0,"82":0,"83":0,"84":0,"85":0,"86":0,"87":0,"88":0,"89":0,"90":0,"91":0,"92":0,"93":0,"94":0,"95":0,"96":0},"f":{"0":0,"1":0,"2":0,"3":0,"4":0,"5":0,"6":0,"7":0,"8":0,"9":0,"10":0,"11":0,"12":0,"13":0,"14":0,"15":0,"16":0,"17":0,"18":0,"19":0},"b":{"0":[0,0],"1":[0,0],"2":[0,0],"3":[0,0],"4":[0,0],"5":[0,0],"6":[0,0],"7":[0,0],"8":[0,0],"9":[0,0],"10":[0,0],"11":[0,0],"12":[0,0],"13":[0,0],"14":[0,0],"15":[0,0],"16":[0,0],"17":[0,0],"18":[0,0]}}
,"/Users/dmp/Code/react-panneau/src/fields/ColorField.jsx": {"path":"/Users/dmp/Code/react-panneau/src/fields/ColorField.jsx","statementMap":{"0":{"start":{"line":1,"column":13},"end":{"line":1,"column":75}},"1":{"start":{"line":1,"column":91},"end":{"line":1,"column":131}},"2":{"start":{"line":1,"column":148},"end":{"line":1,"column":181}},"3":{"start":{"line":1,"column":205},"end":{"line":1,"column":252}},"4":{"start":{"line":1,"column":276},"end":{"line":1,"column":316}},"5":{"start":{"line":1,"column":349},"end":{"line":1,"column":405}},"6":{"start":{"line":1,"column":438},"end":{"line":1,"column":487}},"7":{"start":{"line":1,"column":511},"end":{"line":1,"column":558}},"8":{"start":{"line":1,"column":582},"end":{"line":1,"column":622}},"9":{"start":{"line":1,"column":657},"end":{"line":1,"column":715}},"10":{"start":{"line":1,"column":750},"end":{"line":1,"column":801}},"11":{"start":{"line":1,"column":822},"end":{"line":1,"column":866}},"12":{"start":{"line":1,"column":887},"end":{"line":1,"column":924}},"13":{"start":{"line":1,"column":942},"end":{"line":1,"column":983}},"14":{"start":{"line":1,"column":1001},"end":{"line":1,"column":1035}},"15":{"start":{"line":1,"column":1049},"end":{"line":1,"column":1065}},"16":{"start":{"line":1,"column":1080},"end":{"line":1,"column":1110}},"17":{"start":{"line":2,"column":17},"end":{"line":2,"column":38}},"18":{"start":{"line":2,"column":57},"end":{"line":2,"column":91}},"19":{"start":{"line":3,"column":18},"end":{"line":3,"column":40}},"20":{"start":{"line":14,"column":13},"end":{"line":14,"column":29}},"21":{"start":{"line":14,"column":44},"end":{"line":14,"column":74}},"22":{"start":{"line":15,"column":16},"end":{"line":15,"column":42}},"23":{"start":{"line":15,"column":60},"end":{"line":15,"column":93}},"24":{"start":{"line":16,"column":18},"end":{"line":16,"column":39}},"25":{"start":{"line":16,"column":59},"end":{"line":16,"column":94}},"26":{"start":{"line":17,"column":17},"end":{"line":17,"column":40}},"27":{"start":{"line":17,"column":59},"end":{"line":17,"column":93}},"28":{"start":{"line":19,"column":14},"end":{"line":19,"column":52}},"29":{"start":{"line":19,"column":67},"end":{"line":19,"column":98}},"30":{"start":{"line":21,"column":17},"end":{"line":21,"column":39}},"31":{"start":{"line":21,"column":58},"end":{"line":21,"column":92}},"32":{"start":{"line":22,"column":15},"end":{"line":22,"column":43}},"33":{"start":{"line":22,"column":60},"end":{"line":22,"column":92}},"34":{"start":{"line":22,"column":131},"end":{"line":22,"column":185}},"35":{"start":{"line":31,"column":17},"end":{"line":40,"column":42}},"36":{"start":{"line":43,"column":16},"end":{"line":64,"column":41}},"37":{"start":{"line":67,"column":19},"end":{"line":82,"column":22}},"38":{"start":{"line":85,"column":13},"end":{"line":296,"column":51}},"39":{"start":{"line":85,"column":36},"end":{"line":85,"column":84}},"40":{"start":{"line":85,"column":84},"end":{"line":107,"column":14}},"41":{"start":{"line":87,"column":24},"end":{"line":91,"column":22}},"42":{"start":{"line":93,"column":12},"end":{"line":104,"column":13}},"43":{"start":{"line":94,"column":16},"end":{"line":103,"column":17}},"44":{"start":{"line":95,"column":38},"end":{"line":95,"column":65}},"45":{"start":{"line":96,"column":20},"end":{"line":96,"column":48}},"46":{"start":{"line":97,"column":20},"end":{"line":97,"column":50}},"47":{"start":{"line":98,"column":20},"end":{"line":98,"column":49}},"48":{"start":{"line":99,"column":20},"end":{"line":99,"column":50}},"49":{"start":{"line":102,"column":20},"end":{"line":102,"column":33}},"50":{"start":{"line":106,"column":12},"end":{"line":106,"column":25}},"51":{"start":{"line":109,"column":32},"end":{"line":109,"column":80}},"52":{"start":{"line":109,"column":92},"end":{"line":110,"column":15}},"53":{"start":{"line":112,"column":8},"end":{"line":112,"column":52}},"54":{"start":{"line":113,"column":8},"end":{"line":113,"column":62}},"55":{"start":{"line":114,"column":8},"end":{"line":114,"column":50}},"56":{"start":{"line":115,"column":8},"end":{"line":115,"column":60}},"57":{"start":{"line":116,"column":8},"end":{"line":116,"column":50}},"58":{"start":{"line":117,"column":8},"end":{"line":117,"column":58}},"59":{"start":{"line":119,"column":8},"end":{"line":120,"column":59}},"60":{"start":{"line":120,"column":59},"end":{"line":120,"column":72}},"61":{"start":{"line":122,"column":5},"end":{"line":296,"column":14}},"62":{"start":{"line":125,"column":27},"end":{"line":125,"column":50}},"63":{"start":{"line":126,"column":12},"end":{"line":128,"column":13}},"64":{"start":{"line":127,"column":16},"end":{"line":127,"column":46}},"65":{"start":{"line":132,"column":12},"end":{"line":134,"column":13}},"66":{"start":{"line":133,"column":16},"end":{"line":133,"column":43}},"67":{"start":{"line":138,"column":12},"end":{"line":138,"column":38}},"68":{"start":{"line":142,"column":12},"end":{"line":143,"column":70}},"69":{"start":{"line":148,"column":12},"end":{"line":149,"column":45}},"70":{"start":{"line":154,"column":27},"end":{"line":154,"column":50}},"71":{"start":{"line":156,"column":25},"end":{"line":156,"column":27}},"72":{"start":{"line":157,"column":12},"end":{"line":172,"column":22}},"73":{"start":{"line":159,"column":20},"end":{"line":159,"column":98}},"74":{"start":{"line":160,"column":20},"end":{"line":160,"column":26}},"75":{"start":{"line":162,"column":20},"end":{"line":162,"column":120}},"76":{"start":{"line":163,"column":20},"end":{"line":163,"column":26}},"77":{"start":{"line":165,"column":20},"end":{"line":165,"column":39}},"78":{"start":{"line":166,"column":20},"end":{"line":166,"column":26}},"79":{"start":{"line":168,"column":20},"end":{"line":172,"column":21}},"80":{"start":{"line":169,"column":24},"end":{"line":169,"column":124}},"81":{"start":{"line":171,"column":24},"end":{"line":171,"column":43}},"82":{"start":{"line":174,"column":12},"end":{"line":174,"column":26}},"83":{"start":{"line":184,"column":12},"end":{"line":184,"column":22}},"84":{"start":{"line":184,"column":36},"end":{"line":184,"column":53}},"85":{"start":{"line":184,"column":62},"end":{"line":184,"column":74}},"86":{"start":{"line":184,"column":84},"end":{"line":184,"column":97}},"87":{"start":{"line":184,"column":113},"end":{"line":184,"column":132}},"88":{"start":{"line":184,"column":149},"end":{"line":184,"column":169}},"89":{"start":{"line":185,"column":25},"end":{"line":185,"column":47}},"90":{"start":{"line":186,"column":24},"end":{"line":186,"column":47}},"91":{"start":{"line":188,"column":31},"end":{"line":188,"column":33}},"92":{"start":{"line":189,"column":12},"end":{"line":193,"column":13}},"93":{"start":{"line":190,"column":16},"end":{"line":190,"column":41}},"94":{"start":{"line":191,"column":19},"end":{"line":193,"column":13}},"95":{"start":{"line":192,"column":16},"end":{"line":192,"column":42}},"96":{"start":{"line":195,"column":12},"end":{"line":205,"column":56}},"97":{"start":{"line":223,"column":12},"end":{"line":223,"column":22}},"98":{"start":{"line":223,"column":36},"end":{"line":223,"column":54}},"99":{"start":{"line":223,"column":62},"end":{"line":223,"column":74}},"100":{"start":{"line":223,"column":83},"end":{"line":223,"column":96}},"101":{"start":{"line":223,"column":105},"end":{"line":223,"column":118}},"102":{"start":{"line":223,"column":128},"end":{"line":223,"column":142}},"103":{"start":{"line":223,"column":154},"end":{"line":223,"column":170}},"104":{"start":{"line":223,"column":186},"end":{"line":223,"column":206}},"105":{"start":{"line":223,"column":223},"end":{"line":223,"column":244}},"106":{"start":{"line":223,"column":257},"end":{"line":223,"column":274}},"107":{"start":{"line":223,"column":283},"end":{"line":223,"column":440}},"108":{"start":{"line":225,"column":33},"end":{"line":225,"column":62}},"109":{"start":{"line":227,"column":24},"end":{"line":227,"column":47}},"110":{"start":{"line":229,"column":29},"end":{"line":230,"column":128}},"111":{"start":{"line":233,"column":37},"end":{"line":235,"column":52}},"112":{"start":{"line":238,"column":39},"end":{"line":240,"column":47}},"113":{"start":{"line":244,"column":12},"end":{"line":268,"column":90}},"114":{"start":{"line":273,"column":12},"end":{"line":292,"column":76}},"115":{"start":{"line":296,"column":14},"end":{"line":296,"column":32}},"116":{"start":{"line":299,"column":0},"end":{"line":299,"column":33}},"117":{"start":{"line":300,"column":0},"end":{"line":300,"column":39}},"118":{"start":{"line":300,"column":39},"end":{"line":302,"column":11}}},"fnMap":{"0":{"name":"_interopRequireDefault","decl":{"start":{"line":22,"column":102},"end":{"line":22,"column":124}},"loc":{"start":{"line":22,"column":130},"end":{"line":22,"column":186}},"line":22},"1":{"name":"(anonymous_1)","decl":{"start":{"line":85,"column":13},"end":{"line":85,"column":14}},"loc":{"start":{"line":85,"column":35},"end":{"line":296,"column":33}},"line":85},"2":{"name":"parse","decl":{"start":{"line":85,"column":162},"end":{"line":85,"column":167}},"loc":{"start":{"line":86,"column":15},"end":{"line":107,"column":9}},"line":86},"3":{"name":"ColorField","decl":{"start":{"line":109,"column":13},"end":{"line":109,"column":23}},"loc":{"start":{"line":109,"column":31},"end":{"line":122,"column":5}},"line":109},"4":{"name":"onChange","decl":{"start":{"line":122,"column":80},"end":{"line":122,"column":88}},"loc":{"start":{"line":124,"column":15},"end":{"line":129,"column":9}},"line":124},"5":{"name":"onInputChange","decl":{"start":{"line":129,"column":53},"end":{"line":129,"column":66}},"loc":{"start":{"line":131,"column":15},"end":{"line":135,"column":9}},"line":131},"6":{"name":"onClickClear","decl":{"start":{"line":135,"column":52},"end":{"line":135,"column":64}},"loc":{"start":{"line":137,"column":8},"end":{"line":139,"column":9}},"line":137},"7":{"name":"onClick","decl":{"start":{"line":139,"column":47},"end":{"line":139,"column":54}},"loc":{"start":{"line":141,"column":8},"end":{"line":145,"column":9}},"line":141},"8":{"name":"onClose","decl":{"start":{"line":145,"column":47},"end":{"line":145,"column":54}},"loc":{"start":{"line":147,"column":8},"end":{"line":151,"column":9}},"line":147},"9":{"name":"formatColor","decl":{"start":{"line":151,"column":51},"end":{"line":151,"column":62}},"loc":{"start":{"line":153,"column":15},"end":{"line":175,"column":9}},"line":153},"10":{"name":"renderPopover","decl":{"start":{"line":175,"column":53},"end":{"line":175,"column":66}},"loc":{"start":{"line":177,"column":8},"end":{"line":209,"column":9}},"line":177},"11":{"name":"render","decl":{"start":{"line":209,"column":46},"end":{"line":209,"column":52}},"loc":{"start":{"line":211,"column":8},"end":{"line":296,"column":9}},"line":211}},"branchMap":{"0":{"loc":{"start":{"line":22,"column":138},"end":{"line":22,"column":184}},"type":"cond-expr","locations":[{"start":{"line":22,"column":162},"end":{"line":22,"column":165}},{"start":{"line":22,"column":168},"end":{"line":22,"column":184}}],"line":22},"1":{"loc":{"start":{"line":22,"column":138},"end":{"line":22,"column":159}},"type":"binary-expr","locations":[{"start":{"line":22,"column":138},"end":{"line":22,"column":141}},{"start":{"line":22,"column":145},"end":{"line":22,"column":159}}],"line":22},"2":{"loc":{"start":{"line":93,"column":12},"end":{"line":104,"column":13}},"type":"if","locations":[{"start":{"line":93,"column":12},"end":{"line":104,"column":13}},{"start":{"line":93,"column":12},"end":{"line":104,"column":13}}],"line":93},"3":{"loc":{"start":{"line":109,"column":140},"end":{"line":109,"column":197}},"type":"binary-expr","locations":[{"start":{"line":109,"column":140},"end":{"line":109,"column":160}},{"start":{"line":109,"column":164},"end":{"line":109,"column":197}}],"line":109},"4":{"loc":{"start":{"line":126,"column":12},"end":{"line":128,"column":13}},"type":"if","locations":[{"start":{"line":126,"column":12},"end":{"line":128,"column":13}},{"start":{"line":126,"column":12},"end":{"line":128,"column":13}}],"line":126},"5":{"loc":{"start":{"line":126,"column":16},"end":{"line":126,"column":105}},"type":"binary-expr","locations":[{"start":{"line":126,"column":16},"end":{"line":126,"column":35}},{"start":{"line":126,"column":39},"end":{"line":126,"column":72}},{"start":{"line":126,"column":76},"end":{"line":126,"column":105}}],"line":126},"6":{"loc":{"start":{"line":132,"column":12},"end":{"line":134,"column":13}},"type":"if","locations":[{"start":{"line":132,"column":12},"end":{"line":134,"column":13}},{"start":{"line":132,"column":12},"end":{"line":134,"column":13}}],"line":132},"7":{"loc":{"start":{"line":157,"column":12},"end":{"line":172,"column":22}},"type":"switch","locations":[{"start":{"line":158,"column":16},"end":{"line":160,"column":26}},{"start":{"line":161,"column":16},"end":{"line":163,"column":26}},{"start":{"line":164,"column":16},"end":{"line":166,"column":26}},{"start":{"line":167,"column":16},"end":{"line":172,"column":21}}],"line":157},"8":{"loc":{"start":{"line":168,"column":20},"end":{"line":172,"column":21}},"type":"if","locations":[{"start":{"line":168,"column":20},"end":{"line":172,"column":21}},{"start":{"line":168,"column":20},"end":{"line":172,"column":21}}],"line":168},"9":{"loc":{"start":{"line":189,"column":12},"end":{"line":193,"column":13}},"type":"if","locations":[{"start":{"line":189,"column":12},"end":{"line":193,"column":13}},{"start":{"line":189,"column":12},"end":{"line":193,"column":13}}],"line":189},"10":{"loc":{"start":{"line":191,"column":19},"end":{"line":193,"column":13}},"type":"if","locations":[{"start":{"line":191,"column":19},"end":{"line":193,"column":13}},{"start":{"line":191,"column":19},"end":{"line":193,"column":13}}],"line":191},"11":{"loc":{"start":{"line":230,"column":28},"end":{"line":230,"column":126}},"type":"cond-expr","locations":[{"start":{"line":230,"column":45},"end":{"line":230,"column":119}},{"start":{"line":230,"column":122},"end":{"line":230,"column":126}}],"line":230},"12":{"loc":{"start":{"line":265,"column":34},"end":{"line":265,"column":60}},"type":"binary-expr","locations":[{"start":{"line":265,"column":34},"end":{"line":265,"column":48}},{"start":{"line":265,"column":52},"end":{"line":265,"column":60}}],"line":265},"13":{"loc":{"start":{"line":281,"column":24},"end":{"line":291,"column":35}},"type":"cond-expr","locations":[{"start":{"line":282,"column":24},"end":{"line":289,"column":40}},{"start":{"line":291,"column":24},"end":{"line":291,"column":35}}],"line":281},"14":{"loc":{"start":{"line":292,"column":24},"end":{"line":292,"column":72}},"type":"cond-expr","locations":[{"start":{"line":292,"column":45},"end":{"line":292,"column":65}},{"start":{"line":292,"column":68},"end":{"line":292,"column":72}}],"line":292}},"s":{"0":0,"1":0,"2":0,"3":0,"4":0,"5":0,"6":0,"7":0,"8":0,"9":0,"10":0,"11":0,"12":0,"13":0,"14":0,"15":0,"16":0,"17":0,"18":0,"19":0,"20":0,"21":0,"22":0,"23":0,"24":0,"25":0,"26":0,"27":0,"28":0,"29":0,"30":0,"31":0,"32":0,"33":0,"34":0,"35":0,"36":0,"37":0,"38":0,"39":0,"40":0,"41":0,"42":0,"43":0,"44":0,"45":0,"46":0,"47":0,"48":0,"49":0,"50":0,"51":0,"52":0,"53":0,"54":0,"55":0,"56":0,"57":0,"58":0,"59":0,"60":0,"61":0,"62":0,"63":0,"64":0,"65":0,"66":0,"67":0,"68":0,"69":0,"70":0,"71":0,"72":0,"73":0,"74":0,"75":0,"76":0,"77":0,"78":0,"79":0,"80":0,"81":0,"82":0,"83":0,"84":0,"85":0,"86":0,"87":0,"88":0,"89":0,"90":0,"91":0,"92":0,"93":0,"94":0,"95":0,"96":0,"97":0,"98":0,"99":0,"100":0,"101":0,"102":0,"103":0,"104":0,"105":0,"106":0,"107":0,"108":0,"109":0,"110":0,"111":0,"112":0,"113":0,"114":0,"115":0,"116":0,"117":0,"118":0},"f":{"0":0,"1":0,"2":0,"3":0,"4":0,"5":0,"6":0,"7":0,"8":0,"9":0,"10":0,"11":0},"b":{"0":[0,0],"1":[0,0],"2":[0,0],"3":[0,0],"4":[0,0],"5":[0,0,0],"6":[0,0],"7":[0,0,0,0],"8":[0,0],"9":[0,0],"10":[0,0],"11":[0,0],"12":[0,0],"13":[0,0],"14":[0,0]}}
,"/Users/dmp/Code/react-panneau/src/fields/DateField.jsx": {"path":"/Users/dmp/Code/react-panneau/src/fields/DateField.jsx","statementMap":{"0":{"start":{"line":1,"column":13},"end":{"line":1,"column":75}},"1":{"start":{"line":1,"column":91},"end":{"line":1,"column":131}},"2":{"start":{"line":1,"column":148},"end":{"line":1,"column":181}},"3":{"start":{"line":1,"column":214},"end":{"line":1,"column":270}},"4":{"start":{"line":1,"column":303},"end":{"line":1,"column":352}},"5":{"start":{"line":1,"column":376},"end":{"line":1,"column":423}},"6":{"start":{"line":1,"column":447},"end":{"line":1,"column":487}},"7":{"start":{"line":1,"column":511},"end":{"line":1,"column":558}},"8":{"start":{"line":1,"column":582},"end":{"line":1,"column":622}},"9":{"start":{"line":1,"column":643},"end":{"line":1,"column":687}},"10":{"start":{"line":1,"column":708},"end":{"line":1,"column":745}},"11":{"start":{"line":1,"column":780},"end":{"line":1,"column":838}},"12":{"start":{"line":1,"column":873},"end":{"line":1,"column":924}},"13":{"start":{"line":1,"column":942},"end":{"line":1,"column":983}},"14":{"start":{"line":1,"column":1001},"end":{"line":1,"column":1035}},"15":{"start":{"line":1,"column":1049},"end":{"line":1,"column":1065}},"16":{"start":{"line":1,"column":1080},"end":{"line":1,"column":1110}},"17":{"start":{"line":2,"column":17},"end":{"line":2,"column":38}},"18":{"start":{"line":2,"column":57},"end":{"line":2,"column":91}},"19":{"start":{"line":3,"column":16},"end":{"line":3,"column":42}},"20":{"start":{"line":3,"column":60},"end":{"line":3,"column":93}},"21":{"start":{"line":5,"column":17},"end":{"line":5,"column":40}},"22":{"start":{"line":5,"column":59},"end":{"line":5,"column":93}},"23":{"start":{"line":6,"column":17},"end":{"line":6,"column":39}},"24":{"start":{"line":6,"column":58},"end":{"line":6,"column":92}},"25":{"start":{"line":7,"column":15},"end":{"line":7,"column":43}},"26":{"start":{"line":7,"column":60},"end":{"line":7,"column":92}},"27":{"start":{"line":9,"column":12},"end":{"line":9,"column":49}},"28":{"start":{"line":9,"column":63},"end":{"line":9,"column":92}},"29":{"start":{"line":9,"column":131},"end":{"line":9,"column":185}},"30":{"start":{"line":11,"column":16},"end":{"line":31,"column":40}},"31":{"start":{"line":34,"column":19},"end":{"line":45,"column":20}},"32":{"start":{"line":48,"column":22},"end":{"line":57,"column":1}},"33":{"start":{"line":49,"column":4},"end":{"line":51,"column":5}},"34":{"start":{"line":50,"column":8},"end":{"line":50,"column":20}},"35":{"start":{"line":52,"column":15},"end":{"line":52,"column":26}},"36":{"start":{"line":53,"column":4},"end":{"line":55,"column":5}},"37":{"start":{"line":54,"column":8},"end":{"line":54,"column":20}},"38":{"start":{"line":56,"column":4},"end":{"line":56,"column":16}},"39":{"start":{"line":59,"column":23},"end":{"line":62,"column":1}},"40":{"start":{"line":60,"column":15},"end":{"line":60,"column":43}},"41":{"start":{"line":61,"column":4},"end":{"line":61,"column":54}},"42":{"start":{"line":64,"column":12},"end":{"line":399,"column":50}},"43":{"start":{"line":64,"column":35},"end":{"line":64,"column":82}},"44":{"start":{"line":65,"column":31},"end":{"line":65,"column":78}},"45":{"start":{"line":65,"column":90},"end":{"line":66,"column":15}},"46":{"start":{"line":68,"column":8},"end":{"line":68,"column":52}},"47":{"start":{"line":69,"column":8},"end":{"line":69,"column":62}},"48":{"start":{"line":70,"column":8},"end":{"line":70,"column":62}},"49":{"start":{"line":71,"column":8},"end":{"line":71,"column":72}},"50":{"start":{"line":72,"column":8},"end":{"line":72,"column":62}},"51":{"start":{"line":73,"column":8},"end":{"line":73,"column":60}},"52":{"start":{"line":74,"column":8},"end":{"line":74,"column":70}},"53":{"start":{"line":75,"column":8},"end":{"line":75,"column":50}},"54":{"start":{"line":76,
[...]
,"/Users/dmp/Code/react-panneau/src/fields/index.js": {"path":"/Users/dmp/Code/react-panneau/src/fields/index.js","statementMap":{"0":{"start":{"line":1,"column":13},"end":{"line":1,"column":75}},"1":{"start":{"line":1,"column":75},"end":{"line":1,"column":241}},"2":{"start":{"line":1,"column":260},"end":{"line":1,"column":284}},"3":{"start":{"line":1,"column":305},"end":{"line":1,"column":341}},"4":{"start":{"line":2,"column":17},"end":{"line":2,"column":39}},"5":{"start":{"line":2,"column":58},"end":{"line":2,"column":92}},"6":{"start":{"line":3,"column":18},"end":{"line":3,"column":41}},"7":{"start":{"line":3,"column":61},"end":{"line":3,"column":96}},"8":{"start":{"line":4,"column":17},"end":{"line":4,"column":39}},"9":{"start":{"line":4,"column":58},"end":{"line":4,"column":92}},"10":{"start":{"line":5,"column":19},"end":{"line":5,"column":43}},"11":{"start":{"line":5,"column":64},"end":{"line":5,"column":100}},"12":{"start":{"line":6,"column":17},"end":{"line":6,"column":39}},"13":{"start":{"line":6,"column":58},"end":{"line":6,"column":92}},"14":{"start":{"line":7,"column":19},"end":{"line":7,"column":43}},"15":{"start":{"line":7,"column":64},"end":{"line":7,"column":100}},"16":{"start":{"line":8,"column":19},"end":{"line":8,"column":43}},"17":{"start":{"line":8,"column":64},"end":{"line":8,"column":100}},"18":{"start":{"line":9,"column":18},"end":{"line":9,"column":41}},"19":{"start":{"line":9,"column":61},"end":{"line":9,"column":96}},"20":{"start":{"line":9,"column":135},"end":{"line":9,"column":189}},"21":{"start":{"line":9,"column":190},"end":{"line":12,"column":31}},"22":{"start":{"line":12,"column":31},"end":{"line":13,"column":27}},"23":{"start":{"line":13,"column":27},"end":{"line":14,"column":29}},"24":{"start":{"line":14,"column":29},"end":{"line":15,"column":27}},"25":{"start":{"line":15,"column":27},"end":{"line":16,"column":31}},"26":{"start":{"line":16,"column":31},"end":{"line":17,"column":27}},"27":{"start":{"line":17,"column":27},"end":{"line":18,"column":31}},"28":{"start":{"line":18,"column":31},"end":{"line":19,"column":31}},"29":{"start":{"line":19,"column":31},"end":{"line":20,"column":40}}},"fnMap":{"0":{"name":"_interopRequireDefault","decl":{"start":{"line":9,"column":106},"end":{"line":9,"column":128}},"loc":{"start":{"line":9,"column":134},"end":{"line":9,"column":190}},"line":9}},"branchMap":{"0":{"loc":{"start":{"line":9,"column":142},"end":{"line":9,"column":188}},"type":"cond-expr","locations":[{"start":{"line":9,"column":166},"end":{"line":9,"column":169}},{"start":{"line":9,"column":172},"end":{"line":9,"column":188}}],"line":9},"1":{"loc":{"start":{"line":9,"column":142},"end":{"line":9,"column":163}},"type":"binary-expr","locations":[{"start":{"line":9,"column":142},"end":{"line":9,"column":145}},{"start":{"line":9,"column":149},"end":{"line":9,"column":163}}],"line":9}},"s":{"0":0,"1":0,"2":0,"3":0,"4":0,"5":0,"6":0,"7":0,"8":0,"9":0,"10":0,"11":0,"12":0,"13":0,"14":0,"15":0,"16":0,"17":0,"18":0,"19":0,"20":0,"21":0,"22":0,"23":0,"24":0,"25":0,"26":0,"27":0,"28":0,"29":0},"f":{"0":0},"b":{"0":[0,0],"1":[0,0]}}
,"/Users/dmp/Code/react-panneau/src/lib/FieldsCollection.js": {"path":"/Users/dmp/Code/react-panneau/src/lib/FieldsCollection.js","statementMap":{"0":{"start":{"line":1,"column":13},"end":{"line":1,"column":75}},"1":{"start":{"line":1,"column":98},"end":{"line":1,"column":145}},"2":{"start":{"line":1,"column":169},"end":{"line":1,"column":209}},"3":{"start":{"line":1,"column":230},"end":{"line":1,"column":274}},"4":{"start":{"line":1,"column":295},"end":{"line":1,"column":332}},"5":{"start":{"line":1,"column":371},"end":{"line":1,"column":425}},"6":{"start":{"line":1,"column":449},"end":{"line":29,"column":41}},"7":{"start":{"line":1,"column":462},"end":{"line":4,"column":14}},"8":{"start":{"line":3,"column":12},"end":{"line":3,"column":67}},"9":{"start":{"line":6,"column":39},"end":{"line":6,"column":93}},"10":{"start":{"line":7,"column":8},"end":{"line":7,"column":25}},"11":{"start":{"line":8,"column":8},"end":{"line":8,"column":31}},"12":{"start":{"line":9,"column":5},"end":{"line":29,"column":14}},"13":{"start":{"line":12,"column":12},"end":{"line":12,"column":72}},"14":{"start":{"line":15,"column":29},"end":{"line":15,"column":33}},"15":{"start":{"line":16,"column":12},"end":{"line":18,"column":15}},"16":{"start":{"line":17,"column":16},"end":{"line":17,"column":49}},"17":{"start":{"line":22,"column":12},"end":{"line":22,"column":31}},"18":{"start":{"line":26,"column":32},"end":{"line":26,"column":66}},"19":{"start":{"line":27,"column":27},"end":{"line":27,"column":114}},"20":{"start":{"line":27,"column":78},"end":{"line":27,"column":112}},"21":{"start":{"line":28,"column":12},"end":{"line":28,"column":103}},"22":{"start":{"line":29,"column":14},"end":{"line":29,"column":38}},"23":{"start":{"line":29,"column":42},"end":{"line":33,"column":17}}},"fnMap":{"0":{"name":"_interopRequireDefault","decl":{"start":{"line":1,"column":342},"end":{"line":1,"column":364}},"loc":{"start":{"line":1,"column":370},"end":{"line":1,"column":426}},"line":1},"1":{"name":"(anonymous_1)","decl":{"start":{"line":1,"column":449},"end":{"line":1,"column":450}},"loc":{"start":{"line":1,"column":461},"end":{"line":29,"column":39}},"line":1},"2":{"name":"normalizeKey","decl":{"start":{"line":1,"column":553},"end":{"line":1,"column":565}},"loc":{"start":{"line":2,"column":13},"end":{"line":4,"column":9}},"line":2},"3":{"name":"FieldsCollection","decl":{"start":{"line":6,"column":13},"end":{"line":6,"column":29}},"loc":{"start":{"line":6,"column":38},"end":{"line":9,"column":5}},"line":6},"4":{"name":"addField","decl":{"start":{"line":9,"column":86},"end":{"line":9,"column":94}},"loc":{"start":{"line":11,"column":24},"end":{"line":13,"column":9}},"line":11},"5":{"name":"addFields","decl":{"start":{"line":13,"column":49},"end":{"line":13,"column":58}},"loc":{"start":{"line":15,"column":16},"end":{"line":19,"column":9}},"line":15},"6":{"name":"(anonymous_6)","decl":{"start":{"line":16,"column":46},"end":{"line":16,"column":47}},"loc":{"start":{"line":16,"column":61},"end":{"line":18,"column":13}},"line":16},"7":{"name":"getFields","decl":{"start":{"line":19,"column":49},"end":{"line":19,"column":58}},"loc":{"start":{"line":21,"column":8},"end":{"line":23,"column":9}},"line":21},"8":{"name":"getComponent","decl":{"start":{"line":23,"column":52},"end":{"line":23,"column":64}},"loc":{"start":{"line":25,"column":13},"end":{"line":29,"column":9}},"line":25},"9":{"name":"(anonymous_9)","decl":{"start":{"line":27,"column":57},"end":{"line":27,"column":58}},"loc":{"start":{"line":27,"column":77},"end":{"line":27,"column":113}},"line":27}},"branchMap":{"0":{"loc":{"start":{"line":1,"column":378},"end":{"line":1,"column":424}},"type":"cond-expr","locations":[{"start":{"line":1,"column":402},"end":{"line":1,"column":405}},{"start":{"line":1,"column":408},"end":{"line":1,"column":424}}],"line":1},"1":{"loc":{"start":{"line":1,"column":378},"end":{"line":1,"column":399}},"type":"binary-expr","locations":[{"start":{"line":1,"column":378},"end":{"line":1,"column":381}},{"start":{"line":1,"column":385},"end":{"line":1,"column":399}}],"line":1},"2":{"loc":{"start":{"line":16,"column":24},"end":{"line":16,"column":36}},"type":"binary-expr","locations":[{"start":{"line":16,"column":24},"end":{"line":16,"column":30}},{"start":{"line":16,"column":34},"end":{"line":16,"column":36}}],"line":16},"3":{"loc":{"start":{"line":28,"column":19},"end":{"line":28,"column":102}},"type":"cond-expr","locations":[{"start":{"line":28,"column":74},"end":{"line":28,"column":95}},{"start":{"line":28,"column":98},"end":{"line":28,"column":102}}],"line":28},"4":{"loc":{"start":{"line":28,"column":19},"end":{"line":28,"column":71}},"type":"binary-expr","locations":[{"start":{"line":28,"column":19},"end":{"line":28,"column":50}},{"start":{"line":28,"column":54},"end":{"line":28,"column":71}}],"line":28}},"s":{"0":0,"1":0,"2":0,"3":0,"4":0,"5":0,"6":0,"7":0,"8":0,"9":0,"10":0,"11":0,"12":0,"13":0,"14":0,"15":0,"16":0,"17":0,"18":0,"19":0,"20":0,"21":0,"22":0,"23":0},"f":{"0":0,"1":0,"2":0,"3":0,"4":0,"5":0,"6":0,"7":0,"8":0,"9":0},"b":{"0":[0,0],"1":[0,0],"2":[0,0],"3":[0,0],"4":[0,0]}}
,"/Users/dmp/Code/react-panneau/src/modals/Popover.jsx": {"path":"/Users/dmp/Code/react-panneau/src/modals/Popover.jsx","statementMap":{"0":{"start":{"line":1,"column":13},"end":{"line":1,"column":75}},"1":{"start":{"line":1,"column":91},"end":{"line":1,"column":131}},"2":{"start":{"line":1,"column":148},"end":{"line":1,"column":181}},"3":{"start":{"line":1,"column":205},"end":{"line":1,"column":252}},"4":{"start":{"line":1,"column":276},"end":{"line":1,"column":316}},"5":{"start":{"line":1,"column":349},"end":{"line":1,"column":405}},"6":{"start":{"line":1,"column":438},"end":{"line":1,"column":487}},"7":{"start":{"line":1,"column":501},"end":{"line":1,"column":517}},"8":{"start":{"line":1,"column":532},"end":{"line":1,"column":562}},"9":{"start":{"line":2,"column":17},"end":{"line":2,"column":38}},"10":{"start":{"line":2,"column":57},"end":{"line":2,"column":91}},"11":{"start":{"line":3,"column":18},"end":{"line":3,"column":39}},"12":{"start":{"line":3,"column":59},"end":{"line":3,"column":94}},"13":{"start":{"line":5,"column":27},"end":{"line":5,"column":69}},"14":{"start":{"line":5,"column":98},"end":{"line":5,"column":142}},"15":{"start":{"line":7,"column":15},"end":{"line":7,"column":55}},"16":{"start":{"line":7,"column":72},"end":{"line":7,"column":104}},"17":{"start":{"line":7,"column":143},"end":{"line":7,"column":197}},"18":{"start":{"line":9,"column":16},"end":{"line":13,"column":39}},"19":{"start":{"line":16,"column":19},"end":{"line":19,"column":19}},"20":{"start":{"line":22,"column":14},"end":{"line":42,"column":1}},"21":{"start":{"line":22,"column":69},"end":{"line":22,"column":82}},"22":{"start":{"line":22,"column":95},"end":{"line":22,"column":109}},"23":{"start":{"line":22,"column":121},"end":{"line":22,"column":134}},"24":{"start":{"line":22,"column":145},"end":{"line":22,"column":157}},"25":{"start":{"line":22,"column":166},"end":{"line":22,"column":260}},"26":{"start":{"line":23,"column":27},"end":{"line":25,"column":49}},"27":{"start":{"line":27,"column":4},"end":{"line":36,"column":5}},"28":{"start":{"line":28,"column":8},"end":{"line":31,"column":32}},"29":{"start":{"line":37,"column":4},"end":{"line":39,"column":23}},"30":{"start":{"line":44,"column":0},"end":{"line":44,"column":30}},"31":{"start":{"line":45,"column":0},"end":{"line":45,"column":36}},"32":{"start":{"line":45,"column":36},"end":{"line":47,"column":8}}},"fnMap":{"0":{"name":"_interopRequireDefault","decl":{"start":{"line":7,"column":114},"end":{"line":7,"column":136}},"loc":{"start":{"line":7,"column":142},"end":{"line":7,"column":198}},"line":7},"1":{"name":"Popover","decl":{"start":{"line":22,"column":23},"end":{"line":22,"column":30}},"loc":{"start":{"line":22,"column":37},"end":{"line":42,"column":1}},"line":22}},"branchMap":{"0":{"loc":{"start":{"line":7,"column":150},"end":{"line":7,"column":196}},"type":"cond-expr","locations":[{"start":{"line":7,"column":174},"end":{"line":7,"column":177}},{"start":{"line":7,"column":180},"end":{"line":7,"column":196}}],"line":7},"1":{"loc":{"start":{"line":7,"column":150},"end":{"line":7,"column":171}},"type":"binary-expr","locations":[{"start":{"line":7,"column":150},"end":{"line":7,"column":153}},{"start":{"line":7,"column":157},"end":{"line":7,"column":171}}],"line":7},"2":{"loc":{"start":{"line":27,"column":4},"end":{"line":36,"column":5}},"type":"if","locations":[{"start":{"line":27,"column":4},"end":{"line":36,"column":5}},{"start":{"line":27,"column":4},"end":{"line":36,"column":5}}],"line":27}},"s":{"0":0,"1":0,"2":0,"3":0,"4":0,"5":0,"6":0,"7":0,"8":0,"9":0,"10":0,"11":0,"12":0,"13":0,"14":0,"15":0,"16":0,"17":0,"18":0,"19":0,"20":0,"21":0,"22":0,"23":0,"24":0,"25":0,"26":0,"27":0,"28":0,"29":0,"30":0,"31":0,"32":0},"f":{"0":0,"1":0},"b":{"0":[0,0],"1":[0,0],"2":[0,0]}}
,"/Users/dmp/Code/react-panneau/src/modals/index.js": {"path":"/Users/dmp/Code/react-panneau/src/modals/index.js","statementMap":{},"fnMap":{},"branchMap":{},"s":{},"f":{},"b":{}}
,"/Users/dmp/Code/react-panneau/src/partials/OutsideClickHandler.jsx": {"path":"/Users/dmp/Code/react-panneau/src/partials/OutsideClickHandler.jsx","statementMap":{"0":{"start":{"line":1,"column":13},"end":{"line":1,"column":75}},"1":{"start":{"line":1,"column":98},"end":{"line":1,"column":145}},"2":{"start":{"line":1,"column":169},"end":{"line":1,"column":209}},"3":{"start":{"line":1,"column":230},"end":{"line":1,"column":274}},"4":{"start":{"line":1,"column":295},"end":{"line":1,"column":332}},"5":{"start":{"line":1,"column":367},"end":{"line":1,"column":425}},"6":{"start":{"line":1,"column":460},"end":{"line":1,"column":511}},"7":{"start":{"line":1,"column":529},"end":{"line":1,"column":570}},"8":{"start":{"line":1,"column":588},"end":{"line":1,"column":622}},"9":{"start":{"line":1,"column":636},"end":{"line":1,"column":652}},"10":{"start":{"line":1,"column":667},"end":{"line":1,"column":697}},"11":{"start":{"line":2,"column":17},"end":{"line":2,"column":38}},"12":{"start":{"line":2,"column":57},"end":{"line":2,"column":91}},"13":{"start":{"line":5,"column":26},"end":{"line":5,"column":56}},"14":{"start":{"line":5,"column":95},"end":{"line":5,"column":149}},"15":{"start":{"line":7,"column":16},"end":{"line":9,"column":46}},"16":{"start":{"line":12,"column":19},"end":{"line":14,"column":50}},"17":{"start":{"line":17,"column":22},"end":{"line":59,"column":69}},"18":{"start":{"line":17,"column":51},"end":{"line":17,"column":114}},"19":{"start":{"line":18,"column":45},"end":{"line":18,"column":102}},"20":{"start":{"line":18,"column":102},"end":{"line":18,"column":218}},"21":{"start":{"line":18,"column":188},"end":{"line":18,"column":217}},"22":{"start":{"line":18,"column":230},"end":{"line":19,"column":15}},"23":{"start":{"line":21,"column":8},"end":{"line":21,"column":64}},"24":{"start":{"line":22,"column":8},"end":{"line":22,"column":66}},"25":{"start":{"line":22,"column":66},"end":{"line":22,"column":79}},"26":{"start":{"line":23,"column":5},"end":{"line":59,"column":14}},"27":{"start":{"line":28,"column":12},"end":{"line":32,"column":31}},"28":{"start":{"line":37,"column":12},"end":{"line":37,"column":99}},"29":{"start":{"line":37,"column":35},"end":{"line":37,"column":98}},"30":{"start":{"line":41,"column":29},"end":{"line":41,"column":54}},"31":{"start":{"line":42,"column":24},"end":{"line":42,"column":38}},"32":{"start":{"line":43,"column":37},"end":{"line":43,"column":78}},"33":{"start":{"line":44,"column":12},"end":{"line":46,"column":13}},"34":{"start":{"line":45,"column":16},"end":{"line":45,"column":34}},"35":{"start":{"line":50,"column":12},"end":{"line":50,"column":33}},"36":{"start":{"line":54,"column":12},"end":{"line":56,"column":42}},"37":{"start":{"line":59,"column":14},"end":{"line":59,"column":41}},"38":{"start":{"line":59,"column":70},"end":{"line":59,"column":108}},"39":{"start":{"line":62,"column":0},"end":{"line":62,"column":42}},"40":{"start":{"line":63,"column":0},"end":{"line":63,"column":48}}},"fnMap":{"0":{"name":"_interopRequireDefault","decl":{"start":{"line":5,"column":66},"end":{"line":5,"column":88}},"loc":{"start":{"line":5,"column":94},"end":{"line":5,"column":150}},"line":5},"1":{"name":"onOutsideClick","decl":{"start":{"line":14,"column":29},"end":{"line":14,"column":43}},"loc":{"start":{"line":14,"column":46},"end":{"line":14,"column":48}},"line":14},"2":{"name":"(anonymous_2)","decl":{"start":{"line":17,"column":22},"end":{"line":17,"column":23}},"loc":{"start":{"line":17,"column":50},"end":{"line":59,"column":42}},"line":17},"3":{"name":"OutsideClickHandler","decl":{"start":{"line":18,"column":13},"end":{"line":18,"column":32}},"loc":{"start":{"line":18,"column":35},"end":{"line":23,"column":5}},"line":18},"4":{"name":"componentDidMount","decl":{"start":{"line":23,"column":98},"end":{"line":23,"column":115}},"loc":{"start":{"line":25,"column":8},"end":{"line":34,"column":9}},"line":25},"5":{"name":"componentWillUnmount","decl":{"start":{"line":34,"column":60},"end":{"line":34,"column":80}},"loc":{"start":{"line":36,"column":8},"end":{"line":38,"column":9}},"line":36},"6":{"name":"onOutsideClick","decl":{"start":{"line":38,"column":54},"end":{"line":38,"column":68}},"loc":{"start":{"line":40,"column":11},"end":{"line":47,"column":9}},"line":40},"7":{"name":"setChildNodeRef","decl":{"start":{"line":47,"column":55},"end":{"line":47,"column":70}},"loc":{"start":{"line":49,"column":13},"end":{"line":51,"column":9}},"line":49},"8":{"name":"render","decl":{"start":{"line":51,"column":46},"end":{"line":51,"column":52}},"loc":{"start":{"line":53,"column":8},"end":{"line":59,"column":9}},"line":53}},"branchMap":{"0":{"loc":{"start":{"line":5,"column":102},"end":{"line":5,"column":148}},"type":"cond-expr","locations":[{"start":{"line":5,"column":126},"end":{"line":5,"column":129}},{"start":{"line":5,"column":132},"end":{"line":5,"column":148}}],"line":5},"1":{"loc":{"start":{"line":5,"column":102},"end":{"line":5,"column":123}},"type":"binary-expr","locations":[{"start":{"line":5,"column":102},"end":{"line":5,"column":105}},{"start":{"line":5,"column":109},"end":{"line":5,"column":123}}],"line":5},"2":{"loc":{"start":{"line":18,"column":285},"end":{"line":18,"column":360}},"type":"binary-expr","locations":[{"start":{"line":18,"column":285},"end":{"line":18,"column":314}},{"start":{"line":18,"column":318},"end":{"line":18,"column":360}}],"line":18},"3":{"loc":{"start":{"line":37,"column":12},"end":{"line":37,"column":99}},"type":"if","locations":[{"start":{"line":37,"column":12},"end":{"line":37,"column":99}},{"start":{"line":37,"column":12},"end":{"line":37,"column":99}}],"line":37},"4":{"loc":{"start":{"line":43,"column":37},"end":{"line":43,"column":78}},"type":"binary-expr","locations":[{"start":{"line":43,"column":37},"end":{"line":43,"column":46}},{"start":{"line":43,"column":50},"end":{"line":43,"column":78}}],"line":43},"5":{"loc":{"start":{"line":44,"column":12},"end":{"line":46,"column":13}},"type":"if","locations":[{"start":{"line":44,"column":12},"end":{"line":46,"column":13}},{"start":{"line":44,"column":12},"end":{"line":46,"column":13}}],"line":44}},"s":{"0":0,"1":0,"2":0,"3":0,"4":0,"5":0,"6":0,"7":0,"8":0,"9":0,"10":0,"11":0,"12":0,"13":0,"14":0,"15":0,"16":0,"17":0,"18":0,"19":0,"20":0,"21":0,"22":0,"23":0,"24":0,"25":0,"26":0,"27":0,"28":0,"29":0,"30":0,"31":0,"32":0,"33":0,"34":0,"35":0,"36":0,"37":0,"38":0,"39":0,"40":0},"f":{"0":0,"1":0,"2":0,"3":0,"4":0,"5":0,"6":0,"7":0,"8":0},"b":{"0":[0,0],"1":[0,0],"2":[0,0],"3":[0,0],"4":[0,0],"5":[0,0]}}
,"/Users/dmp/Code/react-panneau/src/utils/index.js": {"path":"/Users/dmp/Code/react-panneau/src/utils/index.js","statementMap":{},"fnMap":{},"branchMap":{},"s":{},"f":{},"b":{}}
}
