TN:
SF:/Users/dmp/Code/react-panneau/src/FieldsGroup.jsx
FN:7,_interopRequireDefault
FN:54,(anonymous_1)
FN:55,FieldsGroup
FN:59,onChange
FN:74,getFieldComponent
FN:88,(anonymous_5)
FN:97,renderNotFound
FN:110,renderField
FN:143,onChange
FN:148,renderColumns
FN:152,(anonymous_10)
FN:156,_loop
FN:159,(anonymous_12)
FN:163,(anonymous_13)
FN:164,(anonymous_14)
FN:166,(anonymous_15)
FN:173,(anonymous_16)
FN:176,(anonymous_17)
FN:178,(anonymous_18)
FN:198,renderFields
FN:210,render
FNF:21
FNH:0
FNDA:0,_interopRequireDefault
FNDA:0,(anonymous_1)
FNDA:0,FieldsGroup
FNDA:0,onChange
FNDA:0,getFieldComponent
FNDA:0,(anonymous_5)
FNDA:0,renderNotFound
FNDA:0,renderField
FNDA:0,onChange
FNDA:0,renderColumns
FNDA:0,(anonymous_10)
FNDA:0,_loop
FNDA:0,(anonymous_12)
FNDA:0,(anonymous_13)
FNDA:0,(anonymous_14)
FNDA:0,(anonymous_15)
FNDA:0,(anonymous_16)
FNDA:0,(anonymous_17)
FNDA:0,(anonymous_18)
FNDA:0,renderFields
FNDA:0,render
DA:1,0
DA:2,0
DA:3,0
DA:4,0
DA:6,0
DA:7,0
DA:9,0
DA:33,0
DA:50,0
DA:54,0
DA:55,0
DA:58,0
DA:59,0
DA:62,0
DA:63,0
DA:64,0
DA:68,0
DA:69,0
DA:71,0
DA:72,0
DA:77,0
DA:79,0
DA:83,0
DA:85,0
DA:86,0
DA:87,0
DA:88,0
DA:91,0
DA:92,0
DA:93,0
DA:96,0
DA:100,0
DA:101,0
DA:103,0
DA:104,0
DA:107,0
DA:112,0
DA:113,0
DA:114,0
DA:115,0
DA:117,0
DA:118,0
DA:121,0
DA:122,0
DA:123,0
DA:126,0
DA:127,0
DA:128,0
DA:129,0
DA:130,0
DA:131,0
DA:133,0
DA:144,0
DA:150,0
DA:151,0
DA:152,0
DA:155,0
DA:156,0
DA:158,0
DA:159,0
DA:162,0
DA:163,0
DA:164,0
DA:165,0
DA:166,0
DA:167,0
DA:168,0
DA:172,0
DA:173,0
DA:176,0
DA:177,0
DA:178,0
DA:179,0
DA:180,0
DA:184,0
DA:186,0
DA:191,0
DA:201,0
DA:202,0
DA:203,0
DA:205,0
DA:218,0
DA:220,0
DA:222,0
DA:227,0
DA:230,0
DA:231,0
DA:232,0
LF:88
LH:0
BRDA:7,0,0,0
BRDA:7,0,1,0
BRDA:7,1,0,0
BRDA:7,1,1,0
BRDA:55,2,0,0
BRDA:55,2,1,0
BRDA:62,3,0,0
BRDA:62,3,1,0
BRDA:63,4,0,0
BRDA:63,4,1,0
BRDA:66,5,0,0
BRDA:66,5,1,0
BRDA:68,6,0,0
BRDA:68,6,1,0
BRDA:71,7,0,0
BRDA:71,7,1,0
BRDA:79,8,0,0
BRDA:79,8,1,0
BRDA:79,8,2,0
BRDA:85,9,0,0
BRDA:85,9,1,0
BRDA:87,10,0,0
BRDA:87,10,1,0
BRDA:91,11,0,0
BRDA:91,11,1,0
BRDA:91,12,0,0
BRDA:91,12,1,0
BRDA:92,13,0,0
BRDA:92,13,1,0
BRDA:96,14,0,0
BRDA:96,14,1,0
BRDA:103,15,0,0
BRDA:103,15,1,0
BRDA:115,16,0,0
BRDA:115,16,1,0
BRDA:117,17,0,0
BRDA:117,17,1,0
BRDA:122,18,0,0
BRDA:122,18,1,0
BRDA:126,19,0,0
BRDA:126,19,1,0
BRDA:127,20,0,0
BRDA:127,20,1,0
BRDA:127,21,0,0
BRDA:127,21,1,0
BRDA:128,22,0,0
BRDA:128,22,1,0
BRDA:128,23,0,0
BRDA:128,23,1,0
BRDA:129,24,0,0
BRDA:129,24,1,0
BRDA:130,25,0,0
BRDA:130,25,1,0
BRDA:130,25,2,0
BRDA:153,26,0,0
BRDA:153,26,1,0
BRDA:160,27,0,0
BRDA:160,27,1,0
BRDA:162,28,0,0
BRDA:162,28,1,0
BRDA:167,29,0,0
BRDA:167,29,1,0
BRDA:176,30,0,0
BRDA:176,30,1,0
BRDA:202,31,0,0
BRDA:202,31,1,0
BRDA:222,32,0,0
BRDA:222,32,1,0
BRF:68
BRH:0
end_of_record
TN:
SF:/Users/dmp/Code/react-panneau/src/FormGroup.jsx
FN:51,(anonymous_0)
FN:61,(anonymous_1)
FN:68,(anonymous_2)
FN:78,(anonymous_3)
FN:88,(anonymous_4)
FN:103,(anonymous_5)
FN:146,(anonymous_6)
FN:160,(anonymous_7)
FNF:8
FNH:6
FNDA:3,(anonymous_0)
FNDA:0,(anonymous_1)
FNDA:3,(anonymous_2)
FNDA:0,(anonymous_3)
FNDA:3,(anonymous_4)
FNDA:3,(anonymous_5)
FNDA:3,(anonymous_6)
FNDA:3,(anonymous_7)
DA:7,2
DA:30,2
DA:52,3
DA:53,3
DA:54,3
DA:56,3
DA:62,0
DA:63,0
DA:69,3
DA:70,3
DA:71,3
DA:73,0
DA:74,0
DA:79,0
DA:80,0
DA:82,0
DA:83,0
DA:89,3
DA:90,3
DA:91,3
DA:93,0
DA:112,3
DA:115,3
DA:120,3
DA:124,3
DA:125,1
DA:128,2
DA:133,2
DA:154,3
DA:156,3
DA:157,0
DA:160,3
DA:164,3
DA:172,3
DA:177,3
DA:181,3
DA:182,0
DA:201,3
DA:216,2
DA:217,2
LF:40
LH:29
BRDA:70,0,0,3
BRDA:70,0,1,0
BRDA:70,1,0,3
BRDA:70,1,1,3
BRDA:73,2,0,0
BRDA:73,2,1,0
BRDA:79,3,0,0
BRDA:79,3,1,0
BRDA:79,4,0,0
BRDA:79,4,1,0
BRDA:90,5,0,3
BRDA:90,5,1,0
BRDA:115,6,0,0
BRDA:115,6,1,3
BRDA:120,7,0,0
BRDA:120,7,1,3
BRDA:124,8,0,1
BRDA:124,8,1,2
BRDA:136,9,0,0
BRDA:136,9,1,2
BRDA:156,10,0,0
BRDA:156,10,1,3
BRDA:160,11,0,3
BRDA:160,11,1,0
BRDA:167,12,0,3
BRDA:167,12,1,3
BRDA:178,13,0,0
BRDA:178,13,1,3
BRDA:181,14,0,0
BRDA:181,14,1,3
BRDA:204,15,0,3
BRDA:204,15,1,0
BRF:32
BRH:16
end_of_record
TN:
SF:/Users/dmp/Code/react-panneau/src/index.js
FN:13,_interopRequireDefault
FNF:1
FNH:0
FNDA:0,_interopRequireDefault
DA:1,0
DA:2,0
DA:3,0
DA:4,0
DA:6,0
DA:7,0
DA:8,0
DA:9,0
DA:10,0
DA:11,0
DA:12,0
DA:13,0
DA:16,0
DA:17,0
DA:18,0
DA:19,0
DA:21,0
DA:22,0
DA:23,0
DA:24,0
DA:25,0
DA:26,0
DA:27,0
LF:23
LH:0
BRDA:13,0,0,0
BRDA:13,0,1,0
BRDA:13,1,0,0
BRDA:13,1,1,0
BRF:4
BRH:0
end_of_record
TN:
SF:/Users/dmp/Code/react-panneau/src/withFieldsCollection.jsx
FN:25,_interopRequireDefault
FN:25,getDisplayName
FN:25,withFieldsCollection
FN:31,(anonymous_3)
FN:31,getWrappedInstance
FN:41,WithFieldsCollection
FN:44,getChildContext
FN:54,render
FN:61,(anonymous_8)
FNF:9
FNH:0
FNDA:0,_interopRequireDefault
FNDA:0,getDisplayName
FNDA:0,withFieldsCollection
FNDA:0,(anonymous_3)
FNDA:0,getWrappedInstance
FNDA:0,WithFieldsCollection
FNDA:0,getChildContext
FNDA:0,render
FNDA:0,(anonymous_8)
DA:1,0
DA:25,0
DA:26,0
DA:31,0
DA:33,0
DA:38,0
DA:41,0
DA:43,0
DA:44,0
DA:47,0
DA:56,0
DA:57,0
DA:60,0
DA:61,0
DA:62,0
DA:66,0
DA:72,0
DA:75,0
DA:76,0
DA:77,0
DA:78,0
DA:79,0
DA:81,0
DA:83,0
LF:24
LH:0
BRDA:25,0,0,0
BRDA:25,0,1,0
BRDA:25,1,0,0
BRDA:25,1,1,0
BRDA:25,2,0,0
BRDA:25,2,1,0
BRDA:25,2,2,0
BRDA:41,3,0,0
BRDA:41,3,1,0
BRDA:49,4,0,0
BRDA:49,4,1,0
BRDA:49,4,2,0
BRDA:60,5,0,0
BRDA:60,5,1,0
BRF:14
BRH:0
end_of_record
TN:
SF:/Users/dmp/Code/react-panneau/src/fields/CodeField.jsx
FN:7,_interopRequireDefault
FN:51,(anonymous_1)
FN:51,parse
FN:59,CodeField
FN:71,componentDidMount
FN:75,(anonymous_5)
FN:76,(anonymous_6)
FN:79,(anonymous_7)
FN:79,(anonymous_8)
FN:80,(anonymous_9)
FN:83,(anonymous_10)
FN:83,(anonymous_11)
FN:84,(anonymous_12)
FN:84,(anonymous_13)
FN:85,(anonymous_14)
FN:90,componentWillUnmount
FN:94,onChange
FN:107,(anonymous_17)
FN:121,renderField
FN:156,render
FNF:20
FNH:0
FNDA:0,_interopRequireDefault
FNDA:0,(anonymous_1)
FNDA:0,parse
FNDA:0,CodeField
FNDA:0,componentDidMount
FNDA:0,(anonymous_5)
FNDA:0,(anonymous_6)
FNDA:0,(anonymous_7)
FNDA:0,(anonymous_8)
FNDA:0,(anonymous_9)
FNDA:0,(anonymous_10)
FNDA:0,(anonymous_11)
FNDA:0,(anonymous_12)
FNDA:0,(anonymous_13)
FNDA:0,(anonymous_14)
FNDA:0,componentWillUnmount
FNDA:0,onChange
FNDA:0,(anonymous_17)
FNDA:0,renderField
FNDA:0,render
DA:1,0
DA:2,0
DA:3,0
DA:4,0
DA:5,0
DA:7,0
DA:16,0
DA:38,0
DA:51,0
DA:53,0
DA:54,0
DA:56,0
DA:59,0
DA:62,0
DA:63,0
DA:65,0
DA:67,0
DA:69,0
DA:71,0
DA:73,0
DA:74,0
DA:75,0
DA:77,0
DA:79,0
DA:81,0
DA:83,0
DA:84,0
DA:86,0
DA:102,0
DA:104,0
DA:105,0
DA:108,0
DA:109,0
DA:110,0
DA:112,0
DA:114,0
DA:115,0
DA:118,0
DA:119,0
DA:133,0
DA:135,0
DA:137,0
DA:139,0
DA:140,0
DA:142,0
DA:144,0
DA:163,0
DA:165,0
DA:167,0
DA:172,0
DA:175,0
DA:176,0
LF:52
LH:0
BRDA:7,0,0,0
BRDA:7,0,1,0
BRDA:7,1,0,0
BRDA:7,1,1,0
BRDA:53,2,0,0
BRDA:53,2,1,0
BRDA:53,3,0,0
BRDA:53,3,1,0
BRDA:56,4,0,0
BRDA:56,4,1,0
BRDA:56,5,0,0
BRDA:56,5,1,0
BRDA:59,6,0,0
BRDA:59,6,1,0
BRDA:69,7,0,0
BRDA:69,7,1,0
BRDA:69,8,0,0
BRDA:69,8,1,0
BRDA:104,9,0,0
BRDA:104,9,1,0
BRDA:104,10,0,0
BRDA:104,10,1,0
BRDA:114,11,0,0
BRDA:114,11,1,0
BRDA:118,12,0,0
BRDA:118,12,1,0
BRDA:137,13,0,0
BRDA:137,13,1,0
BRDA:137,14,0,0
BRDA:137,14,1,0
BRDA:139,15,0,0
BRDA:139,15,1,0
BRDA:140,16,0,0
BRDA:140,16,1,0
BRDA:149,17,0,0
BRDA:149,17,1,0
BRDA:169,18,0,0
BRDA:169,18,1,0
BRF:38
BRH:0
end_of_record
TN:
SF:/Users/dmp/Code/react-panneau/src/fields/ColorField.jsx
FN:22,_interopRequireDefault
FN:85,(anonymous_1)
FN:85,parse
FN:109,ColorField
FN:122,onChange
FN:129,onInputChange
FN:135,onClickClear
FN:139,onClick
FN:145,onClose
FN:151,formatColor
FN:175,renderPopover
FN:209,render
FNF:12
FNH:0
FNDA:0,_interopRequireDefault
FNDA:0,(anonymous_1)
FNDA:0,parse
FNDA:0,ColorField
FNDA:0,onChange
FNDA:0,onInputChange
FNDA:0,onClickClear
FNDA:0,onClick
FNDA:0,onClose
FNDA:0,formatColor
FNDA:0,renderPopover
FNDA:0,render
DA:1,0
DA:2,0
DA:3,0
DA:14,0
DA:15,0
DA:16,0
DA:17,0
DA:19,0
DA:21,0
DA:22,0
DA:31,0
DA:43,0
DA:67,0
DA:85,0
DA:87,0
DA:93,0
DA:94,0
DA:95,0
DA:96,0
DA:97,0
DA:98,0
DA:99,0
DA:102,0
DA:106,0
DA:109,0
DA:112,0
DA:113,0
DA:114,0
DA:115,0
DA:116,0
DA:117,0
DA:119,0
DA:120,0
DA:122,0
DA:125,0
DA:126,0
DA:127,0
DA:132,0
DA:133,0
DA:138,0
DA:142,0
DA:148,0
DA:154,0
DA:156,0
DA:157,0
DA:159,0
DA:160,0
DA:162,0
DA:163,0
DA:165,0
DA:166,0
DA:168,0
DA:169,0
DA:171,0
DA:174,0
DA:184,0
DA:185,0
DA:186,0
DA:188,0
DA:189,0
DA:190,0
DA:191,0
DA:192,0
DA:195,0
DA:223,0
DA:225,0
DA:227,0
DA:229,0
DA:233,0
DA:238,0
DA:244,0
DA:273,0
DA:296,0
DA:299,0
DA:300,0
LF:75
LH:0
BRDA:22,0,0,0
BRDA:22,0,1,0
BRDA:22,1,0,0
BRDA:22,1,1,0
BRDA:93,2,0,0
BRDA:93,2,1,0
BRDA:109,3,0,0
BRDA:109,3,1,0
BRDA:126,4,0,0
BRDA:126,4,1,0
BRDA:126,5,0,0
BRDA:126,5,1,0
BRDA:126,5,2,0
BRDA:132,6,0,0
BRDA:132,6,1,0
BRDA:157,7,0,0
BRDA:157,7,1,0
BRDA:157,7,2,0
BRDA:157,7,3,0
BRDA:168,8,0,0
BRDA:168,8,1,0
BRDA:189,9,0,0
BRDA:189,9,1,0
BRDA:191,10,0,0
BRDA:191,10,1,0
BRDA:230,11,0,0
BRDA:230,11,1,0
BRDA:265,12,0,0
BRDA:265,12,1,0
BRDA:281,13,0,0
BRDA:281,13,1,0
BRDA:292,14,0,0
BRDA:292,14,1,0
BRF:33
BRH:0
end_of_record
TN:
SF:/Users/dmp/Code/react-panneau/src/fields/DateField.jsx
FN:9,_interopRequireDefault
FN:48,getMomentOrNull
FN:59,getDateFormatted
FN:64,(anonymous_3)
FN:65,DateField
FN:90,componentDidMount
FN:100,(anonymous_6)
FN:101,(anonymous_7)
FN:103,(anonymous_8)
FN:105,(anonymous_9)
FN:117,onChange
FN:125,(anonymous_11)
FN:130,onRangeChange
FN:148,(anonymous_13)
FN:153,onInputChange
FN:161,(anonymous_15)
FN:166,onInputRangeChange
FN:183,(anonymous_17)
FN:193,onFocusChange
FN:199,onInputFocus
FN:205,onInputRangeFocus
FN:212,onClose
FN:226,renderInput
FN:245,onStartChange
FN:246,onEndChange
FN:247,onStartFocus
FN:248,onEndFocus
FN:249,onStartClickInputButton
FN:250,onEndClickInputButton
FN:277,ref
FN:289,ref
FN:316,ref
FN:325,renderPopover
FN:370,render
FNF:34
FNH:0
FNDA:0,_interopRequireDefault
FNDA:0,getMomentOrNull
FNDA:0,getDateFormatted
FNDA:0,(anonymous_3)
FNDA:0,DateField
FNDA:0,componentDidMount
FNDA:0,(anonymous_6)
FNDA:0,(anonymous_7)
FNDA:0,(anonymous_8)
FNDA:0,(anonymous_9)
FNDA:0,onChange
FNDA:0,(anonymous_11)
FNDA:0,onRangeChange
FNDA:0,(anonymous_13)
FNDA:0,onInputChange
FNDA:0,(anonymous_15)
FNDA:0,onInputRangeChange
FNDA:0,(anonymous_17)
FNDA:0,onFocusChange
FNDA:0,onInputFocus
FNDA:0,onInputRangeFocus
FNDA:0,onClose
FNDA:0,renderInput
FNDA:0,onStartChange
FNDA:0,onEndChange
FNDA:0,onStartFocus
FNDA:0,onEndFocus
FNDA:0,onStartClickInputButton
FNDA:0,onEndClickInputButton
FNDA:0,ref
FNDA:0,ref
FNDA:0,ref
FNDA:0,renderPopover
FNDA:0,render
DA:1,0
DA:2,0
DA:3,0
DA:5,0
DA:6,0
DA:7,0
DA:9,0
DA:11,0
DA:34,0
DA:48,0
DA:49,0
DA:50,0
DA:52,0
DA:53,0
DA:54,0
DA:56,0
DA:59,0
DA:60,0
DA:61,0
DA:64,0
DA:65,0
DA:68,0
DA:69,0
DA:70,0
DA:71,0
DA:72,0
DA:73,0
DA:74,0
DA:75,0
DA:76,0
DA:77,0
DA:78,0
DA:79,0
DA:80,0
DA:82,0
DA:88,0
DA:90,0
DA:92,0
DA:93,0
DA:94,0
DA:95,0
DA:96,0
DA:98,0
DA:100,0
DA:102,0
DA:103,0
DA:106,0
DA:107,0
DA:119,0
DA:120,0
DA:121,0
DA:122,0
DA:126,0
DA:127,0
DA:132,0
DA:133,0
DA:134,0
DA:135,0
DA:139,0
DA:145,0
DA:149,0
DA:150,0
DA:155,0
DA:156,0
DA:157,0
DA:158,0
DA:162,0
DA:163,0
DA:168,0
DA:169,0
DA:170,0
DA:171,0
DA:172,0
DA:176,0
DA:180,0
DA:184,0
DA:189,0
DA:190,0
DA:196,0
DA:202,0
DA:208,0
DA:215,0
DA:220,0
DA:222,0
DA:228,0
DA:236,0
DA:240,0
DA:242,0
DA:243,0
DA:244,0
DA:245,0
DA:246,0
DA:247,0
DA:248,0
DA:249,0
DA:250,0
DA:253,0
DA:263,0
DA:272,0
DA:277,0
DA:289,0
DA:305,0
DA:314,0
DA:316,0
DA:341,0
DA:342,0
DA:344,0
DA:346,0
DA:359,0
DA:381,0
DA:382,0
DA:384,0
DA:385,0
DA:388,0
DA:399,0
DA:402,0
DA:403,0
LF:117
LH:0
BRDA:9,0,0,0
BRDA:9,0,1,0
BRDA:9,1,0,0
BRDA:9,1,1,0
BRDA:49,2,0,0
BRDA:49,2,1,0
BRDA:49,3,0,0
BRDA:49,3,1,0
BRDA:53,4,0,0
BRDA:53,4,1,0
BRDA:61,5,0,0
BRDA:61,5,1,0
BRDA:65,6,0,0
BRDA:65,6,1,0
BRDA:95,7,0,0
BRDA:95,7,1,0
BRDA:109,8,0,0
BRDA:109,8,1,0
BRDA:110,9,0,0
BRDA:110,9,1,0
BRDA:112,10,0,0
BRDA:112,10,1,0
BRDA:121,11,0,0
BRDA:121,11,1,0
BRDA:126,12,0,0
BRDA:126,12,1,0
BRDA:136,13,0,0
BRDA:136,13,1,0
BRDA:137,14,0,0
BRDA:137,14,1,0
BRDA:140,15,0,0
BRDA:140,15,1,0
BRDA:140,16,0,0
BRDA:140,16,1,0
BRDA:142,17,0,0
BRDA:142,17,1,0
BRDA:142,18,0,0
BRDA:142,18,1,0
BRDA:149,19,0,0
BRDA:149,19,1,0
BRDA:162,20,0,0
BRDA:162,20,1,0
BRDA:171,21,0,0
BRDA:171,21,1,0
BRDA:171,22,0,0
BRDA:171,22,1,0
BRDA:178,23,0,0
BRDA:178,23,1,0
BRDA:178,24,0,0
BRDA:178,24,1,0
BRDA:186,25,0,0
BRDA:186,25,1,0
BRDA:186,26,0,0
BRDA:186,26,1,0
BRDA:189,27,0,0
BRDA:189,27,1,0
BRDA:197,28,0,0
BRDA:197,28,1,0
BRDA:215,29,0,0
BRDA:215,29,1,0
BRDA:216,30,0,0
BRDA:216,30,1,0
BRDA:216,30,2,0
BRDA:216,30,3,0
BRDA:216,30,4,0
BRDA:216,30,5,0
BRDA:242,31,0,0
BRDA:242,31,1,0
BRDA:243,32,0,0
BRDA:243,32,1,0
BRDA:243,33,0,0
BRDA:243,33,1,0
BRDA:244,34,0,0
BRDA:244,34,1,0
BRDA:244,35,0,0
BRDA:244,35,1,0
BRDA:346,36,0,0
BRDA:346,36,1,0
BRDA:384,37,0,0
BRDA:384,37,1,0
BRDA:396,38,0,0
BRDA:396,38,1,0
BRF:82
BRH:0
end_of_record
TN:
SF:/Users/dmp/Code/react-panneau/src/fields/LocaleField.jsx
FN:9,_interopRequireDefault
FN:42,(anonymous_1)
FN:43,LocaleField
FN:56,onLocaleClick
FN:63,onFieldChange
FN:75,renderLocaleField
FN:96,fieldOnChange
FN:119,renderLocaleButton
FN:132,onClick
FN:142,render
FNF:10
FNH:0
FNDA:0,_interopRequireDefault
FNDA:0,(anonymous_1)
FNDA:0,LocaleField
FNDA:0,onLocaleClick
FNDA:0,onFieldChange
FNDA:0,renderLocaleField
FNDA:0,fieldOnChange
FNDA:0,renderLocaleButton
FNDA:0,onClick
FNDA:0,render
DA:1,0
DA:2,0
DA:3,0
DA:4,0
DA:5,0
DA:7,0
DA:9,0
DA:11,0
DA:28,0
DA:42,0
DA:43,0
DA:46,0
DA:47,0
DA:48,0
DA:49,0
DA:51,0
DA:53,0
DA:54,0
DA:56,0
DA:59,0
DA:60,0
DA:66,0
DA:67,0
DA:72,0
DA:73,0
DA:77,0
DA:78,0
DA:79,0
DA:94,0
DA:96,0
DA:97,0
DA:98,0
DA:99,0
DA:105,0
DA:107,0
DA:121,0
DA:122,0
DA:123,0
DA:124,0
DA:125,0
DA:132,0
DA:133,0
DA:134,0
DA:137,0
DA:150,0
DA:152,0
DA:153,0
DA:154,0
DA:158,0
DA:167,0
DA:171,0
DA:181,0
DA:184,0
DA:185,0
LF:54
LH:0
BRDA:9,0,0,0
BRDA:9,0,1,0
BRDA:9,1,0,0
BRDA:9,1,1,0
BRDA:43,2,0,0
BRDA:43,2,1,0
BRDA:51,3,0,0
BRDA:51,3,1,0
BRDA:51,4,0,0
BRDA:51,4,1,0
BRDA:54,5,0,0
BRDA:54,5,1,0
BRDA:66,6,0,0
BRDA:66,6,1,0
BRDA:72,7,0,0
BRDA:72,7,1,0
BRDA:80,8,0,0
BRDA:80,8,1,0
BRDA:105,9,0,0
BRDA:105,9,1,0
BRDA:105,9,2,0
BRDA:109,10,0,0
BRDA:109,10,1,0
BRDA:158,11,0,0
BRDA:158,11,1,0
BRF:25
BRH:0
end_of_record
TN:
SF:/Users/dmp/Code/react-panneau/src/fields/SelectField.jsx
FN:85,(anonymous_0)
FN:99,(anonymous_1)
FN:115,(anonymous_2)
FN:123,(anonymous_3)
FN:132,(anonymous_4)
FN:139,(anonymous_5)
FN:146,(anonymous_6)
FN:169,(anonymous_7)
FN:177,(anonymous_8)
FN:193,(anonymous_9)
FN:198,(anonymous_10)
FN:205,(anonymous_11)
FNF:12
FNH:5
FNDA:1,(anonymous_0)
FNDA:1,(anonymous_1)
FNDA:1,(anonymous_2)
FNDA:0,(anonymous_3)
FNDA:0,(anonymous_4)
FNDA:0,(anonymous_5)
FNDA:0,(anonymous_6)
FNDA:0,(anonymous_7)
FNDA:1,(anonymous_8)
FNDA:0,(anonymous_9)
FNDA:0,(anonymous_10)
FNDA:2,(anonymous_11)
DA:7,1
DA:14,1
DA:48,1
DA:86,1
DA:87,1
DA:88,1
DA:89,1
DA:91,1
DA:93,1
DA:103,1
DA:105,1
DA:106,0
DA:107,1
DA:108,0
DA:109,1
DA:110,0
DA:112,1
DA:114,1
DA:116,1
DA:117,1
DA:124,0
DA:125,0
DA:126,0
DA:133,0
DA:134,0
DA:140,0
DA:141,0
DA:147,0
DA:149,0
DA:150,0
DA:151,0
DA:152,0
DA:153,0
DA:154,0
DA:156,0
DA:159,0
DA:160,0
DA:161,0
DA:164,0
DA:165,0
DA:170,0
DA:171,0
DA:172,0
DA:174,0
DA:182,1
DA:185,1
DA:186,1
DA:187,1
DA:188,0
DA:190,1
DA:194,0
DA:195,0
DA:196,0
DA:197,0
DA:198,0
DA:202,0
DA:206,2
DA:207,2
DA:208,1
DA:224,1
DA:226,1
DA:227,1
DA:229,1
DA:230,1
DA:231,1
DA:235,1
DA:237,1
DA:243,1
DA:245,1
DA:270,1
DA:271,1
LF:71
LH:37
BRDA:105,0,0,0
BRDA:105,0,1,1
BRDA:105,1,0,1
BRDA:105,1,1,0
BRDA:107,2,0,0
BRDA:107,2,1,1
BRDA:109,3,0,0
BRDA:109,3,1,1
BRDA:125,4,0,0
BRDA:125,4,1,0
BRDA:140,5,0,0
BRDA:140,5,1,0
BRDA:149,6,0,0
BRDA:149,6,1,0
BRDA:149,7,0,0
BRDA:149,7,1,0
BRDA:151,8,0,0
BRDA:151,8,1,0
BRDA:151,9,0,0
BRDA:151,9,1,0
BRDA:151,9,2,0
BRDA:153,10,0,0
BRDA:153,10,1,0
BRDA:159,11,0,0
BRDA:159,11,1,0
BRDA:159,12,0,0
BRDA:159,12,1,0
BRDA:161,13,0,0
BRDA:161,13,1,0
BRDA:164,14,0,0
BRDA:164,14,1,0
BRDA:171,15,0,0
BRDA:171,15,1,0
BRDA:174,16,0,0
BRDA:174,16,1,0
BRDA:174,17,0,0
BRDA:174,17,1,0
BRDA:187,18,0,0
BRDA:187,18,1,1
BRDA:187,19,0,1
BRDA:187,19,1,1
BRDA:195,20,0,0
BRDA:195,20,1,0
BRDA:197,21,0,0
BRDA:197,21,1,0
BRDA:207,22,0,1
BRDA:207,22,1,1
BRDA:227,23,0,0
BRDA:227,23,1,1
BRDA:229,24,0,1
BRDA:229,24,1,0
BRDA:229,24,2,0
BRDA:230,25,0,0
BRDA:230,25,1,1
BRDA:231,26,0,0
BRDA:231,26,1,1
BRDA:231,27,0,1
BRDA:231,27,1,0
BRDA:231,27,2,0
BRDA:237,28,0,0
BRDA:237,28,1,1
BRF:61
BRH:15
end_of_record
TN:
SF:/Users/dmp/Code/react-panneau/src/fields/SliderField.jsx
FN:5,_interopRequireDefault
FN:39,(anonymous_1)
FN:40,SliderField
FN:50,componentDidMount
FN:55,(anonymous_4)
FN:56,(anonymous_5)
FN:62,onChange
FN:70,render
FNF:8
FNH:0
FNDA:0,_interopRequireDefault
FNDA:0,(anonymous_1)
FNDA:0,SliderField
FNDA:0,componentDidMount
FNDA:0,(anonymous_4)
FNDA:0,(anonymous_5)
FNDA:0,onChange
FNDA:0,render
DA:1,0
DA:2,0
DA:3,0
DA:5,0
DA:7,0
DA:27,0
DA:39,0
DA:40,0
DA:43,0
DA:44,0
DA:45,0
DA:47,0
DA:48,0
DA:50,0
DA:52,0
DA:53,0
DA:54,0
DA:55,0
DA:57,0
DA:58,0
DA:65,0
DA:66,0
DA:67,0
DA:68,0
DA:79,0
DA:80,0
DA:82,0
DA:83,0
DA:86,0
DA:87,0
DA:89,0
DA:103,0
DA:106,0
DA:107,0
LF:34
LH:0
BRDA:5,0,0,0
BRDA:5,0,1,0
BRDA:5,1,0,0
BRDA:5,1,1,0
BRDA:40,2,0,0
BRDA:40,2,1,0
BRDA:54,3,0,0
BRDA:54,3,1,0
BRDA:66,4,0,0
BRDA:66,4,1,0
BRDA:66,5,0,0
BRDA:66,5,1,0
BRDA:66,5,2,0
BRDA:67,6,0,0
BRDA:67,6,1,0
BRDA:82,7,0,0
BRDA:82,7,1,0
BRDA:87,8,0,0
BRDA:87,8,1,0
BRDA:87,9,0,0
BRDA:87,9,1,0
BRF:21
BRH:0
end_of_record
TN:
SF:/Users/dmp/Code/react-panneau/src/fields/TextField.jsx
FN:67,(anonymous_0)
FN:76,(anonymous_1)
FN:88,(anonymous_2)
FN:93,(anonymous_3)
FN:106,(anonymous_4)
FN:113,(anonymous_5)
FN:117,(anonymous_6)
FN:124,(anonymous_7)
FN:131,(anonymous_8)
FN:135,(anonymous_9)
FN:155,(anonymous_10)
FN:180,(anonymous_11)
FN:200,(anonymous_12)
FN:242,(anonymous_13)
FNF:14
FNH:7
FNDA:5,(anonymous_0)
FNDA:5,(anonymous_1)
FNDA:5,(anonymous_2)
FNDA:0,(anonymous_3)
FNDA:0,(anonymous_4)
FNDA:0,(anonymous_5)
FNDA:1,(anonymous_6)
FNDA:0,(anonymous_7)
FNDA:0,(anonymous_8)
FNDA:5,(anonymous_9)
FNDA:2,(anonymous_10)
FNDA:0,(anonymous_11)
FNDA:0,(anonymous_12)
FNDA:5,(anonymous_13)
DA:15,1
DA:44,1
DA:68,5
DA:69,3
DA:70,2
DA:71,0
DA:73,2
DA:77,5
DA:79,5
DA:80,5
DA:81,5
DA:83,5
DA:84,5
DA:85,5
DA:89,5
DA:90,5
DA:91,0
DA:92,0
DA:94,0
DA:95,0
DA:96,0
DA:100,0
DA:101,0
DA:107,0
DA:108,0
DA:109,0
DA:114,0
DA:118,1
DA:119,1
DA:120,1
DA:125,0
DA:126,0
DA:127,0
DA:132,0
DA:145,5
DA:146,5
DA:148,5
DA:154,5
DA:155,2
DA:167,5
DA:168,5
DA:169,0
DA:174,5
DA:175,0
DA:180,0
DA:190,5
DA:197,5
DA:207,0
DA:209,0
DA:215,0
DA:221,0
DA:224,0
DA:227,0
DA:233,0
DA:249,5
DA:250,5
DA:251,5
DA:252,5
DA:265,1
DA:266,1
LF:60
LH:34
BRDA:68,0,0,3
BRDA:68,0,1,2
BRDA:68,1,0,5
BRDA:68,1,1,2
BRDA:70,2,0,0
BRDA:70,2,1,2
BRDA:90,3,0,0
BRDA:90,3,1,5
BRDA:98,4,0,0
BRDA:98,4,1,0
BRDA:108,5,0,0
BRDA:108,5,1,0
BRDA:118,6,0,1
BRDA:118,6,1,0
BRDA:119,7,0,1
BRDA:119,7,1,0
BRDA:126,8,0,0
BRDA:126,8,1,0
BRDA:168,9,0,0
BRDA:168,9,1,5
BRDA:174,10,0,0
BRDA:174,10,1,5
BRDA:210,11,0,0
BRDA:210,11,1,0
BRDA:211,12,0,0
BRDA:211,12,1,0
BRDA:216,13,0,0
BRDA:216,13,1,0
BRDA:217,14,0,0
BRDA:217,14,1,0
BRDA:221,15,0,0
BRDA:221,15,1,0
BRDA:224,16,0,0
BRDA:224,16,1,0
BRDA:251,17,0,0
BRDA:251,17,1,5
BRDA:251,18,0,5
BRDA:251,18,1,5
BRF:38
BRH:13
end_of_record
TN:
SF:/Users/dmp/Code/react-panneau/src/fields/TextLocaleField.jsx
FN:4,_interopRequireDefault
FN:6,TextLocaleField
FNF:2
FNH:0
FNDA:0,_interopRequireDefault
FNDA:0,TextLocaleField
DA:1,0
DA:3,0
DA:4,0
DA:6,0
DA:9,0
LF:5
LH:0
BRDA:4,0,0,0
BRDA:4,0,1,0
BRDA:4,1,0,0
BRDA:4,1,1,0
BRF:4
BRH:0
end_of_record
TN:
SF:/Users/dmp/Code/react-panneau/src/fields/ToggleField.jsx
FN:5,_interopRequireDefault
FN:53,(anonymous_1)
FN:53,parse
FN:66,ToggleField
FN:74,componentDidMount
FN:79,(anonymous_5)
FN:80,(anonymous_6)
FN:87,onChange
FN:95,renderSelect
FN:122,renderSwitch
FN:145,render
FNF:11
FNH:0
FNDA:0,_interopRequireDefault
FNDA:0,(anonymous_1)
FNDA:0,parse
FNDA:0,ToggleField
FNDA:0,componentDidMount
FNDA:0,(anonymous_5)
FNDA:0,(anonymous_6)
FNDA:0,onChange
FNDA:0,renderSelect
FNDA:0,renderSwitch
FNDA:0,render
DA:1,0
DA:2,0
DA:3,0
DA:4,0
DA:5,0
DA:14,0
DA:37,0
DA:53,0
DA:55,0
DA:61,0
DA:63,0
DA:66,0
DA:68,0
DA:69,0
DA:71,0
DA:72,0
DA:74,0
DA:76,0
DA:77,0
DA:78,0
DA:79,0
DA:81,0
DA:82,0
DA:90,0
DA:91,0
DA:92,0
DA:93,0
DA:108,0
DA:109,0
DA:110,0
DA:135,0
DA:136,0
DA:137,0
DA:138,0
DA:148,0
DA:149,0
DA:150,0
DA:162,0
DA:164,0
DA:165,0
DA:166,0
DA:167,0
DA:168,0
DA:171,0
DA:183,0
DA:186,0
DA:187,0
LF:47
LH:0
BRDA:5,0,0,0
BRDA:5,0,1,0
BRDA:5,1,0,0
BRDA:5,1,1,0
BRDA:55,2,0,0
BRDA:55,2,1,0
BRDA:56,3,0,0
BRDA:56,3,1,0
BRDA:56,3,2,0
BRDA:56,3,3,0
BRDA:66,4,0,0
BRDA:66,4,1,0
BRDA:78,5,0,0
BRDA:78,5,1,0
BRDA:90,6,0,0
BRDA:90,6,1,0
BRDA:90,7,0,0
BRDA:90,7,1,0
BRDA:91,8,0,0
BRDA:91,8,1,0
BRDA:91,9,0,0
BRDA:91,9,1,0
BRDA:92,10,0,0
BRDA:92,10,1,0
BRDA:109,11,0,0
BRDA:109,11,1,0
BRDA:137,12,0,0
BRDA:137,12,1,0
BRDA:149,13,0,0
BRDA:149,13,1,0
BRDA:165,14,0,0
BRDA:165,14,1,0
BRDA:167,15,0,0
BRDA:167,15,1,0
BRF:34
BRH:0
end_of_record
TN:
SF:/Users/dmp/Code/react-panneau/src/fields/collection.js
FN:10,_interopRequireDefault
FNF:1
FNH:0
FNDA:0,_interopRequireDefault
DA:1,0
DA:3,0
DA:4,0
DA:5,0
DA:6,0
DA:7,0
DA:8,0
DA:9,0
DA:10,0
DA:12,0
DA:23,0
LF:11
LH:0
BRDA:10,0,0,0
BRDA:10,0,1,0
BRDA:10,1,0,0
BRDA:10,1,1,0
BRF:4
BRH:0
end_of_record
TN:
SF:/Users/dmp/Code/react-panneau/src/fields/index.js
FN:9,_interopRequireDefault
FNF:1
FNH:0
FNDA:0,_interopRequireDefault
DA:1,0
DA:2,0
DA:3,0
DA:4,0
DA:5,0
DA:6,0
DA:7,0
DA:8,0
DA:9,0
DA:12,0
DA:13,0
DA:14,0
DA:15,0
DA:16,0
DA:17,0
DA:18,0
DA:19,0
LF:17
LH:0
BRDA:9,0,0,0
BRDA:9,0,1,0
BRDA:9,1,0,0
BRDA:9,1,1,0
BRF:4
BRH:0
end_of_record
TN:
SF:/Users/dmp/Code/react-panneau/src/lib/FieldsCollection.js
FN:1,_interopRequireDefault
FN:1,(anonymous_1)
FN:1,normalizeKey
FN:6,FieldsCollection
FN:9,addField
FN:13,addFields
FN:16,(anonymous_6)
FN:19,getFields
FN:23,getComponent
FN:27,(anonymous_9)
FNF:10
FNH:0
FNDA:0,_interopRequireDefault
FNDA:0,(anonymous_1)
FNDA:0,normalizeKey
FNDA:0,FieldsCollection
FNDA:0,addField
FNDA:0,addFields
FNDA:0,(anonymous_6)
FNDA:0,getFields
FNDA:0,getComponent
FNDA:0,(anonymous_9)
DA:1,0
DA:3,0
DA:6,0
DA:7,0
DA:8,0
DA:9,0
DA:12,0
DA:15,0
DA:16,0
DA:17,0
DA:22,0
DA:26,0
DA:27,0
DA:28,0
DA:29,0
LF:15
LH:0
BRDA:1,0,0,0
BRDA:1,0,1,0
BRDA:1,1,0,0
BRDA:1,1,1,0
BRDA:16,2,0,0
BRDA:16,2,1,0
BRDA:28,3,0,0
BRDA:28,3,1,0
BRDA:28,4,0,0
BRDA:28,4,1,0
BRF:10
BRH:0
end_of_record
TN:
SF:/Users/dmp/Code/react-panneau/src/modals/Popover.jsx
FN:7,_interopRequireDefault
FN:22,Popover
FNF:2
FNH:0
FNDA:0,_interopRequireDefault
FNDA:0,Popover
DA:1,0
DA:2,0
DA:3,0
DA:5,0
DA:7,0
DA:9,0
DA:16,0
DA:22,0
DA:23,0
DA:27,0
DA:28,0
DA:37,0
DA:44,0
DA:45,0
LF:14
LH:0
BRDA:7,0,0,0
BRDA:7,0,1,0
BRDA:7,1,0,0
BRDA:7,1,1,0
BRDA:27,2,0,0
BRDA:27,2,1,0
BRF:6
BRH:0
end_of_record
TN:
SF:/Users/dmp/Code/react-panneau/src/modals/index.js
FNF:0
FNH:0
LF:0
LH:0
BRF:0
BRH:0
end_of_record
TN:
SF:/Users/dmp/Code/react-panneau/src/partials/OutsideClickHandler.jsx
FN:5,_interopRequireDefault
FN:14,onOutsideClick
FN:17,(anonymous_2)
FN:18,OutsideClickHandler
FN:23,componentDidMount
FN:34,componentWillUnmount
FN:38,onOutsideClick
FN:47,setChildNodeRef
FN:51,render
FNF:9
FNH:0
FNDA:0,_interopRequireDefault
FNDA:0,onOutsideClick
FNDA:0,(anonymous_2)
FNDA:0,OutsideClickHandler
FNDA:0,componentDidMount
FNDA:0,componentWillUnmount
FNDA:0,onOutsideClick
FNDA:0,setChildNodeRef
FNDA:0,render
DA:1,0
DA:2,0
DA:5,0
DA:7,0
DA:12,0
DA:17,0
DA:18,0
DA:21,0
DA:22,0
DA:23,0
DA:28,0
DA:37,0
DA:41,0
DA:42,0
DA:43,0
DA:44,0
DA:45,0
DA:50,0
DA:54,0
DA:59,0
DA:62,0
DA:63,0
LF:22
LH:0
BRDA:5,0,0,0
BRDA:5,0,1,0
BRDA:5,1,0,0
BRDA:5,1,1,0
BRDA:18,2,0,0
BRDA:18,2,1,0
BRDA:37,3,0,0
BRDA:37,3,1,0
BRDA:43,4,0,0
BRDA:43,4,1,0
BRDA:44,5,0,0
BRDA:44,5,1,0
BRF:12
BRH:0
end_of_record
TN:
SF:/Users/dmp/Code/react-panneau/src/utils/index.js
FNF:0
FNH:0
LF:0
LH:0
BRF:0
BRH:0
end_of_record
